# JRE version: OpenJDK Runtime Environment (21.0.6) (build 21.0.6+-13368085-b895.109)
# Java VM: OpenJDK 64-Bit Server VM (21.0.6+-13368085-b895.109, mixed mode, tiered, compressed oops, compressed class ptrs, g1 gc, windows-amd64)
GC Precious Log:
 CardTable entry size: 512
 Card Set container configuration: InlinePtr #cards 5 size 8 Array Of Cards #cards 12 size 40 Howl #buckets 4 coarsen threshold 1843 Howl Bitmap #cards 512 size 80 coarsen threshold 460 Card regions per heap region 1 cards per card region 2048
 CPUs: 2 total, 2 available
 Memory: 3920M
 Large Page Support: Disabled
 NUMA Support: Disabled
 Compressed Oops: Enabled (32-bit)
 Heap Region Size: 1M
 Heap Min Capacity: 8M
 Heap Initial Capacity: 62M
 Heap Max Capacity: 2G
 Pre-touch: Disabled
 Parallel Workers: 2
 Concurrent Workers: 1
 Concurrent Refinement Workers: 2
 Periodic GC: Disabled
Heap:
 garbage-first heap   total 117760K, used 78810K [0x0000000080000000, 0x0000000100000000)
  region size 1024K, 3 young (3072K), 3 survivors (3072K)
 Metaspace       used 82223K, committed 84032K, reserved 1179648K
  class space    used 11018K, committed 11904K, reserved 1048576K
GC Heap History (20 events):
Event: 39.636 GC heap after
{Heap after GC invocations=24 (full 0):
 garbage-first heap   total 76800K, used 47532K [0x0000000080000000, 0x0000000100000000)
  region size 1024K, 3 young (3072K), 3 survivors (3072K)
 Metaspace       used 66764K, committed 68416K, reserved 1114112K
  class space    used 9035K, committed 9856K, reserved 1048576K
}
Event: 40.901 GC heap before
{Heap before GC invocations=25 (full 0):
 garbage-first heap   total 80896K, used 68012K [0x0000000080000000, 0x0000000100000000)
  region size 1024K, 23 young (23552K), 3 survivors (3072K)
 Metaspace       used 66908K, committed 68544K, reserved 1114112K
  class space    used 9035K, committed 9856K, reserved 1048576K
}
Event: 40.912 GC heap after
{Heap after GC invocations=26 (full 0):
 garbage-first heap   total 80896K, used 47877K [0x0000000080000000, 0x0000000100000000)
  region size 1024K, 3 young (3072K), 3 survivors (3072K)
 Metaspace       used 66908K, committed 68544K, reserved 1114112K
  class space    used 9035K, committed 9856K, reserved 1048576K
}
Event: 42.315 GC heap before
{Heap before GC invocations=26 (full 0):
 garbage-first heap   total 80896K, used 70405K [0x0000000080000000, 0x0000000100000000)
  region size 1024K, 26 young (26624K), 3 survivors (3072K)
 Metaspace       used 66958K, committed 68608K, reserved 1114112K
  class space    used 9035K, committed 9856K, reserved 1048576K
}
Event: 42.328 GC heap after
{Heap after GC invocations=27 (full 0):
 garbage-first heap   total 97280K, used 47020K [0x0000000080000000, 0x0000000100000000)
  region size 1024K, 3 young (3072K), 3 survivors (3072K)
 Metaspace       used 66958K, committed 68608K, reserved 1114112K
  class space    used 9035K, committed 9856K, reserved 1048576K
}
Event: 43.972 GC heap before
{Heap before GC invocations=27 (full 0):
 garbage-first heap   total 97280K, used 84908K [0x0000000080000000, 0x0000000100000000)
  region size 1024K, 41 young (41984K), 3 survivors (3072K)
 Metaspace       used 66961K, committed 68608K, reserved 1114112K
  class space    used 9036K, committed 9856K, reserved 1048576K
}
Event: 43.986 GC heap after
{Heap after GC invocations=28 (full 0):
 garbage-first heap   total 97280K, used 48060K [0x0000000080000000, 0x0000000100000000)
  region size 1024K, 4 young (4096K), 4 survivors (4096K)
 Metaspace       used 66961K, committed 68608K, reserved 1114112K
  class space    used 9036K, committed 9856K, reserved 1048576K
}
Event: 45.170 GC heap before
{Heap before GC invocations=28 (full 0):
 garbage-first heap   total 97280K, used 82876K [0x0000000080000000, 0x0000000100000000)
  region size 1024K, 40 young (40960K), 4 survivors (4096K)
 Metaspace       used 67242K, committed 68928K, reserved 1114112K
  class space    used 9075K, committed 9920K, reserved 1048576K
}
Event: 45.185 GC heap after
{Heap after GC invocations=29 (full 0):
 garbage-first heap   total 97280K, used 49156K [0x0000000080000000, 0x0000000100000000)
  region size 1024K, 5 young (5120K), 5 survivors (5120K)
 Metaspace       used 67242K, committed 68928K, reserved 1114112K
  class space    used 9075K, committed 9920K, reserved 1048576K
}
Event: 47.209 GC heap before
{Heap before GC invocations=30 (full 0):
 garbage-first heap   total 97280K, used 95236K [0x0000000080000000, 0x0000000100000000)
  region size 1024K, 38 young (38912K), 5 survivors (5120K)
 Metaspace       used 69225K, committed 70912K, reserved 1114112K
  class space    used 9337K, committed 10176K, reserved 1048576K
}
Event: 47.325 GC heap after
{Heap after GC invocations=31 (full 0):
 garbage-first heap   total 109568K, used 69282K [0x0000000080000000, 0x0000000100000000)
  region size 1024K, 5 young (5120K), 5 survivors (5120K)
 Metaspace       used 69225K, committed 70912K, reserved 1114112K
  class space    used 9337K, committed 10176K, reserved 1048576K
}
Event: 48.883 GC heap before
{Heap before GC invocations=31 (full 0):
 garbage-first heap   total 109568K, used 95906K [0x0000000080000000, 0x0000000100000000)
  region size 1024K, 32 young (32768K), 5 survivors (5120K)
 Metaspace       used 71738K, committed 73472K, reserved 1114112K
  class space    used 9646K, committed 10496K, reserved 1048576K
}
Event: 48.903 GC heap after
{Heap after GC invocations=32 (full 0):
 garbage-first heap   total 109568K, used 69714K [0x0000000080000000, 0x0000000100000000)
  region size 1024K, 2 young (2048K), 2 survivors (2048K)
 Metaspace       used 71738K, committed 73472K, reserved 1114112K
  class space    used 9646K, committed 10496K, reserved 1048576K
}
Event: 52.027 GC heap before
{Heap before GC invocations=32 (full 0):
 garbage-first heap   total 109568K, used 97362K [0x0000000080000000, 0x0000000100000000)
  region size 1024K, 30 young (30720K), 2 survivors (2048K)
 Metaspace       used 74993K, committed 76672K, reserved 1179648K
  class space    used 10055K, committed 10880K, reserved 1048576K
}
Event: 52.039 GC heap after
{Heap after GC invocations=33 (full 0):
 garbage-first heap   total 109568K, used 70203K [0x0000000080000000, 0x0000000100000000)
  region size 1024K, 2 young (2048K), 2 survivors (2048K)
 Metaspace       used 74993K, committed 76672K, reserved 1179648K
  class space    used 10055K, committed 10880K, reserved 1048576K
}
Event: 53.241 GC heap before
{Heap before GC invocations=34 (full 0):
 garbage-first heap   total 117760K, used 103995K [0x0000000080000000, 0x0000000100000000)
  region size 1024K, 31 young (31744K), 2 survivors (2048K)
 Metaspace       used 77458K, committed 79232K, reserved 1179648K
  class space    used 10404K, committed 11264K, reserved 1048576K
}
Event: 53.258 GC heap after
{Heap after GC invocations=35 (full 0):
 garbage-first heap   total 117760K, used 75529K [0x0000000080000000, 0x0000000100000000)
  region size 1024K, 4 young (4096K), 4 survivors (4096K)
 Metaspace       used 77458K, committed 79232K, reserved 1179648K
  class space    used 10404K, committed 11264K, reserved 1048576K
}
Event: 54.546 GC heap before
{Heap before GC invocations=35 (full 0):
 garbage-first heap   total 117760K, used 105225K [0x0000000080000000, 0x0000000100000000)
  region size 1024K, 34 young (34816K), 4 survivors (4096K)
 Metaspace       used 79851K, committed 81664K, reserved 1179648K
  class space    used 10721K, committed 11584K, reserved 1048576K
}
Event: 54.567 GC heap after
{Heap after GC invocations=36 (full 0):
 garbage-first heap   total 117760K, used 76774K [0x0000000080000000, 0x0000000100000000)
  region size 1024K, 4 young (4096K), 4 survivors (4096K)
 Metaspace       used 79851K, committed 81664K, reserved 1179648K
  class space    used 10721K, committed 11584K, reserved 1048576K
}
Event: 57.050 GC heap before
{Heap before GC invocations=36 (full 0):
 garbage-first heap   total 117760K, used 106470K [0x0000000080000000, 0x0000000100000000)
  region size 1024K, 33 young (33792K), 4 survivors (4096K)
 Metaspace       used 82223K, committed 84032K, reserved 1179648K
  class space    used 11018K, committed 11904K, reserved 1048576K
}

