# JRE version: OpenJDK Runtime Environment (21.0.6) (build 21.0.6+-13368085-b895.109)
# Java VM: OpenJDK 64-Bit Server VM (21.0.6+-13368085-b895.109, mixed mode, tiered, compressed oops, compressed class ptrs, g1 gc, windows-amd64)
GC Precious Log:
 CardTable entry size: 512
 Card Set container configuration: InlinePtr #cards 5 size 8 Array Of Cards #cards 12 size 40 Howl #buckets 4 coarsen threshold 1843 Howl Bitmap #cards 512 size 80 coarsen threshold 460 Card regions per heap region 1 cards per card region 2048
 CPUs: 2 total, 2 available
 Memory: 3920M
 Large Page Support: Disabled
 NUMA Support: Disabled
 Compressed Oops: Enabled (32-bit)
 Heap Region Size: 1M
 Heap Min Capacity: 8M
 Heap Initial Capacity: 62M
 Heap Max Capacity: 2G
 Pre-touch: Disabled
 Parallel Workers: 2
 Concurrent Workers: 1
 Concurrent Refinement Workers: 2
 Periodic GC: Disabled
Heap:
 garbage-first heap   total 368640K, used 251904K [0x0000000080000000, 0x0000000100000000)
  region size 1024K, 9 young (9216K), 9 survivors (9216K)
 Metaspace       used 124642K, committed 126912K, reserved 1179648K
  class space    used 17135K, committed 18304K, reserved 1048576K
GC Heap History (20 events):
Event: 82.161 GC heap after
{Heap after GC invocations=54 (full 0):
 garbage-first heap   total 184320K, used 111520K [0x0000000080000000, 0x0000000100000000)
  region size 1024K, 4 young (4096K), 4 survivors (4096K)
 Metaspace       used 112848K, committed 115008K, reserved 1179648K
  class space    used 15458K, committed 16576K, reserved 1048576K
}
Event: 85.065 GC heap before
{Heap before GC invocations=54 (full 0):
 garbage-first heap   total 184320K, used 168864K [0x0000000080000000, 0x0000000100000000)
  region size 1024K, 61 young (62464K), 4 survivors (4096K)
 Metaspace       used 112903K, committed 115072K, reserved 1179648K
  class space    used 15459K, committed 16576K, reserved 1048576K
}
Event: 85.091 GC heap after
{Heap after GC invocations=55 (full 0):
 garbage-first heap   total 184320K, used 111926K [0x0000000080000000, 0x0000000100000000)
  region size 1024K, 6 young (6144K), 6 survivors (6144K)
 Metaspace       used 112903K, committed 115072K, reserved 1179648K
  class space    used 15459K, committed 16576K, reserved 1048576K
}
Event: 87.030 GC heap before
{Heap before GC invocations=55 (full 0):
 garbage-first heap   total 184320K, used 154934K [0x0000000080000000, 0x0000000100000000)
  region size 1024K, 50 young (51200K), 6 survivors (6144K)
 Metaspace       used 113233K, committed 115456K, reserved 1179648K
  class space    used 15514K, committed 16640K, reserved 1048576K
}
Event: 87.053 GC heap after
{Heap after GC invocations=56 (full 0):
 garbage-first heap   total 184320K, used 113901K [0x0000000080000000, 0x0000000100000000)
  region size 1024K, 6 young (6144K), 6 survivors (6144K)
 Metaspace       used 113233K, committed 115456K, reserved 1179648K
  class space    used 15514K, committed 16640K, reserved 1048576K
}
Event: 90.645 GC heap before
{Heap before GC invocations=57 (full 0):
 garbage-first heap   total 199680K, used 184557K [0x0000000080000000, 0x0000000100000000)
  region size 1024K, 57 young (58368K), 6 survivors (6144K)
 Metaspace       used 117395K, committed 119616K, reserved 1179648K
  class space    used 15985K, committed 17152K, reserved 1048576K
}
Event: 90.673 GC heap after
{Heap after GC invocations=58 (full 0):
 garbage-first heap   total 199680K, used 135904K [0x0000000080000000, 0x0000000100000000)
  region size 1024K, 8 young (8192K), 8 survivors (8192K)
 Metaspace       used 117395K, committed 119616K, reserved 1179648K
  class space    used 15985K, committed 17152K, reserved 1048576K
}
Event: 91.170 GC heap before
{Heap before GC invocations=58 (full 0):
 garbage-first heap   total 199680K, used 198368K [0x0000000080000000, 0x0000000100000000)
  region size 1024K, 35 young (35840K), 8 survivors (8192K)
 Metaspace       used 118418K, committed 120704K, reserved 1179648K
  class space    used 16131K, committed 17280K, reserved 1048576K
}
Event: 91.210 GC heap after
{Heap after GC invocations=59 (full 0):
 garbage-first heap   total 219136K, used 157607K [0x0000000080000000, 0x0000000100000000)
  region size 1024K, 7 young (7168K), 7 survivors (7168K)
 Metaspace       used 118418K, committed 120704K, reserved 1179648K
  class space    used 16131K, committed 17280K, reserved 1048576K
}
Event: 91.872 GC heap before
{Heap before GC invocations=59 (full 0):
 garbage-first heap   total 219136K, used 185255K [0x0000000080000000, 0x0000000100000000)
  region size 1024K, 35 young (35840K), 7 survivors (7168K)
 Metaspace       used 118421K, committed 120704K, reserved 1179648K
  class space    used 16131K, committed 17280K, reserved 1048576K
}
Event: 91.941 GC heap after
{Heap after GC invocations=60 (full 0):
 garbage-first heap   total 219136K, used 167936K [0x0000000080000000, 0x0000000100000000)
  region size 1024K, 6 young (6144K), 6 survivors (6144K)
 Metaspace       used 118421K, committed 120704K, reserved 1179648K
  class space    used 16131K, committed 17280K, reserved 1048576K
}
Event: 93.030 GC heap before
{Heap before GC invocations=61 (full 0):
 garbage-first heap   total 281600K, used 199680K [0x0000000080000000, 0x0000000100000000)
  region size 1024K, 35 young (35840K), 6 survivors (6144K)
 Metaspace       used 118421K, committed 120704K, reserved 1179648K
  class space    used 16131K, committed 17280K, reserved 1048576K
}
Event: 93.246 GC heap after
{Heap after GC invocations=62 (full 0):
 garbage-first heap   total 281600K, used 181248K [0x0000000080000000, 0x0000000100000000)
  region size 1024K, 5 young (5120K), 5 survivors (5120K)
 Metaspace       used 118421K, committed 120704K, reserved 1179648K
  class space    used 16131K, committed 17280K, reserved 1048576K
}
Event: 95.944 GC heap before
{Heap before GC invocations=62 (full 0):
 garbage-first heap   total 281600K, used 234496K [0x0000000080000000, 0x0000000100000000)
  region size 1024K, 58 young (59392K), 5 survivors (5120K)
 Metaspace       used 121174K, committed 123456K, reserved 1179648K
  class space    used 16683K, committed 17856K, reserved 1048576K
}
Event: 96.063 GC heap after
{Heap after GC invocations=63 (full 0):
 garbage-first heap   total 281600K, used 200192K [0x0000000080000000, 0x0000000100000000)
  region size 1024K, 8 young (8192K), 8 survivors (8192K)
 Metaspace       used 121174K, committed 123456K, reserved 1179648K
  class space    used 16683K, committed 17856K, reserved 1048576K
}
Event: 97.211 GC heap before
{Heap before GC invocations=63 (full 0):
 garbage-first heap   total 281600K, used 241152K [0x0000000080000000, 0x0000000100000000)
  region size 1024K, 48 young (49152K), 8 survivors (8192K)
 Metaspace       used 121187K, committed 123456K, reserved 1179648K
  class space    used 16684K, committed 17856K, reserved 1048576K
}
Event: 97.340 GC heap after
{Heap after GC invocations=64 (full 0):
 garbage-first heap   total 281600K, used 220672K [0x0000000080000000, 0x0000000100000000)
  region size 1024K, 6 young (6144K), 6 survivors (6144K)
 Metaspace       used 121187K, committed 123456K, reserved 1179648K
  class space    used 16684K, committed 17856K, reserved 1048576K
}
Event: 99.100 GC heap before
{Heap before GC invocations=65 (full 0):
 garbage-first heap   total 368640K, used 249344K [0x0000000080000000, 0x0000000100000000)
  region size 1024K, 34 young (34816K), 6 survivors (6144K)
 Metaspace       used 121189K, committed 123456K, reserved 1179648K
  class space    used 16684K, committed 17856K, reserved 1048576K
}
Event: 99.251 GC heap after
{Heap after GC invocations=66 (full 0):
 garbage-first heap   total 368640K, used 235520K [0x0000000080000000, 0x0000000100000000)
  region size 1024K, 5 young (5120K), 5 survivors (5120K)
 Metaspace       used 121189K, committed 123456K, reserved 1179648K
  class space    used 16684K, committed 17856K, reserved 1048576K
}
Event: 102.992 GC heap before
{Heap before GC invocations=66 (full 0):
 garbage-first heap   total 368640K, used 297984K [0x0000000080000000, 0x0000000100000000)
  region size 1024K, 67 young (68608K), 5 survivors (5120K)
 Metaspace       used 124642K, committed 126912K, reserved 1179648K
  class space    used 17135K, committed 18304K, reserved 1048576K
}

