# JRE version: OpenJDK Runtime Environment (21.0.6) (build 21.0.6+-13368085-b895.109)
# Java VM: OpenJDK 64-Bit Server VM (21.0.6+-13368085-b895.109, mixed mode, tiered, compressed oops, compressed class ptrs, g1 gc, windows-amd64)
GC Precious Log:
 CardTable entry size: 512
 Card Set container configuration: InlinePtr #cards 5 size 8 Array Of Cards #cards 12 size 40 Howl #buckets 4 coarsen threshold 1843 Howl Bitmap #cards 512 size 80 coarsen threshold 460 Card regions per heap region 1 cards per card region 2048
 CPUs: 2 total, 2 available
 Memory: 3920M
 Large Page Support: Disabled
 NUMA Support: Disabled
 Compressed Oops: Enabled (32-bit)
 Heap Region Size: 1M
 Heap Min Capacity: 8M
 Heap Initial Capacity: 62M
 Heap Max Capacity: 2G
 Pre-touch: Disabled
 Parallel Workers: 2
 Concurrent Workers: 1
 Concurrent Refinement Workers: 2
 Periodic GC: Disabled
Heap:
 garbage-first heap   total 314368K, used 165888K [0x0000000080000000, 0x0000000100000000)
  region size 1024K, 2 young (2048K), 2 survivors (2048K)
 Metaspace       used 135629K, committed 137152K, reserved 1179648K
  class space    used 17529K, committed 18496K, reserved 1048576K
GC Heap History (20 events):
Event: 127.141 GC heap after
{Heap after GC invocations=63 (full 0):
 garbage-first heap   total 290816K, used 143872K [0x0000000080000000, 0x0000000100000000)
  region size 1024K, 6 young (6144K), 6 survivors (6144K)
 Metaspace       used 128004K, committed 130304K, reserved 1179648K
  class space    used 16928K, committed 18112K, reserved 1048576K
}
Event: 133.854 GC heap before
{Heap before GC invocations=63 (full 0):
 garbage-first heap   total 290816K, used 207360K [0x0000000080000000, 0x0000000100000000)
  region size 1024K, 70 young (71680K), 6 survivors (6144K)
 Metaspace       used 129948K, committed 132224K, reserved 1179648K
  class space    used 17171K, committed 18304K, reserved 1048576K
}
Event: 133.907 GC heap after
{Heap after GC invocations=64 (full 0):
 garbage-first heap   total 290816K, used 146432K [0x0000000080000000, 0x0000000100000000)
  region size 1024K, 8 young (8192K), 8 survivors (8192K)
 Metaspace       used 129948K, committed 132224K, reserved 1179648K
  class space    used 17171K, committed 18304K, reserved 1048576K
}
Event: 2765.615 GC heap before
{Heap before GC invocations=65 (full 0):
 garbage-first heap   total 290816K, used 268288K [0x0000000080000000, 0x0000000100000000)
  region size 1024K, 122 young (124928K), 8 survivors (8192K)
 Metaspace       used 131256K, committed 133568K, reserved 1179648K
  class space    used 17339K, committed 18496K, reserved 1048576K
}
Event: 2766.562 GC heap after
{Heap after GC invocations=66 (full 0):
 garbage-first heap   total 290816K, used 139264K [0x0000000080000000, 0x0000000100000000)
  region size 1024K, 10 young (10240K), 10 survivors (10240K)
 Metaspace       used 131256K, committed 133568K, reserved 1179648K
  class space    used 17339K, committed 18496K, reserved 1048576K
}
Event: 2780.730 GC heap before
{Heap before GC invocations=66 (full 0):
 garbage-first heap   total 290816K, used 267264K [0x0000000080000000, 0x0000000100000000)
  region size 1024K, 133 young (136192K), 10 survivors (10240K)
 Metaspace       used 131725K, committed 134016K, reserved 1179648K
  class space    used 17340K, committed 18496K, reserved 1048576K
}
Event: 2781.146 GC heap after
{Heap after GC invocations=67 (full 0):
 garbage-first heap   total 314368K, used 173568K [0x0000000080000000, 0x0000000100000000)
  region size 1024K, 17 young (17408K), 17 survivors (17408K)
 Metaspace       used 131725K, committed 134016K, reserved 1179648K
  class space    used 17340K, committed 18496K, reserved 1048576K
}
Event: 2788.081 GC heap before
{Heap before GC invocations=67 (full 0):
 garbage-first heap   total 314368K, used 247296K [0x0000000080000000, 0x0000000100000000)
  region size 1024K, 65 young (66560K), 17 survivors (17408K)
 Metaspace       used 131850K, committed 134080K, reserved 1179648K
  class space    used 17345K, committed 18496K, reserved 1048576K
}
Event: 2788.248 GC heap after
{Heap after GC invocations=68 (full 0):
 garbage-first heap   total 314368K, used 173568K [0x0000000080000000, 0x0000000100000000)
  region size 1024K, 6 young (6144K), 6 survivors (6144K)
 Metaspace       used 131850K, committed 134080K, reserved 1179648K
  class space    used 17345K, committed 18496K, reserved 1048576K
}
Event: 2788.899 GC heap before
{Heap before GC invocations=68 (full 0):
 garbage-first heap   total 314368K, used 181760K [0x0000000080000000, 0x0000000100000000)
  region size 1024K, 15 young (15360K), 6 survivors (6144K)
 Metaspace       used 131865K, committed 134144K, reserved 1179648K
  class space    used 17345K, committed 18496K, reserved 1048576K
}
Event: 2788.975 GC heap after
{Heap after GC invocations=69 (full 0):
 garbage-first heap   total 314368K, used 175616K [0x0000000080000000, 0x0000000100000000)
  region size 1024K, 2 young (2048K), 2 survivors (2048K)
 Metaspace       used 131865K, committed 134144K, reserved 1179648K
  class space    used 17345K, committed 18496K, reserved 1048576K
}
Event: 2807.419 GC heap before
{Heap before GC invocations=70 (full 0):
 garbage-first heap   total 314368K, used 187904K [0x0000000080000000, 0x0000000100000000)
  region size 1024K, 15 young (15360K), 2 survivors (2048K)
 Metaspace       used 128889K, committed 134208K, reserved 1179648K
  class space    used 16632K, committed 18496K, reserved 1048576K
}
Event: 2807.482 GC heap after
{Heap after GC invocations=71 (full 0):
 garbage-first heap   total 314368K, used 177664K [0x0000000080000000, 0x0000000100000000)
  region size 1024K, 2 young (2048K), 2 survivors (2048K)
 Metaspace       used 128889K, committed 134208K, reserved 1179648K
  class space    used 16632K, committed 18496K, reserved 1048576K
}
Event: 2825.352 GC heap before
{Heap before GC invocations=71 (full 0):
 garbage-first heap   total 314368K, used 270848K [0x0000000080000000, 0x0000000100000000)
  region size 1024K, 94 young (96256K), 2 survivors (2048K)
 Metaspace       used 133305K, committed 135104K, reserved 1179648K
  class space    used 17221K, committed 18496K, reserved 1048576K
}
Event: 2825.663 GC heap after
{Heap after GC invocations=72 (full 0):
 garbage-first heap   total 314368K, used 164710K [0x0000000080000000, 0x0000000100000000)
  region size 1024K, 5 young (5120K), 5 survivors (5120K)
 Metaspace       used 133305K, committed 135104K, reserved 1179648K
  class space    used 17221K, committed 18496K, reserved 1048576K
}
Event: 2827.071 GC heap before
{Heap before GC invocations=72 (full 0):
 garbage-first heap   total 314368K, used 174950K [0x0000000080000000, 0x0000000100000000)
  region size 1024K, 15 young (15360K), 5 survivors (5120K)
 Metaspace       used 133744K, committed 135552K, reserved 1179648K
  class space    used 17288K, committed 18496K, reserved 1048576K
}
Event: 2827.235 GC heap after
{Heap after GC invocations=73 (full 0):
 garbage-first heap   total 314368K, used 164352K [0x0000000080000000, 0x0000000100000000)
  region size 1024K, 2 young (2048K), 2 survivors (2048K)
 Metaspace       used 133744K, committed 135552K, reserved 1179648K
  class space    used 17288K, committed 18496K, reserved 1048576K
}
Event: 2829.480 GC heap before
{Heap before GC invocations=73 (full 0):
 garbage-first heap   total 314368K, used 183808K [0x0000000080000000, 0x0000000100000000)
  region size 1024K, 21 young (21504K), 2 survivors (2048K)
 Metaspace       used 134375K, committed 136064K, reserved 1179648K
  class space    used 17368K, committed 18496K, reserved 1048576K
}
Event: 2829.632 GC heap after
{Heap after GC invocations=74 (full 0):
 garbage-first heap   total 314368K, used 165888K [0x0000000080000000, 0x0000000100000000)
  region size 1024K, 3 young (3072K), 3 survivors (3072K)
 Metaspace       used 134375K, committed 136064K, reserved 1179648K
  class space    used 17368K, committed 18496K, reserved 1048576K
}
Event: 2830.495 GC heap before
{Heap before GC invocations=74 (full 0):
 garbage-first heap   total 314368K, used 178176K [0x0000000080000000, 0x0000000100000000)
  region size 1024K, 16 young (16384K), 3 survivors (3072K)
 Metaspace       used 135629K, committed 137152K, reserved 1179648K
  class space    used 17529K, committed 18496K, reserved 1048576K
}

