# JRE version: OpenJDK Runtime Environment (21.0.6) (build 21.0.6+-13368085-b895.109)
# Java VM: OpenJDK 64-Bit Server VM (21.0.6+-13368085-b895.109, mixed mode, tiered, compressed oops, compressed class ptrs, g1 gc, windows-amd64)
GC Precious Log:
 CardTable entry size: 512
 Card Set container configuration: InlinePtr #cards 5 size 8 Array Of Cards #cards 12 size 40 Howl #buckets 4 coarsen threshold 1843 Howl Bitmap #cards 512 size 80 coarsen threshold 460 Card regions per heap region 1 cards per card region 2048
 CPUs: 2 total, 2 available
 Memory: 3920M
 Large Page Support: Disabled
 NUMA Support: Disabled
 Compressed Oops: Enabled (32-bit)
 Heap Region Size: 1M
 Heap Min Capacity: 8M
 Heap Initial Capacity: 62M
 Heap Max Capacity: 2G
 Pre-touch: Disabled
 Parallel Workers: 2
 Concurrent Workers: 1
 Concurrent Refinement Workers: 2
 Periodic GC: Disabled
Heap:
 garbage-first heap   total 337920K, used 257536K [0x0000000080000000, 0x0000000100000000)
  region size 1024K, 8 young (8192K), 8 survivors (8192K)
 Metaspace       used 123511K, committed 125696K, reserved 1179648K
  class space    used 16933K, committed 18048K, reserved 1048576K
GC Heap History (20 events):
Event: 61.288 GC heap after
{Heap after GC invocations=51 (full 0):
 garbage-first heap   total 174080K, used 106452K [0x0000000080000000, 0x0000000100000000)
  region size 1024K, 6 young (6144K), 6 survivors (6144K)
 Metaspace       used 112519K, committed 114624K, reserved 1179648K
  class space    used 15398K, committed 16448K, reserved 1048576K
}
Event: 62.492 GC heap before
{Heap before GC invocations=51 (full 0):
 garbage-first heap   total 174080K, used 156628K [0x0000000080000000, 0x0000000100000000)
  region size 1024K, 57 young (58368K), 6 survivors (6144K)
 Metaspace       used 112874K, committed 115072K, reserved 1179648K
  class space    used 15456K, committed 16576K, reserved 1048576K
}
Event: 62.518 GC heap after
{Heap after GC invocations=52 (full 0):
 garbage-first heap   total 174080K, used 108714K [0x0000000080000000, 0x0000000100000000)
  region size 1024K, 6 young (6144K), 6 survivors (6144K)
 Metaspace       used 112874K, committed 115072K, reserved 1179648K
  class space    used 15456K, committed 16576K, reserved 1048576K
}
Event: 65.638 GC heap before
{Heap before GC invocations=53 (full 0):
 garbage-first heap   total 183296K, used 160938K [0x0000000080000000, 0x0000000100000000)
  region size 1024K, 53 young (54272K), 6 survivors (6144K)
 Metaspace       used 115270K, committed 117440K, reserved 1179648K
  class space    used 15651K, committed 16768K, reserved 1048576K
}
Event: 65.668 GC heap after
{Heap after GC invocations=54 (full 0):
 garbage-first heap   total 220160K, used 112390K [0x0000000080000000, 0x0000000100000000)
  region size 1024K, 6 young (6144K), 6 survivors (6144K)
 Metaspace       used 115270K, committed 117440K, reserved 1179648K
  class space    used 15651K, committed 16768K, reserved 1048576K
}
Event: 73.348 GC heap before
{Heap before GC invocations=54 (full 0):
 garbage-first heap   total 220160K, used 213766K [0x0000000080000000, 0x0000000100000000)
  region size 1024K, 92 young (94208K), 6 survivors (6144K)
 Metaspace       used 116983K, committed 119168K, reserved 1179648K
  class space    used 15872K, committed 16960K, reserved 1048576K
}
Event: 73.406 GC heap after
{Heap after GC invocations=55 (full 0):
 garbage-first heap   total 231424K, used 134144K [0x0000000080000000, 0x0000000100000000)
  region size 1024K, 12 young (12288K), 12 survivors (12288K)
 Metaspace       used 116983K, committed 119168K, reserved 1179648K
  class space    used 15872K, committed 16960K, reserved 1048576K
}
Event: 74.177 GC heap before
{Heap before GC invocations=55 (full 0):
 garbage-first heap   total 231424K, used 150528K [0x0000000080000000, 0x0000000100000000)
  region size 1024K, 30 young (30720K), 12 survivors (12288K)
 Metaspace       used 119048K, committed 121216K, reserved 1179648K
  class space    used 16173K, committed 17280K, reserved 1048576K
}
Event: 74.198 GC heap after
{Heap after GC invocations=56 (full 0):
 garbage-first heap   total 231424K, used 136192K [0x0000000080000000, 0x0000000100000000)
  region size 1024K, 2 young (2048K), 2 survivors (2048K)
 Metaspace       used 119048K, committed 121216K, reserved 1179648K
  class space    used 16173K, committed 17280K, reserved 1048576K
}
Event: 77.274 GC heap before
{Heap before GC invocations=57 (full 0):
 garbage-first heap   total 231424K, used 230400K [0x0000000080000000, 0x0000000100000000)
  region size 1024K, 58 young (59392K), 2 survivors (2048K)
 Metaspace       used 119312K, committed 121472K, reserved 1179648K
  class space    used 16215K, committed 17280K, reserved 1048576K
}
Event: 77.394 GC heap after
{Heap after GC invocations=58 (full 0):
 garbage-first heap   total 252928K, used 172032K [0x0000000080000000, 0x0000000100000000)
  region size 1024K, 10 young (10240K), 10 survivors (10240K)
 Metaspace       used 119312K, committed 121472K, reserved 1179648K
  class space    used 16215K, committed 17280K, reserved 1048576K
}
Event: 80.133 GC heap before
{Heap before GC invocations=58 (full 0):
 garbage-first heap   total 252928K, used 222208K [0x0000000080000000, 0x0000000100000000)
  region size 1024K, 60 young (61440K), 10 survivors (10240K)
 Metaspace       used 122413K, committed 124608K, reserved 1179648K
  class space    used 16807K, committed 17920K, reserved 1048576K
}
Event: 80.335 GC heap after
{Heap after GC invocations=59 (full 0):
 garbage-first heap   total 252928K, used 185344K [0x0000000080000000, 0x0000000100000000)
  region size 1024K, 8 young (8192K), 8 survivors (8192K)
 Metaspace       used 122413K, committed 124608K, reserved 1179648K
  class space    used 16807K, committed 17920K, reserved 1048576K
}
Event: 81.780 GC heap before
{Heap before GC invocations=59 (full 0):
 garbage-first heap   total 252928K, used 224256K [0x0000000080000000, 0x0000000100000000)
  region size 1024K, 47 young (48128K), 8 survivors (8192K)
 Metaspace       used 122720K, committed 124992K, reserved 1179648K
  class space    used 16838K, committed 17984K, reserved 1048576K
}
Event: 81.882 GC heap after
{Heap after GC invocations=60 (full 0):
 garbage-first heap   total 252928K, used 202752K [0x0000000080000000, 0x0000000100000000)
  region size 1024K, 6 young (6144K), 6 survivors (6144K)
 Metaspace       used 122720K, committed 124992K, reserved 1179648K
  class space    used 16838K, committed 17984K, reserved 1048576K
}
Event: 83.822 GC heap before
{Heap before GC invocations=61 (full 0):
 garbage-first heap   total 337920K, used 229376K [0x0000000080000000, 0x0000000100000000)
  region size 1024K, 32 young (32768K), 6 survivors (6144K)
 Metaspace       used 122726K, committed 124992K, reserved 1179648K
  class space    used 16838K, committed 17984K, reserved 1048576K
}
Event: 83.895 GC heap after
{Heap after GC invocations=62 (full 0):
 garbage-first heap   total 337920K, used 214528K [0x0000000080000000, 0x0000000100000000)
  region size 1024K, 4 young (4096K), 4 survivors (4096K)
 Metaspace       used 122726K, committed 124992K, reserved 1179648K
  class space    used 16838K, committed 17984K, reserved 1048576K
}
Event: 85.598 GC heap before
{Heap before GC invocations=62 (full 0):
 garbage-first heap   total 337920K, used 275968K [0x0000000080000000, 0x0000000100000000)
  region size 1024K, 65 young (66560K), 4 survivors (4096K)
 Metaspace       used 122983K, committed 125184K, reserved 1179648K
  class space    used 16861K, committed 17984K, reserved 1048576K
}
Event: 85.703 GC heap after
{Heap after GC invocations=63 (full 0):
 garbage-first heap   total 337920K, used 236544K [0x0000000080000000, 0x0000000100000000)
  region size 1024K, 9 young (9216K), 9 survivors (9216K)
 Metaspace       used 122983K, committed 125184K, reserved 1179648K
  class space    used 16861K, committed 17984K, reserved 1048576K
}
Event: 87.674 GC heap before
{Heap before GC invocations=63 (full 0):
 garbage-first heap   total 337920K, used 286720K [0x0000000080000000, 0x0000000100000000)
  region size 1024K, 59 young (60416K), 9 survivors (9216K)
 Metaspace       used 123511K, committed 125696K, reserved 1179648K
  class space    used 16933K, committed 18048K, reserved 1048576K
}

