# JRE version: OpenJDK Runtime Environment (21.0.6) (build 21.0.6+-13368085-b895.109)
# Java VM: OpenJDK 64-Bit Server VM (21.0.6+-13368085-b895.109, mixed mode, tiered, compressed oops, compressed class ptrs, g1 gc, windows-amd64)
GC Precious Log:
 CardTable entry size: 512
 Card Set container configuration: InlinePtr #cards 5 size 8 Array Of Cards #cards 12 size 40 Howl #buckets 4 coarsen threshold 1843 Howl Bitmap #cards 512 size 80 coarsen threshold 460 Card regions per heap region 1 cards per card region 2048
 CPUs: 2 total, 2 available
 Memory: 3920M
 Large Page Support: Disabled
 NUMA Support: Disabled
 Compressed Oops: Enabled (32-bit)
 Heap Region Size: 1M
 Heap Min Capacity: 8M
 Heap Initial Capacity: 62M
 Heap Max Capacity: 2G
 Pre-touch: Disabled
 Parallel Workers: 2
 Concurrent Workers: 1
 Concurrent Refinement Workers: 2
 Periodic GC: Disabled
Heap:
 garbage-first heap   total 133120K, used 93741K [0x0000000080000000, 0x0000000100000000)
  region size 1024K, 17 young (17408K), 4 survivors (4096K)
 Metaspace       used 89013K, committed 90944K, reserved 1179648K
  class space    used 11914K, committed 12864K, reserved 1048576K
GC Heap History (20 events):
Event: 46.343 GC heap before
{Heap before GC invocations=30 (full 0):
 garbage-first heap   total 80896K, used 72113K [0x0000000080000000, 0x0000000100000000)
  region size 1024K, 26 young (26624K), 3 survivors (3072K)
 Metaspace       used 66953K, committed 68544K, reserved 1114112K
  class space    used 9053K, committed 9856K, reserved 1048576K
}
Event: 46.357 GC heap after
{Heap after GC invocations=31 (full 0):
 garbage-first heap   total 97280K, used 48358K [0x0000000080000000, 0x0000000100000000)
  region size 1024K, 3 young (3072K), 3 survivors (3072K)
 Metaspace       used 66953K, committed 68544K, reserved 1114112K
  class space    used 9053K, committed 9856K, reserved 1048576K
}
Event: 46.976 GC heap before
{Heap before GC invocations=31 (full 0):
 garbage-first heap   total 97280K, used 62694K [0x0000000080000000, 0x0000000100000000)
  region size 1024K, 19 young (19456K), 3 survivors (3072K)
 Metaspace       used 67235K, committed 68928K, reserved 1114112K
  class space    used 9093K, committed 9920K, reserved 1048576K
}
Event: 46.991 GC heap after
{Heap after GC invocations=32 (full 0):
 garbage-first heap   total 97280K, used 49383K [0x0000000080000000, 0x0000000100000000)
  region size 1024K, 4 young (4096K), 4 survivors (4096K)
 Metaspace       used 67235K, committed 68928K, reserved 1114112K
  class space    used 9093K, committed 9920K, reserved 1048576K
}
Event: 49.212 GC heap before
{Heap before GC invocations=33 (full 0):
 garbage-first heap   total 97280K, used 95463K [0x0000000080000000, 0x0000000100000000)
  region size 1024K, 37 young (37888K), 4 survivors (4096K)
 Metaspace       used 69236K, committed 70912K, reserved 1114112K
  class space    used 9357K, committed 10176K, reserved 1048576K
}
Event: 49.340 GC heap after
{Heap after GC invocations=34 (full 0):
 garbage-first heap   total 108544K, used 68752K [0x0000000080000000, 0x0000000100000000)
  region size 1024K, 5 young (5120K), 5 survivors (5120K)
 Metaspace       used 69236K, committed 70912K, reserved 1114112K
  class space    used 9357K, committed 10176K, reserved 1048576K
}
Event: 52.304 GC heap before
{Heap before GC invocations=34 (full 0):
 garbage-first heap   total 108544K, used 95376K [0x0000000080000000, 0x0000000100000000)
  region size 1024K, 31 young (31744K), 5 survivors (5120K)
 Metaspace       used 71595K, committed 73344K, reserved 1114112K
  class space    used 9663K, committed 10496K, reserved 1048576K
}
Event: 52.320 GC heap after
{Heap after GC invocations=35 (full 0):
 garbage-first heap   total 108544K, used 70201K [0x0000000080000000, 0x0000000100000000)
  region size 1024K, 1 young (1024K), 1 survivors (1024K)
 Metaspace       used 71595K, committed 73344K, reserved 1114112K
  class space    used 9663K, committed 10496K, reserved 1048576K
}
Event: 53.872 GC heap before
{Heap before GC invocations=35 (full 0):
 garbage-first heap   total 108544K, used 95801K [0x0000000080000000, 0x0000000100000000)
  region size 1024K, 27 young (27648K), 1 survivors (1024K)
 Metaspace       used 74606K, committed 76352K, reserved 1179648K
  class space    used 10002K, committed 10880K, reserved 1048576K
}
Event: 53.879 GC heap after
{Heap after GC invocations=36 (full 0):
 garbage-first heap   total 108544K, used 70798K [0x0000000080000000, 0x0000000100000000)
  region size 1024K, 2 young (2048K), 2 survivors (2048K)
 Metaspace       used 74606K, committed 76352K, reserved 1179648K
  class space    used 10002K, committed 10880K, reserved 1048576K
}
Event: 55.341 GC heap before
{Heap before GC invocations=37 (full 0):
 garbage-first heap   total 119808K, used 101518K [0x0000000080000000, 0x0000000100000000)
  region size 1024K, 29 young (29696K), 2 survivors (2048K)
 Metaspace       used 77438K, committed 79296K, reserved 1179648K
  class space    used 10421K, committed 11328K, reserved 1048576K
}
Event: 55.361 GC heap after
{Heap after GC invocations=38 (full 0):
 garbage-first heap   total 119808K, used 78674K [0x0000000080000000, 0x0000000100000000)
  region size 1024K, 4 young (4096K), 4 survivors (4096K)
 Metaspace       used 77438K, committed 79296K, reserved 1179648K
  class space    used 10421K, committed 11328K, reserved 1048576K
}
Event: 57.355 GC heap before
{Heap before GC invocations=38 (full 0):
 garbage-first heap   total 119808K, used 109394K [0x0000000080000000, 0x0000000100000000)
  region size 1024K, 33 young (33792K), 4 survivors (4096K)
 Metaspace       used 79377K, committed 81216K, reserved 1179648K
  class space    used 10679K, committed 11584K, reserved 1048576K
}
Event: 57.373 GC heap after
{Heap after GC invocations=39 (full 0):
 garbage-first heap   total 119808K, used 81233K [0x0000000080000000, 0x0000000100000000)
  region size 1024K, 3 young (3072K), 3 survivors (3072K)
 Metaspace       used 79377K, committed 81216K, reserved 1179648K
  class space    used 10679K, committed 11584K, reserved 1048576K
}
Event: 58.583 GC heap before
{Heap before GC invocations=39 (full 0):
 garbage-first heap   total 119808K, used 107857K [0x0000000080000000, 0x0000000100000000)
  region size 1024K, 30 young (30720K), 3 survivors (3072K)
 Metaspace       used 81559K, committed 83456K, reserved 1179648K
  class space    used 10936K, committed 11904K, reserved 1048576K
}
Event: 58.595 GC heap after
{Heap after GC invocations=40 (full 0):
 garbage-first heap   total 119808K, used 82432K [0x0000000080000000, 0x0000000100000000)
  region size 1024K, 2 young (2048K), 2 survivors (2048K)
 Metaspace       used 81559K, committed 83456K, reserved 1179648K
  class space    used 10936K, committed 11904K, reserved 1048576K
}
Event: 60.738 GC heap before
{Heap before GC invocations=41 (full 0):
 garbage-first heap   total 133120K, used 107008K [0x0000000080000000, 0x0000000100000000)
  region size 1024K, 29 young (29696K), 2 survivors (2048K)
 Metaspace       used 85021K, committed 86912K, reserved 1179648K
  class space    used 11375K, committed 12288K, reserved 1048576K
}
Event: 60.749 GC heap after
{Heap after GC invocations=42 (full 0):
 garbage-first heap   total 133120K, used 80826K [0x0000000080000000, 0x0000000100000000)
  region size 1024K, 3 young (3072K), 3 survivors (3072K)
 Metaspace       used 85021K, committed 86912K, reserved 1179648K
  class space    used 11375K, committed 12288K, reserved 1048576K
}
Event: 63.274 GC heap before
{Heap before GC invocations=42 (full 0):
 garbage-first heap   total 133120K, used 119738K [0x0000000080000000, 0x0000000100000000)
  region size 1024K, 42 young (43008K), 3 survivors (3072K)
 Metaspace       used 88149K, committed 89984K, reserved 1179648K
  class space    used 11777K, committed 12672K, reserved 1048576K
}
Event: 63.289 GC heap after
{Heap after GC invocations=43 (full 0):
 garbage-first heap   total 133120K, used 81453K [0x0000000080000000, 0x0000000100000000)
  region size 1024K, 4 young (4096K), 4 survivors (4096K)
 Metaspace       used 88149K, committed 89984K, reserved 1179648K
  class space    used 11777K, committed 12672K, reserved 1048576K
}

