# JRE version: OpenJDK Runtime Environment (21.0.6) (build 21.0.6+-13368085-b895.109)
# Java VM: OpenJDK 64-Bit Server VM (21.0.6+-13368085-b895.109, mixed mode, tiered, compressed oops, compressed class ptrs, g1 gc, windows-amd64)
GC Precious Log:
 CardTable entry size: 512
 Card Set container configuration: InlinePtr #cards 5 size 8 Array Of Cards #cards 12 size 40 Howl #buckets 4 coarsen threshold 1843 Howl Bitmap #cards 512 size 80 coarsen threshold 460 Card regions per heap region 1 cards per card region 2048
 CPUs: 2 total, 2 available
 Memory: 3920M
 Large Page Support: Disabled
 NUMA Support: Disabled
 Compressed Oops: Enabled (32-bit)
 Heap Region Size: 1M
 Heap Min Capacity: 8M
 Heap Initial Capacity: 62M
 Heap Max Capacity: 2G
 Pre-touch: Disabled
 Parallel Workers: 2
 Concurrent Workers: 1
 Concurrent Refinement Workers: 2
 Periodic GC: Disabled
Heap:
 garbage-first heap   total 531456K, used 317478K [0x0000000080000000, 0x0000000100000000)
  region size 1024K, 9 young (9216K), 4 survivors (4096K)
 Metaspace       used 137949K, committed 140224K, reserved 1179648K
  class space    used 18653K, committed 19776K, reserved 1048576K
GC Heap History (20 events):
Event: 130.992 GC heap before
{Heap before GC invocations=64 (full 0):
 garbage-first heap   total 304128K, used 258159K [0x0000000080000000, 0x0000000100000000)
  region size 1024K, 77 young (78848K), 10 survivors (10240K)
 Metaspace       used 130994K, committed 133248K, reserved 1179648K
  class space    used 17769K, committed 18880K, reserved 1048576K
}
Event: 131.229 GC heap after
{Heap after GC invocations=65 (full 0):
 garbage-first heap   total 304128K, used 217088K [0x0000000080000000, 0x0000000100000000)
  region size 1024K, 10 young (10240K), 10 survivors (10240K)
 Metaspace       used 130994K, committed 133248K, reserved 1179648K
  class space    used 17769K, committed 18880K, reserved 1048576K
}
Event: 133.154 GC heap before
{Heap before GC invocations=65 (full 0):
 garbage-first heap   total 304128K, used 263168K [0x0000000080000000, 0x0000000100000000)
  region size 1024K, 55 young (56320K), 10 survivors (10240K)
 Metaspace       used 131006K, committed 133248K, reserved 1179648K
  class space    used 17769K, committed 18880K, reserved 1048576K
}
Event: 133.305 GC heap after
{Heap after GC invocations=66 (full 0):
 garbage-first heap   total 304128K, used 240640K [0x0000000080000000, 0x0000000100000000)
  region size 1024K, 7 young (7168K), 7 survivors (7168K)
 Metaspace       used 131006K, committed 133248K, reserved 1179648K
  class space    used 17769K, committed 18880K, reserved 1048576K
}
Event: 135.799 GC heap before
{Heap before GC invocations=67 (full 0):
 garbage-first heap   total 401408K, used 271360K [0x0000000080000000, 0x0000000100000000)
  region size 1024K, 37 young (37888K), 7 survivors (7168K)
 Metaspace       used 131007K, committed 133248K, reserved 1179648K
  class space    used 17769K, committed 18880K, reserved 1048576K
}
Event: 135.886 GC heap after
{Heap after GC invocations=68 (full 0):
 garbage-first heap   total 401408K, used 257024K [0x0000000080000000, 0x0000000100000000)
  region size 1024K, 5 young (5120K), 5 survivors (5120K)
 Metaspace       used 131007K, committed 133248K, reserved 1179648K
  class space    used 17769K, committed 18880K, reserved 1048576K
}
Event: 140.831 GC heap before
{Heap before GC invocations=68 (full 0):
 garbage-first heap   total 401408K, used 324608K [0x0000000080000000, 0x0000000100000000)
  region size 1024K, 72 young (73728K), 5 survivors (5120K)
 Metaspace       used 135549K, committed 137856K, reserved 1179648K
  class space    used 18391K, committed 19520K, reserved 1048576K
}
Event: 140.916 GC heap after
{Heap after GC invocations=69 (full 0):
 garbage-first heap   total 401408K, used 262144K [0x0000000080000000, 0x0000000100000000)
  region size 1024K, 9 young (9216K), 9 survivors (9216K)
 Metaspace       used 135549K, committed 137856K, reserved 1179648K
  class space    used 18391K, committed 19520K, reserved 1048576K
}
Event: 143.209 GC heap before
{Heap before GC invocations=69 (full 0):
 garbage-first heap   total 401408K, used 331776K [0x0000000080000000, 0x0000000100000000)
  region size 1024K, 78 young (79872K), 9 survivors (9216K)
 Metaspace       used 136429K, committed 138752K, reserved 1179648K
  class space    used 18493K, committed 19648K, reserved 1048576K
}
Event: 143.270 GC heap after
{Heap after GC invocations=70 (full 0):
 garbage-first heap   total 401408K, used 270336K [0x0000000080000000, 0x0000000100000000)
  region size 1024K, 9 young (9216K), 9 survivors (9216K)
 Metaspace       used 136429K, committed 138752K, reserved 1179648K
  class space    used 18493K, committed 19648K, reserved 1048576K
}
Event: 145.629 GC heap before
{Heap before GC invocations=70 (full 0):
 garbage-first heap   total 401408K, used 340992K [0x0000000080000000, 0x0000000100000000)
  region size 1024K, 72 young (73728K), 9 survivors (9216K)
 Metaspace       used 136510K, committed 138816K, reserved 1179648K
  class space    used 18499K, committed 19648K, reserved 1048576K
}
Event: 145.771 GC heap after
{Heap after GC invocations=71 (full 0):
 garbage-first heap   total 401408K, used 282112K [0x0000000080000000, 0x0000000100000000)
  region size 1024K, 6 young (6144K), 6 survivors (6144K)
 Metaspace       used 136510K, committed 138816K, reserved 1179648K
  class space    used 18499K, committed 19648K, reserved 1048576K
}
Event: 155.855 GC heap before
{Heap before GC invocations=72 (full 0):
 garbage-first heap   total 444416K, used 344576K [0x0000000080000000, 0x0000000100000000)
  region size 1024K, 75 young (76800K), 6 survivors (6144K)
 Metaspace       used 136912K, committed 139200K, reserved 1179648K
  class space    used 18538K, committed 19712K, reserved 1048576K
}
Event: 155.919 GC heap after
{Heap after GC invocations=73 (full 0):
 garbage-first heap   total 444416K, used 279808K [0x0000000080000000, 0x0000000100000000)
  region size 1024K, 8 young (8192K), 8 survivors (8192K)
 Metaspace       used 136912K, committed 139200K, reserved 1179648K
  class space    used 18538K, committed 19712K, reserved 1048576K
}
Event: 160.723 GC heap before
{Heap before GC invocations=73 (full 0):
 garbage-first heap   total 444416K, used 406784K [0x0000000080000000, 0x0000000100000000)
  region size 1024K, 107 young (109568K), 8 survivors (8192K)
 Metaspace       used 137209K, committed 139520K, reserved 1179648K
  class space    used 18563K, committed 19712K, reserved 1048576K
}
Event: 160.805 GC heap after
{Heap after GC invocations=74 (full 0):
 garbage-first heap   total 444416K, used 311808K [0x0000000080000000, 0x0000000100000000)
  region size 1024K, 14 young (14336K), 14 survivors (14336K)
 Metaspace       used 137209K, committed 139520K, reserved 1179648K
  class space    used 18563K, committed 19712K, reserved 1048576K
}
Event: 161.406 GC heap before
{Heap before GC invocations=74 (full 0):
 garbage-first heap   total 444416K, used 314880K [0x0000000080000000, 0x0000000100000000)
  region size 1024K, 18 young (18432K), 14 survivors (14336K)
 Metaspace       used 137209K, committed 139520K, reserved 1179648K
  class space    used 18563K, committed 19712K, reserved 1048576K
}
Event: 161.459 GC heap after
{Heap after GC invocations=75 (full 0):
 garbage-first heap   total 444416K, used 312832K [0x0000000080000000, 0x0000000100000000)
  region size 1024K, 1 young (1024K), 1 survivors (1024K)
 Metaspace       used 137209K, committed 139520K, reserved 1179648K
  class space    used 18563K, committed 19712K, reserved 1048576K
}
Event: 169.388 GC heap before
{Heap before GC invocations=76 (full 0):
 garbage-first heap   total 531456K, used 428544K [0x0000000080000000, 0x0000000100000000)
  region size 1024K, 88 young (90112K), 1 survivors (1024K)
 Metaspace       used 137829K, committed 140096K, reserved 1179648K
  class space    used 18639K, committed 19776K, reserved 1048576K
}
Event: 169.412 GC heap after
{Heap after GC invocations=77 (full 0):
 garbage-first heap   total 531456K, used 314406K [0x0000000080000000, 0x0000000100000000)
  region size 1024K, 4 young (4096K), 4 survivors (4096K)
 Metaspace       used 137829K, committed 140096K, reserved 1179648K
  class space    used 18639K, committed 19776K, reserved 1048576K
}

