# JRE version: OpenJDK Runtime Environment (21.0.6) (build 21.0.6+-13368085-b895.109)
# Java VM: OpenJDK 64-Bit Server VM (21.0.6+-13368085-b895.109, mixed mode, tiered, compressed oops, compressed class ptrs, g1 gc, windows-amd64)
GC Precious Log:
 CardTable entry size: 512
 Card Set container configuration: InlinePtr #cards 5 size 8 Array Of Cards #cards 12 size 40 Howl #buckets 4 coarsen threshold 1843 Howl Bitmap #cards 512 size 80 coarsen threshold 460 Card regions per heap region 1 cards per card region 2048
 CPUs: 2 total, 2 available
 Memory: 3920M
 Large Page Support: Disabled
 NUMA Support: Disabled
 Compressed Oops: Enabled (32-bit)
 Heap Region Size: 1M
 Heap Min Capacity: 8M
 Heap Initial Capacity: 62M
 Heap Max Capacity: 2G
 Pre-touch: Disabled
 Parallel Workers: 2
 Concurrent Workers: 1
 Concurrent Refinement Workers: 2
 Periodic GC: Disabled
Heap:
 garbage-first heap   total 404480K, used 257536K [0x0000000080000000, 0x0000000100000000)
  region size 1024K, 27 young (27648K), 11 survivors (11264K)
 Metaspace       used 141907K, committed 144320K, reserved 1179648K
  class space    used 18903K, committed 20096K, reserved 1048576K
GC Heap History (20 events):
Event: 96.196 GC heap before
{Heap before GC invocations=57 (full 0):
 garbage-first heap   total 269312K, used 224565K [0x0000000080000000, 0x0000000100000000)
  region size 1024K, 73 young (74752K), 6 survivors (6144K)
 Metaspace       used 123364K, committed 125632K, reserved 1179648K
  class space    used 16578K, committed 17728K, reserved 1048576K
}
Event: 96.227 GC heap after
{Heap after GC invocations=58 (full 0):
 garbage-first heap   total 269312K, used 160178K [0x0000000080000000, 0x0000000100000000)
  region size 1024K, 5 young (5120K), 5 survivors (5120K)
 Metaspace       used 123364K, committed 125632K, reserved 1179648K
  class space    used 16578K, committed 17728K, reserved 1048576K
}
Event: 107.694 GC heap before
{Heap before GC invocations=59 (full 0):
 garbage-first heap   total 269312K, used 205234K [0x0000000080000000, 0x0000000100000000)
  region size 1024K, 75 young (76800K), 5 survivors (5120K)
 Metaspace       used 123842K, committed 126144K, reserved 1179648K
  class space    used 16623K, committed 17792K, reserved 1048576K
}
Event: 107.717 GC heap after
{Heap after GC invocations=60 (full 0):
 garbage-first heap   total 269312K, used 136114K [0x0000000080000000, 0x0000000100000000)
  region size 1024K, 7 young (7168K), 7 survivors (7168K)
 Metaspace       used 123842K, committed 126144K, reserved 1179648K
  class space    used 16623K, committed 17792K, reserved 1048576K
}
Event: 110.808 GC heap before
{Heap before GC invocations=60 (full 0):
 garbage-first heap   total 269312K, used 240562K [0x0000000080000000, 0x0000000100000000)
  region size 1024K, 105 young (107520K), 7 survivors (7168K)
 Metaspace       used 127190K, committed 129536K, reserved 1179648K
  class space    used 16867K, committed 18048K, reserved 1048576K
}
Event: 110.840 GC heap after
{Heap after GC invocations=61 (full 0):
 garbage-first heap   total 269312K, used 132712K [0x0000000080000000, 0x0000000100000000)
  region size 1024K, 10 young (10240K), 10 survivors (10240K)
 Metaspace       used 127190K, committed 129536K, reserved 1179648K
  class space    used 16867K, committed 18048K, reserved 1048576K
}
Event: 198.958 GC heap before
{Heap before GC invocations=61 (full 0):
 garbage-first heap   total 269312K, used 228968K [0x0000000080000000, 0x0000000100000000)
  region size 1024K, 105 young (107520K), 10 survivors (10240K)
 Metaspace       used 132864K, committed 135296K, reserved 1179648K
  class space    used 17647K, committed 18880K, reserved 1048576K
}
Event: 199.102 GC heap after
{Heap after GC invocations=62 (full 0):
 garbage-first heap   total 269312K, used 135636K [0x0000000080000000, 0x0000000100000000)
  region size 1024K, 10 young (10240K), 10 survivors (10240K)
 Metaspace       used 132864K, committed 135296K, reserved 1179648K
  class space    used 17647K, committed 18880K, reserved 1048576K
}
Event: 213.367 GC heap before
{Heap before GC invocations=63 (full 0):
 garbage-first heap   total 269312K, used 234964K [0x0000000080000000, 0x0000000100000000)
  region size 1024K, 108 young (110592K), 10 survivors (10240K)
 Metaspace       used 133374K, committed 135808K, reserved 1179648K
  class space    used 17650K, committed 18880K, reserved 1048576K
}
Event: 213.493 GC heap after
{Heap after GC invocations=64 (full 0):
 garbage-first heap   total 269312K, used 146432K [0x0000000080000000, 0x0000000100000000)
  region size 1024K, 14 young (14336K), 14 survivors (14336K)
 Metaspace       used 133374K, committed 135808K, reserved 1179648K
  class space    used 17650K, committed 18880K, reserved 1048576K
}
Event: 243.618 GC heap before
{Heap before GC invocations=64 (full 0):
 garbage-first heap   total 269312K, used 236544K [0x0000000080000000, 0x0000000100000000)
  region size 1024K, 103 young (105472K), 14 survivors (14336K)
 Metaspace       used 133653K, committed 136064K, reserved 1179648K
  class space    used 17659K, committed 18880K, reserved 1048576K
}
Event: 243.735 GC heap after
{Heap after GC invocations=65 (full 0):
 garbage-first heap   total 269312K, used 148480K [0x0000000080000000, 0x0000000100000000)
  region size 1024K, 7 young (7168K), 7 survivors (7168K)
 Metaspace       used 133653K, committed 136064K, reserved 1179648K
  class space    used 17659K, committed 18880K, reserved 1048576K
}
Event: 250.380 GC heap before
{Heap before GC invocations=65 (full 0):
 garbage-first heap   total 269312K, used 238592K [0x0000000080000000, 0x0000000100000000)
  region size 1024K, 96 young (98304K), 7 survivors (7168K)
 Metaspace       used 135123K, committed 137472K, reserved 1179648K
  class space    used 17805K, committed 19008K, reserved 1048576K
}
Event: 250.479 GC heap after
{Heap after GC invocations=66 (full 0):
 garbage-first heap   total 269312K, used 157696K [0x0000000080000000, 0x0000000100000000)
  region size 1024K, 12 young (12288K), 12 survivors (12288K)
 Metaspace       used 135123K, committed 137472K, reserved 1179648K
  class space    used 17805K, committed 19008K, reserved 1048576K
}
Event: 255.973 GC heap before
{Heap before GC invocations=67 (full 0):
 garbage-first heap   total 271360K, used 270336K [0x0000000080000000, 0x0000000100000000)
  region size 1024K, 88 young (90112K), 12 survivors (12288K)
 Metaspace       used 138777K, committed 141120K, reserved 1179648K
  class space    used 18310K, committed 19520K, reserved 1048576K
}
Event: 256.057 GC heap after
{Heap after GC invocations=68 (full 0):
 garbage-first heap   total 297984K, used 195584K [0x0000000080000000, 0x0000000100000000)
  region size 1024K, 12 young (12288K), 12 survivors (12288K)
 Metaspace       used 138777K, committed 141120K, reserved 1179648K
  class space    used 18310K, committed 19520K, reserved 1048576K
}
Event: 258.177 GC heap before
{Heap before GC invocations=68 (full 0):
 garbage-first heap   total 297984K, used 284672K [0x0000000080000000, 0x0000000100000000)
  region size 1024K, 84 young (86016K), 12 survivors (12288K)
 Metaspace       used 139646K, committed 142080K, reserved 1179648K
  class space    used 18435K, committed 19648K, reserved 1048576K
}
Event: 258.400 GC heap after
{Heap after GC invocations=69 (full 0):
 garbage-first heap   total 331776K, used 214528K [0x0000000080000000, 0x0000000100000000)
  region size 1024K, 11 young (11264K), 11 survivors (11264K)
 Metaspace       used 139646K, committed 142080K, reserved 1179648K
  class space    used 18435K, committed 19648K, reserved 1048576K
}
Event: 262.189 GC heap before
{Heap before GC invocations=69 (full 0):
 garbage-first heap   total 331776K, used 287232K [0x0000000080000000, 0x0000000100000000)
  region size 1024K, 82 young (83968K), 11 survivors (11264K)
 Metaspace       used 141903K, committed 144320K, reserved 1179648K
  class space    used 18902K, committed 20096K, reserved 1048576K
}
Event: 262.454 GC heap after
{Heap after GC invocations=70 (full 0):
 garbage-first heap   total 331776K, used 245248K [0x0000000080000000, 0x0000000100000000)
  region size 1024K, 11 young (11264K), 11 survivors (11264K)
 Metaspace       used 141903K, committed 144320K, reserved 1179648K
  class space    used 18902K, committed 20096K, reserved 1048576K
}

