# JRE version: OpenJDK Runtime Environment (21.0.6) (build 21.0.6+-13368085-b895.109)
# Java VM: OpenJDK 64-Bit Server VM (21.0.6+-13368085-b895.109, mixed mode, tiered, compressed oops, compressed class ptrs, g1 gc, windows-amd64)
GC Precious Log:
 CardTable entry size: 512
 Card Set container configuration: InlinePtr #cards 5 size 8 Array Of Cards #cards 12 size 40 Howl #buckets 4 coarsen threshold 1843 Howl Bitmap #cards 512 size 80 coarsen threshold 460 Card regions per heap region 1 cards per card region 2048
 CPUs: 2 total, 2 available
 Memory: 3920M
 Large Page Support: Disabled
 NUMA Support: Disabled
 Compressed Oops: Enabled (32-bit)
 Heap Region Size: 1M
 Heap Min Capacity: 8M
 Heap Initial Capacity: 62M
 Heap Max Capacity: 2G
 Pre-touch: Disabled
 Parallel Workers: 2
 Concurrent Workers: 1
 Concurrent Refinement Workers: 2
 Periodic GC: Disabled
Heap:
 garbage-first heap   total 252928K, used 176837K [0x0000000080000000, 0x0000000100000000)
  region size 1024K, 15 young (15360K), 2 survivors (2048K)
 Metaspace       used 121250K, committed 123520K, reserved 1179648K
  class space    used 16457K, committed 17600K, reserved 1048576K
GC Heap History (20 events):
Event: 106.284 GC heap before
{Heap before GC invocations=49 (full 0):
 garbage-first heap   total 143360K, used 131072K [0x0000000080000000, 0x0000000100000000)
  region size 1024K, 46 young (47104K), 5 survivors (5120K)
 Metaspace       used 104067K, committed 106176K, reserved 1179648K
  class space    used 14184K, committed 15232K, reserved 1048576K
}
Event: 106.336 GC heap after
{Heap after GC invocations=50 (full 0):
 garbage-first heap   total 143360K, used 91754K [0x0000000080000000, 0x0000000100000000)
  region size 1024K, 5 young (5120K), 5 survivors (5120K)
 Metaspace       used 104067K, committed 106176K, reserved 1179648K
  class space    used 14184K, committed 15232K, reserved 1048576K
}
Event: 111.856 GC heap before
{Heap before GC invocations=51 (full 0):
 garbage-first heap   total 153600K, used 129642K [0x0000000080000000, 0x0000000100000000)
  region size 1024K, 42 young (43008K), 5 survivors (5120K)
 Metaspace       used 107725K, committed 109888K, reserved 1179648K
  class space    used 14718K, committed 15808K, reserved 1048576K
}
Event: 111.882 GC heap after
{Heap after GC invocations=52 (full 0):
 garbage-first heap   total 184320K, used 93600K [0x0000000080000000, 0x0000000100000000)
  region size 1024K, 5 young (5120K), 5 survivors (5120K)
 Metaspace       used 107725K, committed 109888K, reserved 1179648K
  class space    used 14718K, committed 15808K, reserved 1048576K
}
Event: 128.514 GC heap before
{Heap before GC invocations=52 (full 0):
 garbage-first heap   total 184320K, used 168352K [0x0000000080000000, 0x0000000100000000)
  region size 1024K, 79 young (80896K), 5 survivors (5120K)
 Metaspace       used 111989K, committed 114240K, reserved 1179648K
  class space    used 15320K, committed 16448K, reserved 1048576K
}
Event: 128.601 GC heap after
{Heap after GC invocations=53 (full 0):
 garbage-first heap   total 184320K, used 100328K [0x0000000080000000, 0x0000000100000000)
  region size 1024K, 10 young (10240K), 10 survivors (10240K)
 Metaspace       used 111989K, committed 114240K, reserved 1179648K
  class space    used 15320K, committed 16448K, reserved 1048576K
}
Event: 134.445 GC heap before
{Heap before GC invocations=53 (full 0):
 garbage-first heap   total 184320K, used 163816K [0x0000000080000000, 0x0000000100000000)
  region size 1024K, 73 young (74752K), 10 survivors (10240K)
 Metaspace       used 112001K, committed 114240K, reserved 1179648K
  class space    used 15320K, committed 16448K, reserved 1048576K
}
Event: 134.500 GC heap after
{Heap after GC invocations=54 (full 0):
 garbage-first heap   total 184320K, used 103936K [0x0000000080000000, 0x0000000100000000)
  region size 1024K, 4 young (4096K), 4 survivors (4096K)
 Metaspace       used 112001K, committed 114240K, reserved 1179648K
  class space    used 15320K, committed 16448K, reserved 1048576K
}
Event: 140.407 GC heap before
{Heap before GC invocations=55 (full 0):
 garbage-first heap   total 184320K, used 165376K [0x0000000080000000, 0x0000000100000000)
  region size 1024K, 66 young (67584K), 4 survivors (4096K)
 Metaspace       used 112522K, committed 114688K, reserved 1179648K
  class space    used 15421K, committed 16512K, reserved 1048576K
}
Event: 140.440 GC heap after
{Heap after GC invocations=56 (full 0):
 garbage-first heap   total 184320K, used 105984K [0x0000000080000000, 0x0000000100000000)
  region size 1024K, 7 young (7168K), 7 survivors (7168K)
 Metaspace       used 112522K, committed 114688K, reserved 1179648K
  class space    used 15421K, committed 16512K, reserved 1048576K
}
Event: 146.585 GC heap before
{Heap before GC invocations=56 (full 0):
 garbage-first heap   total 184320K, used 171520K [0x0000000080000000, 0x0000000100000000)
  region size 1024K, 67 young (68608K), 7 survivors (7168K)
 Metaspace       used 116274K, committed 118464K, reserved 1179648K
  class space    used 15752K, committed 16896K, reserved 1048576K
}
Event: 146.628 GC heap after
{Heap after GC invocations=57 (full 0):
 garbage-first heap   total 186368K, used 108544K [0x0000000080000000, 0x0000000100000000)
  region size 1024K, 7 young (7168K), 7 survivors (7168K)
 Metaspace       used 116274K, committed 118464K, reserved 1179648K
  class space    used 15752K, committed 16896K, reserved 1048576K
}
Event: 150.925 GC heap before
{Heap before GC invocations=57 (full 0):
 garbage-first heap   total 186368K, used 166912K [0x0000000080000000, 0x0000000100000000)
  region size 1024K, 65 young (66560K), 7 survivors (7168K)
 Metaspace       used 117204K, committed 119424K, reserved 1179648K
  class space    used 15883K, committed 17024K, reserved 1048576K
}
Event: 151.010 GC heap after
{Heap after GC invocations=58 (full 0):
 garbage-first heap   total 186368K, used 111081K [0x0000000080000000, 0x0000000100000000)
  region size 1024K, 5 young (5120K), 5 survivors (5120K)
 Metaspace       used 117204K, committed 119424K, reserved 1179648K
  class space    used 15883K, committed 17024K, reserved 1048576K
}
Event: 161.010 GC heap before
{Heap before GC invocations=59 (full 0):
 garbage-first heap   total 186368K, used 169449K [0x0000000080000000, 0x0000000100000000)
  region size 1024K, 63 young (64512K), 5 survivors (5120K)
 Metaspace       used 117342K, committed 119616K, reserved 1179648K
  class space    used 15904K, committed 17024K, reserved 1048576K
}
Event: 161.045 GC heap after
{Heap after GC invocations=60 (full 0):
 garbage-first heap   total 186368K, used 112640K [0x0000000080000000, 0x0000000100000000)
  region size 1024K, 4 young (4096K), 4 survivors (4096K)
 Metaspace       used 117342K, committed 119616K, reserved 1179648K
  class space    used 15904K, committed 17024K, reserved 1048576K
}
Event: 166.957 GC heap before
{Heap before GC invocations=60 (full 0):
 garbage-first heap   total 191488K, used 190464K [0x0000000080000000, 0x0000000100000000)
  region size 1024K, 51 young (52224K), 4 survivors (4096K)
 Metaspace       used 120984K, committed 123264K, reserved 1179648K
  class space    used 16415K, committed 17600K, reserved 1048576K
}
Event: 167.001 GC heap after
{Heap after GC invocations=61 (full 0):
 garbage-first heap   total 208896K, used 144384K [0x0000000080000000, 0x0000000100000000)
  region size 1024K, 8 young (8192K), 8 survivors (8192K)
 Metaspace       used 120984K, committed 123264K, reserved 1179648K
  class space    used 16415K, committed 17600K, reserved 1048576K
}
Event: 167.055 GC heap before
{Heap before GC invocations=61 (full 0):
 garbage-first heap   total 208896K, used 146432K [0x0000000080000000, 0x0000000100000000)
  region size 1024K, 11 young (11264K), 8 survivors (8192K)
 Metaspace       used 120984K, committed 123264K, reserved 1179648K
  class space    used 16415K, committed 17600K, reserved 1048576K
}
Event: 167.069 GC heap after
{Heap after GC invocations=62 (full 0):
 garbage-first heap   total 208896K, used 146117K [0x0000000080000000, 0x0000000100000000)
  region size 1024K, 2 young (2048K), 2 survivors (2048K)
 Metaspace       used 120984K, committed 123264K, reserved 1179648K
  class space    used 16415K, committed 17600K, reserved 1048576K
}

