# JRE version: OpenJDK Runtime Environment (21.0.6) (build 21.0.6+-13368085-b895.109)
# Java VM: OpenJDK 64-Bit Server VM (21.0.6+-13368085-b895.109, mixed mode, tiered, compressed oops, compressed class ptrs, g1 gc, windows-amd64)
GC Precious Log:
 CardTable entry size: 512
 Card Set container configuration: InlinePtr #cards 5 size 8 Array Of Cards #cards 12 size 40 Howl #buckets 4 coarsen threshold 1843 Howl Bitmap #cards 512 size 80 coarsen threshold 460 Card regions per heap region 1 cards per card region 2048
 CPUs: 2 total, 2 available
 Memory: 3920M
 Large Page Support: Disabled
 NUMA Support: Disabled
 Compressed Oops: Enabled (32-bit)
 Heap Region Size: 1M
 Heap Min Capacity: 8M
 Heap Initial Capacity: 62M
 Heap Max Capacity: 2G
 Pre-touch: Disabled
 Parallel Workers: 2
 Concurrent Workers: 1
 Concurrent Refinement Workers: 2
 Periodic GC: Disabled
Heap:
 garbage-first heap   total 353280K, used 246784K [0x0000000080000000, 0x0000000100000000)
  region size 1024K, 9 young (9216K), 9 survivors (9216K)
 Metaspace       used 122699K, committed 124928K, reserved 1179648K
  class space    used 16854K, committed 17984K, reserved 1048576K
GC Heap History (20 events):
Event: 63.184 GC heap after
{Heap after GC invocations=49 (full 0):
 garbage-first heap   total 178176K, used 108419K [0x0000000080000000, 0x0000000100000000)
  region size 1024K, 4 young (4096K), 4 survivors (4096K)
 Metaspace       used 112529K, committed 114624K, reserved 1179648K
  class space    used 15409K, committed 16448K, reserved 1048576K
}
Event: 64.503 GC heap before
{Heap before GC invocations=49 (full 0):
 garbage-first heap   total 178176K, used 156547K [0x0000000080000000, 0x0000000100000000)
  region size 1024K, 53 young (54272K), 4 survivors (4096K)
 Metaspace       used 112845K, committed 115008K, reserved 1179648K
  class space    used 15474K, committed 16576K, reserved 1048576K
}
Event: 64.554 GC heap after
{Heap after GC invocations=50 (full 0):
 garbage-first heap   total 178176K, used 110857K [0x0000000080000000, 0x0000000100000000)
  region size 1024K, 7 young (7168K), 7 survivors (7168K)
 Metaspace       used 112845K, committed 115008K, reserved 1179648K
  class space    used 15474K, committed 16576K, reserved 1048576K
}
Event: 67.583 GC heap before
{Heap before GC invocations=51 (full 0):
 garbage-first heap   total 186368K, used 164105K [0x0000000080000000, 0x0000000100000000)
  region size 1024K, 55 young (56320K), 7 survivors (7168K)
 Metaspace       used 115184K, committed 117376K, reserved 1179648K
  class space    used 15663K, committed 16832K, reserved 1048576K
}
Event: 67.614 GC heap after
{Heap after GC invocations=52 (full 0):
 garbage-first heap   total 186368K, used 113958K [0x0000000080000000, 0x0000000100000000)
  region size 1024K, 6 young (6144K), 6 survivors (6144K)
 Metaspace       used 115184K, committed 117376K, reserved 1179648K
  class space    used 15663K, committed 16832K, reserved 1048576K
}
Event: 70.014 GC heap before
{Heap before GC invocations=52 (full 0):
 garbage-first heap   total 186368K, used 168230K [0x0000000080000000, 0x0000000100000000)
  region size 1024K, 60 young (61440K), 6 survivors (6144K)
 Metaspace       used 115377K, committed 117632K, reserved 1179648K
  class space    used 15678K, committed 16832K, reserved 1048576K
}
Event: 70.052 GC heap after
{Heap after GC invocations=53 (full 0):
 garbage-first heap   total 224256K, used 114959K [0x0000000080000000, 0x0000000100000000)
  region size 1024K, 5 young (5120K), 5 survivors (5120K)
 Metaspace       used 115377K, committed 117632K, reserved 1179648K
  class space    used 15678K, committed 16832K, reserved 1048576K
}
Event: 73.470 GC heap before
{Heap before GC invocations=53 (full 0):
 garbage-first heap   total 224256K, used 186639K [0x0000000080000000, 0x0000000100000000)
  region size 1024K, 56 young (57344K), 5 survivors (5120K)
 Metaspace       used 119012K, committed 121216K, reserved 1179648K
  class space    used 16188K, committed 17344K, reserved 1048576K
}
Event: 73.542 GC heap after
{Heap after GC invocations=54 (full 0):
 garbage-first heap   total 224256K, used 141284K [0x0000000080000000, 0x0000000100000000)
  region size 1024K, 12 young (12288K), 12 survivors (12288K)
 Metaspace       used 119012K, committed 121216K, reserved 1179648K
  class space    used 16188K, committed 17344K, reserved 1048576K
}
Event: 73.558 GC heap before
{Heap before GC invocations=54 (full 0):
 garbage-first heap   total 224256K, used 142308K [0x0000000080000000, 0x0000000100000000)
  region size 1024K, 13 young (13312K), 12 survivors (12288K)
 Metaspace       used 119012K, committed 121216K, reserved 1179648K
  class space    used 16188K, committed 17344K, reserved 1048576K
}
Event: 73.600 GC heap after
{Heap after GC invocations=55 (full 0):
 garbage-first heap   total 224256K, used 143207K [0x0000000080000000, 0x0000000100000000)
  region size 1024K, 1 young (1024K), 1 survivors (1024K)
 Metaspace       used 119012K, committed 121216K, reserved 1179648K
  class space    used 16188K, committed 17344K, reserved 1048576K
}
Event: 78.260 GC heap before
{Heap before GC invocations=56 (full 0):
 garbage-first heap   total 250880K, used 233319K [0x0000000080000000, 0x0000000100000000)
  region size 1024K, 61 young (62464K), 1 survivors (1024K)
 Metaspace       used 119277K, committed 121472K, reserved 1179648K
  class space    used 16230K, committed 17344K, reserved 1048576K
}
Event: 78.432 GC heap after
{Heap after GC invocations=57 (full 0):
 garbage-first heap   total 258048K, used 178176K [0x0000000080000000, 0x0000000100000000)
  region size 1024K, 8 young (8192K), 8 survivors (8192K)
 Metaspace       used 119277K, committed 121472K, reserved 1179648K
  class space    used 16230K, committed 17344K, reserved 1048576K
}
Event: 81.581 GC heap before
{Heap before GC invocations=57 (full 0):
 garbage-first heap   total 258048K, used 227328K [0x0000000080000000, 0x0000000100000000)
  region size 1024K, 57 young (58368K), 8 survivors (8192K)
 Metaspace       used 122046K, committed 124288K, reserved 1179648K
  class space    used 16780K, committed 17920K, reserved 1048576K
}
Event: 81.725 GC heap after
{Heap after GC invocations=58 (full 0):
 garbage-first heap   total 258048K, used 193536K [0x0000000080000000, 0x0000000100000000)
  region size 1024K, 8 young (8192K), 8 survivors (8192K)
 Metaspace       used 122046K, committed 124288K, reserved 1179648K
  class space    used 16780K, committed 17920K, reserved 1048576K
}
Event: 83.101 GC heap before
{Heap before GC invocations=58 (full 0):
 garbage-first heap   total 258048K, used 229376K [0x0000000080000000, 0x0000000100000000)
  region size 1024K, 44 young (45056K), 8 survivors (8192K)
 Metaspace       used 122126K, committed 124352K, reserved 1179648K
  class space    used 16785K, committed 17920K, reserved 1048576K
}
Event: 83.235 GC heap after
{Heap after GC invocations=59 (full 0):
 garbage-first heap   total 258048K, used 211456K [0x0000000080000000, 0x0000000100000000)
  region size 1024K, 6 young (6144K), 6 survivors (6144K)
 Metaspace       used 122126K, committed 124352K, reserved 1179648K
  class space    used 16785K, committed 17920K, reserved 1048576K
}
Event: 84.715 GC heap before
{Heap before GC invocations=60 (full 0):
 garbage-first heap   total 353280K, used 231936K [0x0000000080000000, 0x0000000100000000)
  region size 1024K, 27 young (27648K), 6 survivors (6144K)
 Metaspace       used 122487K, committed 124672K, reserved 1179648K
  class space    used 16829K, committed 17920K, reserved 1048576K
}
Event: 84.774 GC heap after
{Heap after GC invocations=61 (full 0):
 garbage-first heap   total 353280K, used 220672K [0x0000000080000000, 0x0000000100000000)
  region size 1024K, 4 young (4096K), 4 survivors (4096K)
 Metaspace       used 122487K, committed 124672K, reserved 1179648K
  class space    used 16829K, committed 17920K, reserved 1048576K
}
Event: 86.720 GC heap before
{Heap before GC invocations=61 (full 0):
 garbage-first heap   total 353280K, used 287232K [0x0000000080000000, 0x0000000100000000)
  region size 1024K, 69 young (70656K), 4 survivors (4096K)
 Metaspace       used 122699K, committed 124928K, reserved 1179648K
  class space    used 16854K, committed 17984K, reserved 1048576K
}

