# JRE version: OpenJDK Runtime Environment (21.0.6) (build 21.0.6+-13368085-b895.109)
# Java VM: OpenJDK 64-Bit Server VM (21.0.6+-13368085-b895.109, mixed mode, tiered, compressed oops, compressed class ptrs, g1 gc, windows-amd64)
GC Precious Log:
 CardTable entry size: 512
 Card Set container configuration: InlinePtr #cards 5 size 8 Array Of Cards #cards 12 size 40 Howl #buckets 4 coarsen threshold 1843 Howl Bitmap #cards 512 size 80 coarsen threshold 460 Card regions per heap region 1 cards per card region 2048
 CPUs: 2 total, 2 available
 Memory: 3920M
 Large Page Support: Disabled
 NUMA Support: Disabled
 Compressed Oops: Enabled (32-bit)
 Heap Region Size: 1M
 Heap Min Capacity: 8M
 Heap Initial Capacity: 62M
 Heap Max Capacity: 2G
 Pre-touch: Disabled
 Parallel Workers: 2
 Concurrent Workers: 1
 Concurrent Refinement Workers: 2
 Periodic GC: Disabled
Heap:
 garbage-first heap   total 202752K, used 197536K [0x0000000080000000, 0x0000000100000000)
  region size 1024K, 46 young (47104K), 4 survivors (4096K)
 Metaspace       used 119004K, committed 121216K, reserved 1179648K
  class space    used 16178K, committed 17344K, reserved 1048576K
GC Heap History (20 events):
Event: 61.415 GC heap after
{Heap after GC invocations=47 (full 0):
 garbage-first heap   total 172032K, used 91487K [0x0000000080000000, 0x0000000100000000)
  region size 1024K, 7 young (7168K), 7 survivors (7168K)
 Metaspace       used 103687K, committed 105792K, reserved 1179648K
  class space    used 14123K, committed 15168K, reserved 1048576K
}
Event: 64.172 GC heap before
{Heap before GC invocations=48 (full 0):
 garbage-first heap   total 172032K, used 154975K [0x0000000080000000, 0x0000000100000000)
  region size 1024K, 69 young (70656K), 7 survivors (7168K)
 Metaspace       used 108651K, committed 110720K, reserved 1179648K
  class space    used 14845K, committed 15872K, reserved 1048576K
}
Event: 64.207 GC heap after
{Heap after GC invocations=49 (full 0):
 garbage-first heap   total 172032K, used 95379K [0x0000000080000000, 0x0000000100000000)
  region size 1024K, 8 young (8192K), 8 survivors (8192K)
 Metaspace       used 108651K, committed 110720K, reserved 1179648K
  class space    used 14845K, committed 15872K, reserved 1048576K
}
Event: 69.232 GC heap before
{Heap before GC invocations=49 (full 0):
 garbage-first heap   total 172032K, used 152723K [0x0000000080000000, 0x0000000100000000)
  region size 1024K, 65 young (66560K), 8 survivors (8192K)
 Metaspace       used 111933K, committed 114112K, reserved 1179648K
  class space    used 15304K, committed 16384K, reserved 1048576K
}
Event: 69.283 GC heap after
{Heap after GC invocations=50 (full 0):
 garbage-first heap   total 172032K, used 101819K [0x0000000080000000, 0x0000000100000000)
  region size 1024K, 9 young (9216K), 9 survivors (9216K)
 Metaspace       used 111933K, committed 114112K, reserved 1179648K
  class space    used 15304K, committed 16384K, reserved 1048576K
}
Event: 70.977 GC heap before
{Heap before GC invocations=50 (full 0):
 garbage-first heap   total 172032K, used 151995K [0x0000000080000000, 0x0000000100000000)
  region size 1024K, 59 young (60416K), 9 survivors (9216K)
 Metaspace       used 111940K, committed 114112K, reserved 1179648K
  class space    used 15304K, committed 16384K, reserved 1048576K
}
Event: 71.013 GC heap after
{Heap after GC invocations=51 (full 0):
 garbage-first heap   total 172032K, used 103936K [0x0000000080000000, 0x0000000100000000)
  region size 1024K, 4 young (4096K), 4 survivors (4096K)
 Metaspace       used 111940K, committed 114112K, reserved 1179648K
  class space    used 15304K, committed 16384K, reserved 1048576K
}
Event: 74.786 GC heap before
{Heap before GC invocations=52 (full 0):
 garbage-first heap   total 174080K, used 157184K [0x0000000080000000, 0x0000000100000000)
  region size 1024K, 57 young (58368K), 4 survivors (4096K)
 Metaspace       used 112453K, committed 114560K, reserved 1179648K
  class space    used 15405K, committed 16448K, reserved 1048576K
}
Event: 74.809 GC heap after
{Heap after GC invocations=53 (full 0):
 garbage-first heap   total 174080K, used 106439K [0x0000000080000000, 0x0000000100000000)
  region size 1024K, 6 young (6144K), 6 survivors (6144K)
 Metaspace       used 112453K, committed 114560K, reserved 1179648K
  class space    used 15405K, committed 16448K, reserved 1048576K
}
Event: 77.164 GC heap before
{Heap before GC invocations=53 (full 0):
 garbage-first heap   total 174080K, used 157639K [0x0000000080000000, 0x0000000100000000)
  region size 1024K, 57 young (58368K), 6 survivors (6144K)
 Metaspace       used 112596K, committed 114752K, reserved 1179648K
  class space    used 15421K, committed 16512K, reserved 1048576K
}
Event: 77.203 GC heap after
{Heap after GC invocations=54 (full 0):
 garbage-first heap   total 174080K, used 106656K [0x0000000080000000, 0x0000000100000000)
  region size 1024K, 5 young (5120K), 5 survivors (5120K)
 Metaspace       used 112596K, committed 114752K, reserved 1179648K
  class space    used 15421K, committed 16512K, reserved 1048576K
}
Event: 77.956 GC heap before
{Heap before GC invocations=54 (full 0):
 garbage-first heap   total 174080K, used 132256K [0x0000000080000000, 0x0000000100000000)
  region size 1024K, 32 young (32768K), 5 survivors (5120K)
 Metaspace       used 112837K, committed 115072K, reserved 1179648K
  class space    used 15464K, committed 16576K, reserved 1048576K
}
Event: 77.972 GC heap after
{Heap after GC invocations=55 (full 0):
 garbage-first heap   total 174080K, used 107959K [0x0000000080000000, 0x0000000100000000)
  region size 1024K, 4 young (4096K), 4 survivors (4096K)
 Metaspace       used 112837K, committed 115072K, reserved 1179648K
  class space    used 15464K, committed 16576K, reserved 1048576K
}
Event: 83.609 GC heap before
{Heap before GC invocations=56 (full 0):
 garbage-first heap   total 181248K, used 163255K [0x0000000080000000, 0x0000000100000000)
  region size 1024K, 54 young (55296K), 4 survivors (4096K)
 Metaspace       used 115227K, committed 117440K, reserved 1179648K
  class space    used 15658K, committed 16832K, reserved 1048576K
}
Event: 83.632 GC heap after
{Heap after GC invocations=57 (full 0):
 garbage-first heap   total 181248K, used 111616K [0x0000000080000000, 0x0000000100000000)
  region size 1024K, 7 young (7168K), 7 survivors (7168K)
 Metaspace       used 115227K, committed 117440K, reserved 1179648K
  class space    used 15658K, committed 16832K, reserved 1048576K
}
Event: 86.883 GC heap before
{Heap before GC invocations=57 (full 0):
 garbage-first heap   total 181248K, used 162816K [0x0000000080000000, 0x0000000100000000)
  region size 1024K, 58 young (59392K), 7 survivors (7168K)
 Metaspace       used 115352K, committed 117632K, reserved 1179648K
  class space    used 15664K, committed 16832K, reserved 1048576K
}
Event: 86.916 GC heap after
{Heap after GC invocations=58 (full 0):
 garbage-first heap   total 181248K, used 111616K [0x0000000080000000, 0x0000000100000000)
  region size 1024K, 4 young (4096K), 4 survivors (4096K)
 Metaspace       used 115352K, committed 117632K, reserved 1179648K
  class space    used 15664K, committed 16832K, reserved 1048576K
}
Event: 89.383 GC heap before
{Heap before GC invocations=58 (full 0):
 garbage-first heap   total 181248K, used 129024K [0x0000000080000000, 0x0000000100000000)
  region size 1024K, 23 young (23552K), 4 survivors (4096K)
 Metaspace       used 115664K, committed 117888K, reserved 1179648K
  class space    used 15701K, committed 16832K, reserved 1048576K
}
Event: 89.400 GC heap after
{Heap after GC invocations=59 (full 0):
 garbage-first heap   total 181248K, used 113573K [0x0000000080000000, 0x0000000100000000)
  region size 1024K, 6 young (6144K), 6 survivors (6144K)
 Metaspace       used 115664K, committed 117888K, reserved 1179648K
  class space    used 15701K, committed 16832K, reserved 1048576K
}
Event: 92.823 GC heap before
{Heap before GC invocations=60 (full 0):
 garbage-first heap   total 197632K, used 196517K [0x0000000080000000, 0x0000000100000000)
  region size 1024K, 48 young (49152K), 6 survivors (6144K)
 Metaspace       used 119004K, committed 121216K, reserved 1179648K
  class space    used 16178K, committed 17344K, reserved 1048576K
}

