# JRE version: OpenJDK Runtime Environment (21.0.6) (build 21.0.6+-13368085-b895.109)
# Java VM: OpenJDK 64-Bit Server VM (21.0.6+-13368085-b895.109, mixed mode, tiered, compressed oops, compressed class ptrs, g1 gc, windows-amd64)
GC Precious Log:
 CardTable entry size: 512
 Card Set container configuration: InlinePtr #cards 5 size 8 Array Of Cards #cards 12 size 40 Howl #buckets 4 coarsen threshold 1843 Howl Bitmap #cards 512 size 80 coarsen threshold 460 Card regions per heap region 1 cards per card region 2048
 CPUs: 2 total, 2 available
 Memory: 3920M
 Large Page Support: Disabled
 NUMA Support: Disabled
 Compressed Oops: Enabled (32-bit)
 Heap Region Size: 1M
 Heap Min Capacity: 8M
 Heap Initial Capacity: 62M
 Heap Max Capacity: 2G
 Pre-touch: Disabled
 Parallel Workers: 2
 Concurrent Workers: 1
 Concurrent Refinement Workers: 2
 Periodic GC: Disabled
Heap:
 garbage-first heap   total 214016K, used 175104K [0x0000000080000000, 0x0000000100000000)
  region size 1024K, 12 young (12288K), 6 survivors (6144K)
 Metaspace       used 121328K, committed 123456K, reserved 1179648K
  class space    used 16443K, committed 17536K, reserved 1048576K
GC Heap History (20 events):
Event: 149.379 GC heap before
{Heap before GC invocations=56 (full 0):
 garbage-first heap   total 177152K, used 156221K [0x0000000080000000, 0x0000000100000000)
  region size 1024K, 67 young (68608K), 9 survivors (9216K)
 Metaspace       used 111957K, committed 114112K, reserved 1179648K
  class space    used 15304K, committed 16384K, reserved 1048576K
}
Event: 149.428 GC heap after
{Heap after GC invocations=57 (full 0):
 garbage-first heap   total 177152K, used 103424K [0x0000000080000000, 0x0000000100000000)
  region size 1024K, 6 young (6144K), 6 survivors (6144K)
 Metaspace       used 111957K, committed 114112K, reserved 1179648K
  class space    used 15304K, committed 16384K, reserved 1048576K
}
Event: 153.523 GC heap before
{Heap before GC invocations=58 (full 0):
 garbage-first heap   total 177152K, used 159744K [0x0000000080000000, 0x0000000100000000)
  region size 1024K, 62 young (63488K), 6 survivors (6144K)
 Metaspace       used 112461K, committed 114560K, reserved 1179648K
  class space    used 15405K, committed 16448K, reserved 1048576K
}
Event: 153.554 GC heap after
{Heap after GC invocations=59 (full 0):
 garbage-first heap   total 177152K, used 107008K [0x0000000080000000, 0x0000000100000000)
  region size 1024K, 5 young (5120K), 5 survivors (5120K)
 Metaspace       used 112461K, committed 114560K, reserved 1179648K
  class space    used 15405K, committed 16448K, reserved 1048576K
}
Event: 155.869 GC heap before
{Heap before GC invocations=59 (full 0):
 garbage-first heap   total 177152K, used 160256K [0x0000000080000000, 0x0000000100000000)
  region size 1024K, 58 young (59392K), 5 survivors (5120K)
 Metaspace       used 112501K, committed 114624K, reserved 1179648K
  class space    used 15407K, committed 16448K, reserved 1048576K
}
Event: 155.897 GC heap after
{Heap after GC invocations=60 (full 0):
 garbage-first heap   total 177152K, used 106486K [0x0000000080000000, 0x0000000100000000)
  region size 1024K, 4 young (4096K), 4 survivors (4096K)
 Metaspace       used 112501K, committed 114624K, reserved 1179648K
  class space    used 15407K, committed 16448K, reserved 1048576K
}
Event: 155.998 GC heap before
{Heap before GC invocations=60 (full 0):
 garbage-first heap   total 177152K, used 108534K [0x0000000080000000, 0x0000000100000000)
  region size 1024K, 8 young (8192K), 4 survivors (4096K)
 Metaspace       used 112639K, committed 114816K, reserved 1179648K
  class space    used 15434K, committed 16512K, reserved 1048576K
}
Event: 156.013 GC heap after
{Heap after GC invocations=61 (full 0):
 garbage-first heap   total 177152K, used 107297K [0x0000000080000000, 0x0000000100000000)
  region size 1024K, 5 young (5120K), 5 survivors (5120K)
 Metaspace       used 112639K, committed 114816K, reserved 1179648K
  class space    used 15434K, committed 16512K, reserved 1048576K
}
Event: 159.433 GC heap before
{Heap before GC invocations=62 (full 0):
 garbage-first heap   total 179200K, used 161569K [0x0000000080000000, 0x0000000100000000)
  region size 1024K, 54 young (55296K), 5 survivors (5120K)
 Metaspace       used 116501K, committed 118656K, reserved 1179648K
  class space    used 15786K, committed 16896K, reserved 1048576K
}
Event: 159.460 GC heap after
{Heap after GC invocations=63 (full 0):
 garbage-first heap   total 179200K, used 110317K [0x0000000080000000, 0x0000000100000000)
  region size 1024K, 6 young (6144K), 6 survivors (6144K)
 Metaspace       used 116501K, committed 118656K, reserved 1179648K
  class space    used 15786K, committed 16896K, reserved 1048576K
}
Event: 161.515 GC heap before
{Heap before GC invocations=63 (full 0):
 garbage-first heap   total 179200K, used 158445K [0x0000000080000000, 0x0000000100000000)
  region size 1024K, 54 young (55296K), 6 survivors (6144K)
 Metaspace       used 117197K, committed 119360K, reserved 1179648K
  class space    used 15878K, committed 16960K, reserved 1048576K
}
Event: 161.551 GC heap after
{Heap after GC invocations=64 (full 0):
 garbage-first heap   total 179200K, used 111907K [0x0000000080000000, 0x0000000100000000)
  region size 1024K, 5 young (5120K), 5 survivors (5120K)
 Metaspace       used 117197K, committed 119360K, reserved 1179648K
  class space    used 15878K, committed 16960K, reserved 1048576K
}
Event: 164.402 GC heap before
{Heap before GC invocations=64 (full 0):
 garbage-first heap   total 179200K, used 161059K [0x0000000080000000, 0x0000000100000000)
  region size 1024K, 53 young (54272K), 5 survivors (5120K)
 Metaspace       used 117332K, committed 119552K, reserved 1179648K
  class space    used 15891K, committed 17024K, reserved 1048576K
}
Event: 164.424 GC heap after
{Heap after GC invocations=65 (full 0):
 garbage-first heap   total 179200K, used 113570K [0x0000000080000000, 0x0000000100000000)
  region size 1024K, 4 young (4096K), 4 survivors (4096K)
 Metaspace       used 117332K, committed 119552K, reserved 1179648K
  class space    used 15891K, committed 17024K, reserved 1048576K
}
Event: 169.155 GC heap before
{Heap before GC invocations=66 (full 0):
 garbage-first heap   total 189440K, used 176034K [0x0000000080000000, 0x0000000100000000)
  region size 1024K, 52 young (53248K), 4 survivors (4096K)
 Metaspace       used 119409K, committed 121600K, reserved 1179648K
  class space    used 16177K, committed 17280K, reserved 1048576K
}
Event: 169.175 GC heap after
{Heap after GC invocations=67 (full 0):
 garbage-first heap   total 189440K, used 135097K [0x0000000080000000, 0x0000000100000000)
  region size 1024K, 7 young (7168K), 7 survivors (7168K)
 Metaspace       used 119409K, committed 121600K, reserved 1179648K
  class space    used 16177K, committed 17280K, reserved 1048576K
}
Event: 169.780 GC heap before
{Heap before GC invocations=67 (full 0):
 garbage-first heap   total 197632K, used 196537K [0x0000000080000000, 0x0000000100000000)
  region size 1024K, 33 young (33792K), 7 survivors (7168K)
 Metaspace       used 121010K, committed 123136K, reserved 1179648K
  class space    used 16401K, committed 17472K, reserved 1048576K
}
Event: 169.805 GC heap after
{Heap after GC invocations=68 (full 0):
 garbage-first heap   total 214016K, used 154468K [0x0000000080000000, 0x0000000100000000)
  region size 1024K, 6 young (6144K), 6 survivors (6144K)
 Metaspace       used 121010K, committed 123136K, reserved 1179648K
  class space    used 16401K, committed 17472K, reserved 1048576K
}
Event: 171.542 GC heap before
{Heap before GC invocations=68 (full 0):
 garbage-first heap   total 214016K, used 188260K [0x0000000080000000, 0x0000000100000000)
  region size 1024K, 41 young (41984K), 6 survivors (6144K)
 Metaspace       used 121328K, committed 123456K, reserved 1179648K
  class space    used 16443K, committed 17536K, reserved 1048576K
}
Event: 171.625 GC heap after
{Heap after GC invocations=69 (full 0):
 garbage-first heap   total 214016K, used 168960K [0x0000000080000000, 0x0000000100000000)
  region size 1024K, 6 young (6144K), 6 survivors (6144K)
 Metaspace       used 121328K, committed 123456K, reserved 1179648K
  class space    used 16443K, committed 17536K, reserved 1048576K
}

