# JRE version: OpenJDK Runtime Environment (21.0.6) (build 21.0.6+-13368085-b895.109)
# Java VM: OpenJDK 64-Bit Server VM (21.0.6+-13368085-b895.109, mixed mode, tiered, compressed oops, compressed class ptrs, g1 gc, windows-amd64)
GC Precious Log:
 CardTable entry size: 512
 Card Set container configuration: InlinePtr #cards 5 size 8 Array Of Cards #cards 12 size 40 Howl #buckets 4 coarsen threshold 1843 Howl Bitmap #cards 512 size 80 coarsen threshold 460 Card regions per heap region 1 cards per card region 2048
 CPUs: 2 total, 2 available
 Memory: 3920M
 Large Page Support: Disabled
 NUMA Support: Disabled
 Compressed Oops: Enabled (32-bit)
 Heap Region Size: 1M
 Heap Min Capacity: 8M
 Heap Initial Capacity: 62M
 Heap Max Capacity: 2G
 Pre-touch: Disabled
 Parallel Workers: 2
 Concurrent Workers: 1
 Concurrent Refinement Workers: 2
 Periodic GC: Disabled
Heap:
 garbage-first heap   total 135168K, used 105316K [0x0000000080000000, 0x0000000100000000)
  region size 1024K, 28 young (28672K), 3 survivors (3072K)
 Metaspace       used 88725K, committed 90560K, reserved 1179648K
  class space    used 11873K, committed 12800K, reserved 1048576K
GC Heap History (20 events):
Event: 40.918 GC heap before
{Heap before GC invocations=28 (full 0):
 garbage-first heap   total 92160K, used 81654K [0x0000000080000000, 0x0000000100000000)
  region size 1024K, 36 young (36864K), 3 survivors (3072K)
 Metaspace       used 67054K, committed 68672K, reserved 1114112K
  class space    used 9060K, committed 9856K, reserved 1048576K
}
Event: 40.932 GC heap after
{Heap after GC invocations=29 (full 0):
 garbage-first heap   total 92160K, used 49834K [0x0000000080000000, 0x0000000100000000)
  region size 1024K, 3 young (3072K), 3 survivors (3072K)
 Metaspace       used 67054K, committed 68672K, reserved 1114112K
  class space    used 9060K, committed 9856K, reserved 1048576K
}
Event: 46.483 GC heap before
{Heap before GC invocations=29 (full 0):
 garbage-first heap   total 92160K, used 90794K [0x0000000080000000, 0x0000000100000000)
  region size 1024K, 32 young (32768K), 3 survivors (3072K)
 Metaspace       used 68566K, committed 70336K, reserved 1114112K
  class space    used 9276K, committed 10176K, reserved 1048576K
}
Event: 46.521 GC heap after
{Heap after GC invocations=30 (full 0):
 garbage-first heap   total 103424K, used 67032K [0x0000000080000000, 0x0000000100000000)
  region size 1024K, 5 young (5120K), 5 survivors (5120K)
 Metaspace       used 68566K, committed 70336K, reserved 1114112K
  class space    used 9276K, committed 10176K, reserved 1048576K
}
Event: 46.792 GC heap before
{Heap before GC invocations=30 (full 0):
 garbage-first heap   total 103424K, used 70104K [0x0000000080000000, 0x0000000100000000)
  region size 1024K, 9 young (9216K), 5 survivors (5120K)
 Metaspace       used 68747K, committed 70528K, reserved 1114112K
  class space    used 9291K, committed 10176K, reserved 1048576K
}
Event: 46.800 GC heap after
{Heap after GC invocations=31 (full 0):
 garbage-first heap   total 103424K, used 68940K [0x0000000080000000, 0x0000000100000000)
  region size 1024K, 2 young (2048K), 2 survivors (2048K)
 Metaspace       used 68747K, committed 70528K, reserved 1114112K
  class space    used 9291K, committed 10176K, reserved 1048576K
}
Event: 48.973 GC heap before
{Heap before GC invocations=32 (full 0):
 garbage-first heap   total 116736K, used 88396K [0x0000000080000000, 0x0000000100000000)
  region size 1024K, 21 young (21504K), 2 survivors (2048K)
 Metaspace       used 70377K, committed 72064K, reserved 1114112K
  class space    used 9504K, committed 10368K, reserved 1048576K
}
Event: 48.983 GC heap after
{Heap after GC invocations=33 (full 0):
 garbage-first heap   total 116736K, used 69899K [0x0000000080000000, 0x0000000100000000)
  region size 1024K, 2 young (2048K), 2 survivors (2048K)
 Metaspace       used 70377K, committed 72064K, reserved 1114112K
  class space    used 9504K, committed 10368K, reserved 1048576K
}
Event: 51.802 GC heap before
{Heap before GC invocations=33 (full 0):
 garbage-first heap   total 116736K, used 97547K [0x0000000080000000, 0x0000000100000000)
  region size 1024K, 30 young (30720K), 2 survivors (2048K)
 Metaspace       used 73516K, committed 75200K, reserved 1114112K
  class space    used 9840K, committed 10688K, reserved 1048576K
}
Event: 51.821 GC heap after
{Heap after GC invocations=34 (full 0):
 garbage-first heap   total 116736K, used 69950K [0x0000000080000000, 0x0000000100000000)
  region size 1024K, 2 young (2048K), 2 survivors (2048K)
 Metaspace       used 73516K, committed 75200K, reserved 1114112K
  class space    used 9840K, committed 10688K, reserved 1048576K
}
Event: 54.827 GC heap before
{Heap before GC invocations=34 (full 0):
 garbage-first heap   total 116736K, used 99646K [0x0000000080000000, 0x0000000100000000)
  region size 1024K, 32 young (32768K), 2 survivors (2048K)
 Metaspace       used 76768K, committed 78656K, reserved 1179648K
  class space    used 10335K, committed 11264K, reserved 1048576K
}
Event: 54.844 GC heap after
{Heap after GC invocations=35 (full 0):
 garbage-first heap   total 116736K, used 72236K [0x0000000080000000, 0x0000000100000000)
  region size 1024K, 4 young (4096K), 4 survivors (4096K)
 Metaspace       used 76768K, committed 78656K, reserved 1179648K
  class space    used 10335K, committed 11264K, reserved 1048576K
}
Event: 60.050 GC heap before
{Heap before GC invocations=36 (full 0):
 garbage-first heap   total 121856K, used 107052K [0x0000000080000000, 0x0000000100000000)
  region size 1024K, 34 young (34816K), 4 survivors (4096K)
 Metaspace       used 78776K, committed 80640K, reserved 1179648K
  class space    used 10593K, committed 11520K, reserved 1048576K
}
Event: 60.082 GC heap after
{Heap after GC invocations=37 (full 0):
 garbage-first heap   total 121856K, used 76402K [0x0000000080000000, 0x0000000100000000)
  region size 1024K, 5 young (5120K), 5 survivors (5120K)
 Metaspace       used 78776K, committed 80640K, reserved 1179648K
  class space    used 10593K, committed 11520K, reserved 1048576K
}
Event: 74.131 GC heap before
{Heap before GC invocations=37 (full 0):
 garbage-first heap   total 121856K, used 107122K [0x0000000080000000, 0x0000000100000000)
  region size 1024K, 35 young (35840K), 5 survivors (5120K)
 Metaspace       used 81062K, committed 82944K, reserved 1179648K
  class space    used 10890K, committed 11840K, reserved 1048576K
}
Event: 74.164 GC heap after
{Heap after GC invocations=38 (full 0):
 garbage-first heap   total 121856K, used 77875K [0x0000000080000000, 0x0000000100000000)
  region size 1024K, 2 young (2048K), 2 survivors (2048K)
 Metaspace       used 81062K, committed 82944K, reserved 1179648K
  class space    used 10890K, committed 11840K, reserved 1048576K
}
Event: 91.451 GC heap before
{Heap before GC invocations=38 (full 0):
 garbage-first heap   total 121856K, used 108595K [0x0000000080000000, 0x0000000100000000)
  region size 1024K, 32 young (32768K), 2 survivors (2048K)
 Metaspace       used 84737K, committed 86656K, reserved 1179648K
  class space    used 11329K, committed 12288K, reserved 1048576K
}
Event: 91.492 GC heap after
{Heap after GC invocations=39 (full 0):
 garbage-first heap   total 121856K, used 79747K [0x0000000080000000, 0x0000000100000000)
  region size 1024K, 4 young (4096K), 4 survivors (4096K)
 Metaspace       used 84737K, committed 86656K, reserved 1179648K
  class space    used 11329K, committed 12288K, reserved 1048576K
}
Event: 114.992 GC heap before
{Heap before GC invocations=40 (full 0):
 garbage-first heap   total 135168K, used 108419K [0x0000000080000000, 0x0000000100000000)
  region size 1024K, 32 young (32768K), 4 survivors (4096K)
 Metaspace       used 86957K, committed 88768K, reserved 1179648K
  class space    used 11632K, committed 12544K, reserved 1048576K
}
Event: 115.014 GC heap after
{Heap after GC invocations=41 (full 0):
 garbage-first heap   total 135168K, used 80740K [0x0000000080000000, 0x0000000100000000)
  region size 1024K, 3 young (3072K), 3 survivors (3072K)
 Metaspace       used 86957K, committed 88768K, reserved 1179648K
  class space    used 11632K, committed 12544K, reserved 1048576K
}

