# JRE version: OpenJDK Runtime Environment (21.0.6) (build 21.0.6+-13368085-b895.109)
# Java VM: OpenJDK 64-Bit Server VM (21.0.6+-13368085-b895.109, mixed mode, tiered, compressed oops, compressed class ptrs, g1 gc, windows-amd64)
GC Precious Log:
 CardTable entry size: 512
 Card Set container configuration: InlinePtr #cards 5 size 8 Array Of Cards #cards 12 size 40 Howl #buckets 4 coarsen threshold 1843 Howl Bitmap #cards 512 size 80 coarsen threshold 460 Card regions per heap region 1 cards per card region 2048
 CPUs: 2 total, 2 available
 Memory: 3920M
 Large Page Support: Disabled
 NUMA Support: Disabled
 Compressed Oops: Enabled (32-bit)
 Heap Region Size: 1M
 Heap Min Capacity: 8M
 Heap Initial Capacity: 62M
 Heap Max Capacity: 2G
 Pre-touch: Disabled
 Parallel Workers: 2
 Concurrent Workers: 1
 Concurrent Refinement Workers: 2
 Periodic GC: Disabled
Heap:
 garbage-first heap   total 440320K, used 322560K [0x0000000080000000, 0x0000000100000000)
  region size 1024K, 4 young (4096K), 1 survivors (1024K)
 Metaspace       used 129604K, committed 131840K, reserved 1179648K
  class space    used 17727K, committed 18880K, reserved 1048576K
GC Heap History (20 events):
Event: 81.910 GC heap before
{Heap before GC invocations=58 (full 0):
 garbage-first heap   total 286720K, used 246272K [0x0000000080000000, 0x0000000100000000)
  region size 1024K, 48 young (49152K), 8 survivors (8192K)
 Metaspace       used 121921K, committed 124224K, reserved 1179648K
  class space    used 16763K, committed 17920K, reserved 1048576K
}
Event: 82.081 GC heap after
{Heap after GC invocations=59 (full 0):
 garbage-first heap   total 370688K, used 225792K [0x0000000080000000, 0x0000000100000000)
  region size 1024K, 6 young (6144K), 6 survivors (6144K)
 Metaspace       used 121921K, committed 124224K, reserved 1179648K
  class space    used 16763K, committed 17920K, reserved 1048576K
}
Event: 86.011 GC heap before
{Heap before GC invocations=60 (full 0):
 garbage-first heap   total 377856K, used 293376K [0x0000000080000000, 0x0000000100000000)
  region size 1024K, 73 young (74752K), 6 survivors (6144K)
 Metaspace       used 124415K, committed 126656K, reserved 1179648K
  class space    used 17093K, committed 18240K, reserved 1048576K
}
Event: 86.125 GC heap after
{Heap after GC invocations=61 (full 0):
 garbage-first heap   total 377856K, used 251392K [0x0000000080000000, 0x0000000100000000)
  region size 1024K, 10 young (10240K), 10 survivors (10240K)
 Metaspace       used 124415K, committed 126656K, reserved 1179648K
  class space    used 17093K, committed 18240K, reserved 1048576K
}
Event: 88.358 GC heap before
{Heap before GC invocations=61 (full 0):
 garbage-first heap   total 377856K, used 310784K [0x0000000080000000, 0x0000000100000000)
  region size 1024K, 69 young (70656K), 10 survivors (10240K)
 Metaspace       used 127021K, committed 129280K, reserved 1179648K
  class space    used 17442K, committed 18560K, reserved 1048576K
}
Event: 88.515 GC heap after
{Heap after GC invocations=62 (full 0):
 garbage-first heap   total 377856K, used 257024K [0x0000000080000000, 0x0000000100000000)
  region size 1024K, 7 young (7168K), 7 survivors (7168K)
 Metaspace       used 127021K, committed 129280K, reserved 1179648K
  class space    used 17442K, committed 18560K, reserved 1048576K
}
Event: 90.322 GC heap before
{Heap before GC invocations=62 (full 0):
 garbage-first heap   total 377856K, used 318464K [0x0000000080000000, 0x0000000100000000)
  region size 1024K, 68 young (69632K), 7 survivors (7168K)
 Metaspace       used 127953K, committed 130176K, reserved 1179648K
  class space    used 17545K, committed 18688K, reserved 1048576K
}
Event: 90.368 GC heap after
{Heap after GC invocations=63 (full 0):
 garbage-first heap   total 377856K, used 261120K [0x0000000080000000, 0x0000000100000000)
  region size 1024K, 7 young (7168K), 7 survivors (7168K)
 Metaspace       used 127953K, committed 130176K, reserved 1179648K
  class space    used 17545K, committed 18688K, reserved 1048576K
}
Event: 94.748 GC heap before
{Heap before GC invocations=64 (full 0):
 garbage-first heap   total 403456K, used 306176K [0x0000000080000000, 0x0000000100000000)
  region size 1024K, 70 young (71680K), 7 survivors (7168K)
 Metaspace       used 128552K, committed 130816K, reserved 1179648K
  class space    used 17625K, committed 18752K, reserved 1048576K
}
Event: 94.812 GC heap after
{Heap after GC invocations=65 (full 0):
 garbage-first heap   total 403456K, used 247808K [0x0000000080000000, 0x0000000100000000)
  region size 1024K, 6 young (6144K), 6 survivors (6144K)
 Metaspace       used 128552K, committed 130816K, reserved 1179648K
  class space    used 17625K, committed 18752K, reserved 1048576K
}
Event: 98.903 GC heap before
{Heap before GC invocations=65 (full 0):
 garbage-first heap   total 403456K, used 332800K [0x0000000080000000, 0x0000000100000000)
  region size 1024K, 80 young (81920K), 6 survivors (6144K)
 Metaspace       used 128859K, committed 131136K, reserved 1179648K
  class space    used 17656K, committed 18816K, reserved 1048576K
}
Event: 98.985 GC heap after
{Heap after GC invocations=66 (full 0):
 garbage-first heap   total 403456K, used 258048K [0x0000000080000000, 0x0000000100000000)
  region size 1024K, 8 young (8192K), 8 survivors (8192K)
 Metaspace       used 128859K, committed 131136K, reserved 1179648K
  class space    used 17656K, committed 18816K, reserved 1048576K
}
Event: 99.980 GC heap before
{Heap before GC invocations=66 (full 0):
 garbage-first heap   total 403456K, used 282624K [0x0000000080000000, 0x0000000100000000)
  region size 1024K, 34 young (34816K), 8 survivors (8192K)
 Metaspace       used 128884K, committed 131136K, reserved 1179648K
  class space    used 17661K, committed 18816K, reserved 1048576K
}
Event: 100.088 GC heap after
{Heap after GC invocations=67 (full 0):
 garbage-first heap   total 403456K, used 260608K [0x0000000080000000, 0x0000000100000000)
  region size 1024K, 4 young (4096K), 4 survivors (4096K)
 Metaspace       used 128884K, committed 131136K, reserved 1179648K
  class space    used 17661K, committed 18816K, reserved 1048576K
}
Event: 106.098 GC heap before
{Heap before GC invocations=68 (full 0):
 garbage-first heap   total 440320K, used 337408K [0x0000000080000000, 0x0000000100000000)
  region size 1024K, 68 young (69632K), 4 survivors (4096K)
 Metaspace       used 129313K, committed 131520K, reserved 1179648K
  class space    used 17697K, committed 18816K, reserved 1048576K
}
Event: 106.146 GC heap after
{Heap after GC invocations=69 (full 0):
 garbage-first heap   total 440320K, used 278080K [0x0000000080000000, 0x0000000100000000)
  region size 1024K, 9 young (9216K), 9 survivors (9216K)
 Metaspace       used 129313K, committed 131520K, reserved 1179648K
  class space    used 17697K, committed 18816K, reserved 1048576K
}
Event: 107.914 GC heap before
{Heap before GC invocations=69 (full 0):
 garbage-first heap   total 440320K, used 389696K [0x0000000080000000, 0x0000000100000000)
  region size 1024K, 96 young (98304K), 9 survivors (9216K)
 Metaspace       used 129592K, committed 131840K, reserved 1179648K
  class space    used 17727K, committed 18880K, reserved 1048576K
}
Event: 108.055 GC heap after
{Heap after GC invocations=70 (full 0):
 garbage-first heap   total 440320K, used 304761K [0x0000000080000000, 0x0000000100000000)
  region size 1024K, 12 young (12288K), 12 survivors (12288K)
 Metaspace       used 129592K, committed 131840K, reserved 1179648K
  class space    used 17727K, committed 18880K, reserved 1048576K
}
Event: 109.086 GC heap before
{Heap before GC invocations=70 (full 0):
 garbage-first heap   total 440320K, used 335481K [0x0000000080000000, 0x0000000100000000)
  region size 1024K, 43 young (44032K), 12 survivors (12288K)
 Metaspace       used 129602K, committed 131840K, reserved 1179648K
  class space    used 17727K, committed 18880K, reserved 1048576K
}
Event: 109.128 GC heap after
{Heap after GC invocations=71 (full 0):
 garbage-first heap   total 440320K, used 300032K [0x0000000080000000, 0x0000000100000000)
  region size 1024K, 1 young (1024K), 1 survivors (1024K)
 Metaspace       used 129602K, committed 131840K, reserved 1179648K
  class space    used 17727K, committed 18880K, reserved 1048576K
}

