# JRE version: OpenJDK Runtime Environment (21.0.6) (build 21.0.6+-13368085-b895.109)
# Java VM: OpenJDK 64-Bit Server VM (21.0.6+-13368085-b895.109, mixed mode, tiered, compressed oops, compressed class ptrs, g1 gc, windows-amd64)
GC Precious Log:
 CardTable entry size: 512
 Card Set container configuration: InlinePtr #cards 5 size 8 Array Of Cards #cards 12 size 40 Howl #buckets 4 coarsen threshold 1843 Howl Bitmap #cards 512 size 80 coarsen threshold 460 Card regions per heap region 1 cards per card region 2048
 CPUs: 2 total, 2 available
 Memory: 3920M
 Large Page Support: Disabled
 NUMA Support: Disabled
 Compressed Oops: Enabled (32-bit)
 Heap Region Size: 1M
 Heap Min Capacity: 8M
 Heap Initial Capacity: 62M
 Heap Max Capacity: 2G
 Pre-touch: Disabled
 Parallel Workers: 2
 Concurrent Workers: 1
 Concurrent Refinement Workers: 2
 Periodic GC: Disabled
Heap:
 garbage-first heap   total 420864K, used 233984K [0x0000000080000000, 0x0000000100000000)
  region size 1024K, 22 young (22528K), 3 survivors (3072K)
 Metaspace       used 125122K, committed 127360K, reserved 1179648K
  class space    used 17101K, committed 18240K, reserved 1048576K
GC Heap History (20 events):
Event: 75.002 GC heap before
{Heap before GC invocations=51 (full 0):
 garbage-first heap   total 176128K, used 160124K [0x0000000080000000, 0x0000000100000000)
  region size 1024K, 57 young (58368K), 4 survivors (4096K)
 Metaspace       used 116575K, committed 118784K, reserved 1179648K
  class space    used 15789K, committed 16896K, reserved 1048576K
}
Event: 75.031 GC heap after
{Heap after GC invocations=52 (full 0):
 garbage-first heap   total 176128K, used 110972K [0x0000000080000000, 0x0000000100000000)
  region size 1024K, 8 young (8192K), 8 survivors (8192K)
 Metaspace       used 116575K, committed 118784K, reserved 1179648K
  class space    used 15789K, committed 16896K, reserved 1048576K
}
Event: 77.192 GC heap before
{Heap before GC invocations=53 (full 0):
 garbage-first heap   total 186368K, used 156028K [0x0000000080000000, 0x0000000100000000)
  region size 1024K, 53 young (54272K), 8 survivors (8192K)
 Metaspace       used 117246K, committed 119424K, reserved 1179648K
  class space    used 15880K, committed 16960K, reserved 1048576K
}
Event: 77.222 GC heap after
{Heap after GC invocations=54 (full 0):
 garbage-first heap   total 186368K, used 112878K [0x0000000080000000, 0x0000000100000000)
  region size 1024K, 4 young (4096K), 4 survivors (4096K)
 Metaspace       used 117246K, committed 119424K, reserved 1179648K
  class space    used 15880K, committed 16960K, reserved 1048576K
}
Event: 80.109 GC heap before
{Heap before GC invocations=54 (full 0):
 garbage-first heap   total 186368K, used 170222K [0x0000000080000000, 0x0000000100000000)
  region size 1024K, 61 young (62464K), 4 survivors (4096K)
 Metaspace       used 117422K, committed 119552K, reserved 1179648K
  class space    used 15893K, committed 16960K, reserved 1048576K
}
Event: 80.144 GC heap after
{Heap after GC invocations=55 (full 0):
 garbage-first heap   total 186368K, used 113589K [0x0000000080000000, 0x0000000100000000)
  region size 1024K, 6 young (6144K), 6 survivors (6144K)
 Metaspace       used 117422K, committed 119552K, reserved 1179648K
  class space    used 15893K, committed 16960K, reserved 1048576K
}
Event: 84.655 GC heap before
{Heap before GC invocations=55 (full 0):
 garbage-first heap   total 186368K, used 134069K [0x0000000080000000, 0x0000000100000000)
  region size 1024K, 28 young (28672K), 6 survivors (6144K)
 Metaspace       used 117735K, committed 119936K, reserved 1179648K
  class space    used 15927K, committed 17024K, reserved 1048576K
}
Event: 84.680 GC heap after
{Heap after GC invocations=56 (full 0):
 garbage-first heap   total 186368K, used 115175K [0x0000000080000000, 0x0000000100000000)
  region size 1024K, 6 young (6144K), 6 survivors (6144K)
 Metaspace       used 117735K, committed 119936K, reserved 1179648K
  class space    used 15927K, committed 17024K, reserved 1048576K
}
Event: 88.446 GC heap before
{Heap before GC invocations=57 (full 0):
 garbage-first heap   total 210944K, used 209383K [0x0000000080000000, 0x0000000100000000)
  region size 1024K, 50 young (51200K), 6 survivors (6144K)
 Metaspace       used 121087K, committed 123264K, reserved 1179648K
  class space    used 16404K, committed 17472K, reserved 1048576K
}
Event: 88.480 GC heap after
{Heap after GC invocations=58 (full 0):
 garbage-first heap   total 228352K, used 155485K [0x0000000080000000, 0x0000000100000000)
  region size 1024K, 8 young (8192K), 8 survivors (8192K)
 Metaspace       used 121087K, committed 123264K, reserved 1179648K
  class space    used 16404K, committed 17472K, reserved 1048576K
}
Event: 91.752 GC heap before
{Heap before GC invocations=58 (full 0):
 garbage-first heap   total 228352K, used 204637K [0x0000000080000000, 0x0000000100000000)
  region size 1024K, 55 young (56320K), 8 survivors (8192K)
 Metaspace       used 121509K, committed 123712K, reserved 1179648K
  class space    used 16459K, committed 17536K, reserved 1048576K
}
Event: 91.881 GC heap after
{Heap after GC invocations=59 (full 0):
 garbage-first heap   total 233472K, used 173568K [0x0000000080000000, 0x0000000100000000)
  region size 1024K, 7 young (7168K), 7 survivors (7168K)
 Metaspace       used 121509K, committed 123712K, reserved 1179648K
  class space    used 16459K, committed 17536K, reserved 1048576K
}
Event: 94.643 GC heap before
{Heap before GC invocations=59 (full 0):
 garbage-first heap   total 233472K, used 209408K [0x0000000080000000, 0x0000000100000000)
  region size 1024K, 43 young (44032K), 7 survivors (7168K)
 Metaspace       used 122540K, committed 124800K, reserved 1179648K
  class space    used 16600K, committed 17728K, reserved 1048576K
}
Event: 95.036 GC heap after
{Heap after GC invocations=60 (full 0):
 garbage-first heap   total 233472K, used 184320K [0x0000000080000000, 0x0000000100000000)
  region size 1024K, 6 young (6144K), 6 survivors (6144K)
 Metaspace       used 122540K, committed 124800K, reserved 1179648K
  class space    used 16600K, committed 17728K, reserved 1048576K
}
Event: 96.918 GC heap before
{Heap before GC invocations=61 (full 0):
 garbage-first heap   total 307200K, used 209920K [0x0000000080000000, 0x0000000100000000)
  region size 1024K, 32 young (32768K), 6 survivors (6144K)
 Metaspace       used 124360K, committed 126592K, reserved 1179648K
  class space    used 17037K, committed 18176K, reserved 1048576K
}
Event: 97.077 GC heap after
{Heap after GC invocations=62 (full 0):
 garbage-first heap   total 307200K, used 188928K [0x0000000080000000, 0x0000000100000000)
  region size 1024K, 4 young (4096K), 4 survivors (4096K)
 Metaspace       used 124360K, committed 126592K, reserved 1179648K
  class space    used 17037K, committed 18176K, reserved 1048576K
}
Event: 100.230 GC heap before
{Heap before GC invocations=62 (full 0):
 garbage-first heap   total 307200K, used 255488K [0x0000000080000000, 0x0000000100000000)
  region size 1024K, 70 young (71680K), 4 survivors (4096K)
 Metaspace       used 125067K, committed 127360K, reserved 1179648K
  class space    used 17097K, committed 18240K, reserved 1048576K
}
Event: 100.646 GC heap after
{Heap after GC invocations=63 (full 0):
 garbage-first heap   total 420864K, used 209408K [0x0000000080000000, 0x0000000100000000)
  region size 1024K, 9 young (9216K), 9 survivors (9216K)
 Metaspace       used 125067K, committed 127360K, reserved 1179648K
  class space    used 17097K, committed 18240K, reserved 1048576K
}
Event: 102.406 GC heap before
{Heap before GC invocations=63 (full 0):
 garbage-first heap   total 420864K, used 222720K [0x0000000080000000, 0x0000000100000000)
  region size 1024K, 22 young (22528K), 9 survivors (9216K)
 Metaspace       used 125116K, committed 127360K, reserved 1179648K
  class space    used 17100K, committed 18240K, reserved 1048576K
}
Event: 102.485 GC heap after
{Heap after GC invocations=64 (full 0):
 garbage-first heap   total 420864K, used 215552K [0x0000000080000000, 0x0000000100000000)
  region size 1024K, 3 young (3072K), 3 survivors (3072K)
 Metaspace       used 125116K, committed 127360K, reserved 1179648K
  class space    used 17100K, committed 18240K, reserved 1048576K
}

