# JRE version: OpenJDK Runtime Environment (21.0.6) (build 21.0.6+-13368085-b895.109)
# Java VM: OpenJDK 64-Bit Server VM (21.0.6+-13368085-b895.109, mixed mode, tiered, compressed oops, compressed class ptrs, g1 gc, windows-amd64)
GC Precious Log:
 CardTable entry size: 512
 Card Set container configuration: InlinePtr #cards 5 size 8 Array Of Cards #cards 12 size 40 Howl #buckets 4 coarsen threshold 1843 Howl Bitmap #cards 512 size 80 coarsen threshold 460 Card regions per heap region 1 cards per card region 2048
 CPUs: 2 total, 2 available
 Memory: 3920M
 Large Page Support: Disabled
 NUMA Support: Disabled
 Compressed Oops: Enabled (32-bit)
 Heap Region Size: 1M
 Heap Min Capacity: 8M
 Heap Initial Capacity: 62M
 Heap Max Capacity: 2G
 Pre-touch: Disabled
 Parallel Workers: 2
 Concurrent Workers: 1
 Concurrent Refinement Workers: 2
 Periodic GC: Disabled
Heap:
 garbage-first heap   total 144384K, used 81228K [0x0000000080000000, 0x0000000100000000)
  region size 1024K, 7 young (7168K), 5 survivors (5120K)
 Metaspace       used 89091K, committed 91008K, reserved 1179648K
  class space    used 11924K, committed 12864K, reserved 1048576K
GC Heap History (20 events):
Event: 28.806 GC heap before
{Heap before GC invocations=27 (full 0):
 garbage-first heap   total 86016K, used 77479K [0x0000000080000000, 0x0000000100000000)
  region size 1024K, 32 young (32768K), 3 survivors (3072K)
 Metaspace       used 67193K, committed 68864K, reserved 1114112K
  class space    used 9097K, committed 9984K, reserved 1048576K
}
Event: 28.819 GC heap after
{Heap after GC invocations=28 (full 0):
 garbage-first heap   total 86016K, used 48720K [0x0000000080000000, 0x0000000100000000)
  region size 1024K, 3 young (3072K), 3 survivors (3072K)
 Metaspace       used 67193K, committed 68864K, reserved 1114112K
  class space    used 9097K, committed 9984K, reserved 1048576K
}
Event: 30.166 GC heap before
{Heap before GC invocations=28 (full 0):
 garbage-first heap   total 86016K, used 84560K [0x0000000080000000, 0x0000000100000000)
  region size 1024K, 27 young (27648K), 3 survivors (3072K)
 Metaspace       used 68301K, committed 70080K, reserved 1114112K
  class space    used 9254K, committed 10112K, reserved 1048576K
}
Event: 30.191 GC heap after
{Heap after GC invocations=29 (full 0):
 garbage-first heap   total 116736K, used 65800K [0x0000000080000000, 0x0000000100000000)
  region size 1024K, 4 young (4096K), 4 survivors (4096K)
 Metaspace       used 68301K, committed 70080K, reserved 1114112K
  class space    used 9254K, committed 10112K, reserved 1048576K
}
Event: 30.368 GC heap before
{Heap before GC invocations=29 (full 0):
 garbage-first heap   total 116736K, used 70920K [0x0000000080000000, 0x0000000100000000)
  region size 1024K, 11 young (11264K), 4 survivors (4096K)
 Metaspace       used 68766K, committed 70528K, reserved 1114112K
  class space    used 9299K, committed 10176K, reserved 1048576K
}
Event: 30.374 GC heap after
{Heap after GC invocations=30 (full 0):
 garbage-first heap   total 116736K, used 67134K [0x0000000080000000, 0x0000000100000000)
  region size 1024K, 1 young (1024K), 1 survivors (1024K)
 Metaspace       used 68766K, committed 70528K, reserved 1114112K
  class space    used 9299K, committed 10176K, reserved 1048576K
}
Event: 32.036 GC heap before
{Heap before GC invocations=31 (full 0):
 garbage-first heap   total 116736K, used 105022K [0x0000000080000000, 0x0000000100000000)
  region size 1024K, 38 young (38912K), 1 survivors (1024K)
 Metaspace       used 72193K, committed 74048K, reserved 1114112K
  class space    used 9703K, committed 10624K, reserved 1048576K
}
Event: 32.044 GC heap after
{Heap after GC invocations=32 (full 0):
 garbage-first heap   total 116736K, used 69289K [0x0000000080000000, 0x0000000100000000)
  region size 1024K, 2 young (2048K), 2 survivors (2048K)
 Metaspace       used 72193K, committed 74048K, reserved 1114112K
  class space    used 9703K, committed 10624K, reserved 1048576K
}
Event: 33.596 GC heap before
{Heap before GC invocations=32 (full 0):
 garbage-first heap   total 116736K, used 106153K [0x0000000080000000, 0x0000000100000000)
  region size 1024K, 38 young (38912K), 2 survivors (2048K)
 Metaspace       used 76194K, committed 78080K, reserved 1179648K
  class space    used 10275K, committed 11264K, reserved 1048576K
}
Event: 33.612 GC heap after
{Heap after GC invocations=33 (full 0):
 garbage-first heap   total 116736K, used 70001K [0x0000000080000000, 0x0000000100000000)
  region size 1024K, 4 young (4096K), 4 survivors (4096K)
 Metaspace       used 76194K, committed 78080K, reserved 1179648K
  class space    used 10275K, committed 11264K, reserved 1048576K
}
Event: 35.200 GC heap before
{Heap before GC invocations=33 (full 0):
 garbage-first heap   total 116736K, used 76145K [0x0000000080000000, 0x0000000100000000)
  region size 1024K, 11 young (11264K), 4 survivors (4096K)
 Metaspace       used 77546K, committed 79424K, reserved 1179648K
  class space    used 10423K, committed 11392K, reserved 1048576K
}
Event: 35.213 GC heap after
{Heap after GC invocations=34 (full 0):
 garbage-first heap   total 116736K, used 71615K [0x0000000080000000, 0x0000000100000000)
  region size 1024K, 4 young (4096K), 4 survivors (4096K)
 Metaspace       used 77546K, committed 79424K, reserved 1179648K
  class space    used 10423K, committed 11392K, reserved 1048576K
}
Event: 36.424 GC heap before
{Heap before GC invocations=35 (full 0):
 garbage-first heap   total 119808K, used 110527K [0x0000000080000000, 0x0000000100000000)
  region size 1024K, 37 young (37888K), 4 survivors (4096K)
 Metaspace       used 79242K, committed 81088K, reserved 1179648K
  class space    used 10659K, committed 11584K, reserved 1048576K
}
Event: 36.442 GC heap after
{Heap after GC invocations=36 (full 0):
 garbage-first heap   total 119808K, used 75961K [0x0000000080000000, 0x0000000100000000)
  region size 1024K, 5 young (5120K), 5 survivors (5120K)
 Metaspace       used 79242K, committed 81088K, reserved 1179648K
  class space    used 10659K, committed 11584K, reserved 1048576K
}
Event: 37.877 GC heap before
{Heap before GC invocations=36 (full 0):
 garbage-first heap   total 119808K, used 106681K [0x0000000080000000, 0x0000000100000000)
  region size 1024K, 35 young (35840K), 5 survivors (5120K)
 Metaspace       used 81602K, committed 83456K, reserved 1179648K
  class space    used 10942K, committed 11904K, reserved 1048576K
}
Event: 37.894 GC heap after
{Heap after GC invocations=37 (full 0):
 garbage-first heap   total 119808K, used 76981K [0x0000000080000000, 0x0000000100000000)
  region size 1024K, 2 young (2048K), 2 survivors (2048K)
 Metaspace       used 81602K, committed 83456K, reserved 1179648K
  class space    used 10942K, committed 11904K, reserved 1048576K
}
Event: 39.696 GC heap before
{Heap before GC invocations=37 (full 0):
 garbage-first heap   total 119808K, used 109749K [0x0000000080000000, 0x0000000100000000)
  region size 1024K, 34 young (34816K), 2 survivors (2048K)
 Metaspace       used 85509K, committed 87360K, reserved 1179648K
  class space    used 11444K, committed 12352K, reserved 1048576K
}
Event: 39.708 GC heap after
{Heap after GC invocations=38 (full 0):
 garbage-first heap   total 144384K, used 78156K [0x0000000080000000, 0x0000000100000000)
  region size 1024K, 3 young (3072K), 3 survivors (3072K)
 Metaspace       used 85509K, committed 87360K, reserved 1179648K
  class space    used 11444K, committed 12352K, reserved 1048576K
}
Event: 41.477 GC heap before
{Heap before GC invocations=39 (full 0):
 garbage-first heap   total 144384K, used 125260K [0x0000000080000000, 0x0000000100000000)
  region size 1024K, 49 young (50176K), 3 survivors (3072K)
 Metaspace       used 89020K, committed 90880K, reserved 1179648K
  class space    used 11917K, committed 12864K, reserved 1048576K
}
Event: 41.494 GC heap after
{Heap after GC invocations=40 (full 0):
 garbage-first heap   total 144384K, used 80204K [0x0000000080000000, 0x0000000100000000)
  region size 1024K, 5 young (5120K), 5 survivors (5120K)
 Metaspace       used 89020K, committed 90880K, reserved 1179648K
  class space    used 11917K, committed 12864K, reserved 1048576K
}

