# JRE version: OpenJDK Runtime Environment (21.0.6) (build 21.0.6+-13368085-b895.109)
# Java VM: OpenJDK 64-Bit Server VM (21.0.6+-13368085-b895.109, mixed mode, tiered, compressed oops, compressed class ptrs, g1 gc, windows-amd64)
GC Precious Log:
 CardTable entry size: 512
 Card Set container configuration: InlinePtr #cards 5 size 8 Array Of Cards #cards 12 size 40 Howl #buckets 4 coarsen threshold 1843 Howl Bitmap #cards 512 size 80 coarsen threshold 460 Card regions per heap region 1 cards per card region 2048
 CPUs: 2 total, 2 available
 Memory: 3920M
 Large Page Support: Disabled
 NUMA Support: Disabled
 Compressed Oops: Enabled (32-bit)
 Heap Region Size: 1M
 Heap Min Capacity: 8M
 Heap Initial Capacity: 62M
 Heap Max Capacity: 2G
 Pre-touch: Disabled
 Parallel Workers: 2
 Concurrent Workers: 1
 Concurrent Refinement Workers: 2
 Periodic GC: Disabled
Heap:
 garbage-first heap   total 360448K, used 273408K [0x0000000080000000, 0x0000000100000000)
  region size 1024K, 16 young (16384K), 8 survivors (8192K)
 Metaspace       used 157717K, committed 160064K, reserved 1245184K
  class space    used 21072K, committed 22272K, reserved 1048576K
GC Heap History (20 events):
Event: 127.766 GC heap before
{Heap before GC invocations=68 (full 0):
 garbage-first heap   total 269312K, used 240640K [0x0000000080000000, 0x0000000100000000)
  region size 1024K, 84 young (86016K), 7 survivors (7168K)
 Metaspace       used 147111K, committed 149504K, reserved 1179648K
  class space    used 19733K, committed 20928K, reserved 1048576K
}
Event: 127.792 GC heap after
{Heap after GC invocations=69 (full 0):
 garbage-first heap   total 269312K, used 162304K [0x0000000080000000, 0x0000000100000000)
  region size 1024K, 2 young (2048K), 2 survivors (2048K)
 Metaspace       used 147111K, committed 149504K, reserved 1179648K
  class space    used 19733K, committed 20928K, reserved 1048576K
}
Event: 132.573 GC heap before
{Heap before GC invocations=70 (full 0):
 garbage-first heap   total 269312K, used 248320K [0x0000000080000000, 0x0000000100000000)
  region size 1024K, 82 young (83968K), 2 survivors (2048K)
 Metaspace       used 151094K, committed 153472K, reserved 1245184K
  class space    used 20362K, committed 21568K, reserved 1048576K
}
Event: 132.617 GC heap after
{Heap after GC invocations=71 (full 0):
 garbage-first heap   total 269312K, used 167040K [0x0000000080000000, 0x0000000100000000)
  region size 1024K, 10 young (10240K), 10 survivors (10240K)
 Metaspace       used 151094K, committed 153472K, reserved 1245184K
  class space    used 20362K, committed 21568K, reserved 1048576K
}
Event: 136.243 GC heap before
{Heap before GC invocations=71 (full 0):
 garbage-first heap   total 273408K, used 271488K [0x0000000080000000, 0x0000000100000000)
  region size 1024K, 65 young (66560K), 10 survivors (10240K)
 Metaspace       used 153991K, committed 156352K, reserved 1245184K
  class space    used 20719K, committed 21888K, reserved 1048576K
}
Event: 136.278 GC heap after
{Heap after GC invocations=72 (full 0):
 garbage-first heap   total 282624K, used 159384K [0x0000000080000000, 0x0000000100000000)
  region size 1024K, 5 young (5120K), 5 survivors (5120K)
 Metaspace       used 153991K, committed 156352K, reserved 1245184K
  class space    used 20719K, committed 21888K, reserved 1048576K
}
Event: 280.647 GC heap before
{Heap before GC invocations=72 (full 0):
 garbage-first heap   total 282624K, used 253592K [0x0000000080000000, 0x0000000100000000)
  region size 1024K, 98 young (100352K), 5 survivors (5120K)
 Metaspace       used 155505K, committed 157888K, reserved 1245184K
  class space    used 20876K, committed 22080K, reserved 1048576K
}
Event: 280.687 GC heap after
{Heap after GC invocations=73 (full 0):
 garbage-first heap   total 282624K, used 165528K [0x0000000080000000, 0x0000000100000000)
  region size 1024K, 11 young (11264K), 11 survivors (11264K)
 Metaspace       used 155505K, committed 157888K, reserved 1245184K
  class space    used 20876K, committed 22080K, reserved 1048576K
}
Event: 287.208 GC heap before
{Heap before GC invocations=74 (full 0):
 garbage-first heap   total 282624K, used 252568K [0x0000000080000000, 0x0000000100000000)
  region size 1024K, 98 young (100352K), 11 survivors (11264K)
 Metaspace       used 157315K, committed 159744K, reserved 1245184K
  class space    used 21052K, committed 22272K, reserved 1048576K
}
Event: 287.275 GC heap after
{Heap after GC invocations=75 (full 0):
 garbage-first heap   total 282624K, used 173056K [0x0000000080000000, 0x0000000100000000)
  region size 1024K, 9 young (9216K), 9 survivors (9216K)
 Metaspace       used 157315K, committed 159744K, reserved 1245184K
  class space    used 21052K, committed 22272K, reserved 1048576K
}
Event: 288.256 GC heap before
{Heap before GC invocations=75 (full 0):
 garbage-first heap   total 282624K, used 280576K [0x0000000080000000, 0x0000000100000000)
  region size 1024K, 66 young (67584K), 9 survivors (9216K)
 Metaspace       used 157423K, committed 159872K, reserved 1245184K
  class space    used 21058K, committed 22272K, reserved 1048576K
}
Event: 288.369 GC heap after
{Heap after GC invocations=76 (full 0):
 garbage-first heap   total 315392K, used 211968K [0x0000000080000000, 0x0000000100000000)
  region size 1024K, 12 young (12288K), 12 survivors (12288K)
 Metaspace       used 157423K, committed 159872K, reserved 1245184K
  class space    used 21058K, committed 22272K, reserved 1048576K
}
Event: 288.412 GC heap before
{Heap before GC invocations=76 (full 0):
 garbage-first heap   total 315392K, used 217088K [0x0000000080000000, 0x0000000100000000)
  region size 1024K, 18 young (18432K), 12 survivors (12288K)
 Metaspace       used 157423K, committed 159872K, reserved 1245184K
  class space    used 21058K, committed 22272K, reserved 1048576K
}
Event: 288.465 GC heap after
{Heap after GC invocations=77 (full 0):
 garbage-first heap   total 315392K, used 214016K [0x0000000080000000, 0x0000000100000000)
  region size 1024K, 2 young (2048K), 2 survivors (2048K)
 Metaspace       used 157423K, committed 159872K, reserved 1245184K
  class space    used 21058K, committed 22272K, reserved 1048576K
}
Event: 290.316 GC heap before
{Heap before GC invocations=78 (full 0):
 garbage-first heap   total 360448K, used 277504K [0x0000000080000000, 0x0000000100000000)
  region size 1024K, 62 young (63488K), 2 survivors (2048K)
 Metaspace       used 157591K, committed 160000K, reserved 1245184K
  class space    used 21062K, committed 22272K, reserved 1048576K
}
Event: 290.489 GC heap after
{Heap after GC invocations=79 (full 0):
 garbage-first heap   total 360448K, used 243712K [0x0000000080000000, 0x0000000100000000)
  region size 1024K, 8 young (8192K), 8 survivors (8192K)
 Metaspace       used 157591K, committed 160000K, reserved 1245184K
  class space    used 21062K, committed 22272K, reserved 1048576K
}
Event: 291.666 GC heap before
{Heap before GC invocations=79 (full 0):
 garbage-first heap   total 360448K, used 307200K [0x0000000080000000, 0x0000000100000000)
  region size 1024K, 70 young (71680K), 8 survivors (8192K)
 Metaspace       used 157604K, committed 160000K, reserved 1245184K
  class space    used 21062K, committed 22272K, reserved 1048576K
}
Event: 291.916 GC heap after
{Heap after GC invocations=80 (full 0):
 garbage-first heap   total 360448K, used 261120K [0x0000000080000000, 0x0000000100000000)
  region size 1024K, 9 young (9216K), 9 survivors (9216K)
 Metaspace       used 157604K, committed 160000K, reserved 1245184K
  class space    used 21062K, committed 22272K, reserved 1048576K
}
Event: 293.848 GC heap before
{Heap before GC invocations=80 (full 0):
 garbage-first heap   total 360448K, used 310272K [0x0000000080000000, 0x0000000100000000)
  region size 1024K, 57 young (58368K), 9 survivors (9216K)
 Metaspace       used 157716K, committed 160064K, reserved 1245184K
  class space    used 21072K, committed 22272K, reserved 1048576K
}
Event: 294.032 GC heap after
{Heap after GC invocations=81 (full 0):
 garbage-first heap   total 360448K, used 284672K [0x0000000080000000, 0x0000000100000000)
  region size 1024K, 8 young (8192K), 8 survivors (8192K)
 Metaspace       used 157716K, committed 160064K, reserved 1245184K
  class space    used 21072K, committed 22272K, reserved 1048576K
}

