# JRE version: OpenJDK Runtime Environment (21.0.6) (build 21.0.6+-13368085-b895.109)
# Java VM: OpenJDK 64-Bit Server VM (21.0.6+-13368085-b895.109, mixed mode, tiered, compressed oops, compressed class ptrs, g1 gc, windows-amd64)
GC Precious Log:
 CardTable entry size: 512
 Card Set container configuration: InlinePtr #cards 5 size 8 Array Of Cards #cards 12 size 40 Howl #buckets 4 coarsen threshold 1843 Howl Bitmap #cards 512 size 80 coarsen threshold 460 Card regions per heap region 1 cards per card region 2048
 CPUs: 2 total, 2 available
 Memory: 3920M
 Large Page Support: Disabled
 NUMA Support: Disabled
 Compressed Oops: Enabled (32-bit)
 Heap Region Size: 1M
 Heap Min Capacity: 8M
 Heap Initial Capacity: 62M
 Heap Max Capacity: 2G
 Pre-touch: Disabled
 Parallel Workers: 2
 Concurrent Workers: 1
 Concurrent Refinement Workers: 2
 Periodic GC: Disabled
Heap:
 garbage-first heap   total 488448K, used 301056K [0x0000000080000000, 0x0000000100000000)
  region size 1024K, 81 young (82944K), 10 survivors (10240K)
 Metaspace       used 167421K, committed 169792K, reserved 1245184K
  class space    used 22153K, committed 23360K, reserved 1048576K
GC Heap History (20 events):
Event: 160.500 GC heap before
{Heap before GC invocations=77 (full 0):
 garbage-first heap   total 394240K, used 336384K [0x0000000080000000, 0x0000000100000000)
  region size 1024K, 63 young (64512K), 6 survivors (6144K)
 Metaspace       used 146022K, committed 148288K, reserved 1179648K
  class space    used 19520K, committed 20672K, reserved 1048576K
}
Event: 160.547 GC heap after
{Heap after GC invocations=78 (full 0):
 garbage-first heap   total 394240K, used 281073K [0x0000000080000000, 0x0000000100000000)
  region size 1024K, 5 young (5120K), 5 survivors (5120K)
 Metaspace       used 146022K, committed 148288K, reserved 1179648K
  class space    used 19520K, committed 20672K, reserved 1048576K
}
Event: 161.966 GC heap before
{Heap before GC invocations=78 (full 0):
 garbage-first heap   total 394240K, used 347633K [0x0000000080000000, 0x0000000100000000)
  region size 1024K, 71 young (72704K), 5 survivors (5120K)
 Metaspace       used 146380K, committed 148672K, reserved 1179648K
  class space    used 19541K, committed 20672K, reserved 1048576K
}
Event: 162.019 GC heap after
{Heap after GC invocations=79 (full 0):
 garbage-first heap   total 394240K, used 280498K [0x0000000080000000, 0x0000000100000000)
  region size 1024K, 5 young (5120K), 5 survivors (5120K)
 Metaspace       used 146380K, committed 148672K, reserved 1179648K
  class space    used 19541K, committed 20672K, reserved 1048576K
}
Event: 162.348 GC heap before
{Heap before GC invocations=79 (full 0):
 garbage-first heap   total 394240K, used 281522K [0x0000000080000000, 0x0000000100000000)
  region size 1024K, 7 young (7168K), 5 survivors (5120K)
 Metaspace       used 146383K, committed 148672K, reserved 1179648K
  class space    used 19542K, committed 20672K, reserved 1048576K
}
Event: 162.380 GC heap after
{Heap after GC invocations=80 (full 0):
 garbage-first heap   total 394240K, used 280576K [0x0000000080000000, 0x0000000100000000)
  region size 1024K, 5 young (5120K), 5 survivors (5120K)
 Metaspace       used 146383K, committed 148672K, reserved 1179648K
  class space    used 19542K, committed 20672K, reserved 1048576K
}
Event: 168.495 GC heap before
{Heap before GC invocations=81 (full 0):
 garbage-first heap   total 445440K, used 348160K [0x0000000080000000, 0x0000000100000000)
  region size 1024K, 79 young (80896K), 5 survivors (5120K)
 Metaspace       used 147064K, committed 149376K, reserved 1179648K
  class space    used 19641K, committed 20800K, reserved 1048576K
}
Event: 168.583 GC heap after
{Heap after GC invocations=82 (full 0):
 garbage-first heap   total 445440K, used 278028K [0x0000000080000000, 0x0000000100000000)
  region size 1024K, 10 young (10240K), 10 survivors (10240K)
 Metaspace       used 147064K, committed 149376K, reserved 1179648K
  class space    used 19641K, committed 20800K, reserved 1048576K
}
Event: 171.592 GC heap before
{Heap before GC invocations=82 (full 0):
 garbage-first heap   total 445440K, used 348684K [0x0000000080000000, 0x0000000100000000)
  region size 1024K, 70 young (71680K), 10 survivors (10240K)
 Metaspace       used 149053K, committed 151360K, reserved 1179648K
  class space    used 19852K, committed 20992K, reserved 1048576K
}
Event: 171.701 GC heap after
{Heap after GC invocations=83 (full 0):
 garbage-first heap   total 445440K, used 284864K [0x0000000080000000, 0x0000000100000000)
  region size 1024K, 7 young (7168K), 7 survivors (7168K)
 Metaspace       used 149053K, committed 151360K, reserved 1179648K
  class space    used 19852K, committed 20992K, reserved 1048576K
}
Event: 174.277 GC heap before
{Heap before GC invocations=83 (full 0):
 garbage-first heap   total 445440K, used 324800K [0x0000000080000000, 0x0000000100000000)
  region size 1024K, 48 young (49152K), 7 survivors (7168K)
 Metaspace       used 149466K, committed 151808K, reserved 1179648K
  class space    used 19899K, committed 21056K, reserved 1048576K
}
Event: 174.309 GC heap after
{Heap after GC invocations=84 (full 0):
 garbage-first heap   total 445440K, used 289920K [0x0000000080000000, 0x0000000100000000)
  region size 1024K, 11 young (11264K), 11 survivors (11264K)
 Metaspace       used 149466K, committed 151808K, reserved 1179648K
  class space    used 19899K, committed 21056K, reserved 1048576K
}
Event: 180.688 GC heap before
{Heap before GC invocations=85 (full 0):
 garbage-first heap   total 488448K, used 424064K [0x0000000080000000, 0x0000000100000000)
  region size 1024K, 113 young (115712K), 11 survivors (11264K)
 Metaspace       used 149768K, committed 152064K, reserved 1245184K
  class space    used 19931K, committed 21056K, reserved 1048576K
}
Event: 180.776 GC heap after
{Heap after GC invocations=86 (full 0):
 garbage-first heap   total 488448K, used 320512K [0x0000000080000000, 0x0000000100000000)
  region size 1024K, 15 young (15360K), 15 survivors (15360K)
 Metaspace       used 149768K, committed 152064K, reserved 1245184K
  class space    used 19931K, committed 21056K, reserved 1048576K
}
Event: 242.173 GC heap before
{Heap before GC invocations=86 (full 0):
 garbage-first heap   total 488448K, used 459776K [0x0000000080000000, 0x0000000100000000)
  region size 1024K, 131 young (134144K), 15 survivors (15360K)
 Metaspace       used 152470K, committed 154816K, reserved 1245184K
  class space    used 20317K, committed 21504K, reserved 1048576K
}
Event: 242.451 GC heap after
{Heap after GC invocations=87 (full 0):
 garbage-first heap   total 488448K, used 302656K [0x0000000080000000, 0x0000000100000000)
  region size 1024K, 9 young (9216K), 9 survivors (9216K)
 Metaspace       used 152470K, committed 154816K, reserved 1245184K
  class space    used 20317K, committed 21504K, reserved 1048576K
}
Event: 244.617 GC heap before
{Heap before GC invocations=87 (full 0):
 garbage-first heap   total 488448K, used 323136K [0x0000000080000000, 0x0000000100000000)
  region size 1024K, 30 young (30720K), 9 survivors (9216K)
 Metaspace       used 154564K, committed 156864K, reserved 1245184K
  class space    used 20578K, committed 21760K, reserved 1048576K
}
Event: 244.667 GC heap after
{Heap after GC invocations=88 (full 0):
 garbage-first heap   total 488448K, used 305664K [0x0000000080000000, 0x0000000100000000)
  region size 1024K, 12 young (12288K), 12 survivors (12288K)
 Metaspace       used 154564K, committed 156864K, reserved 1245184K
  class space    used 20578K, committed 21760K, reserved 1048576K
}
Event: 257.150 GC heap before
{Heap before GC invocations=89 (full 0):
 garbage-first heap   total 488448K, used 367104K [0x0000000080000000, 0x0000000100000000)
  region size 1024K, 145 young (148480K), 12 survivors (12288K)
 Metaspace       used 162984K, committed 165440K, reserved 1245184K
  class space    used 21563K, committed 22784K, reserved 1048576K
}
Event: 257.264 GC heap after
{Heap after GC invocations=90 (full 0):
 garbage-first heap   total 488448K, used 230400K [0x0000000080000000, 0x0000000100000000)
  region size 1024K, 10 young (10240K), 10 survivors (10240K)
 Metaspace       used 162984K, committed 165440K, reserved 1245184K
  class space    used 21563K, committed 22784K, reserved 1048576K
}

