# JRE version: OpenJDK Runtime Environment (21.0.6) (build 21.0.6+-13368085-b895.109)
# Java VM: OpenJDK 64-Bit Server VM (21.0.6+-13368085-b895.109, mixed mode, tiered, compressed oops, compressed class ptrs, g1 gc, windows-amd64)
GC Precious Log:
 CardTable entry size: 512
 Card Set container configuration: InlinePtr #cards 5 size 8 Array Of Cards #cards 12 size 40 Howl #buckets 4 coarsen threshold 1843 Howl Bitmap #cards 512 size 80 coarsen threshold 460 Card regions per heap region 1 cards per card region 2048
 CPUs: 2 total, 2 available
 Memory: 3920M
 Large Page Support: Disabled
 NUMA Support: Disabled
 Compressed Oops: Enabled (32-bit)
 Heap Region Size: 1M
 Heap Min Capacity: 8M
 Heap Initial Capacity: 62M
 Heap Max Capacity: 2G
 Pre-touch: Disabled
 Parallel Workers: 2
 Concurrent Workers: 1
 Concurrent Refinement Workers: 2
 Periodic GC: Disabled
Heap:
 garbage-first heap   total 238592K, used 123063K [0x0000000080000000, 0x0000000100000000)
  region size 1024K, 5 young (5120K), 5 survivors (5120K)
 Metaspace       used 151556K, committed 155008K, reserved 1245184K
  class space    used 20322K, committed 22080K, reserved 1048576K
GC Heap History (20 events):
Event: 3880.116 GC heap after
{Heap after GC invocations=84 (full 1):
 garbage-first heap   total 238592K, used 111920K [0x0000000080000000, 0x0000000100000000)
  region size 1024K, 0 young (0K), 0 survivors (0K)
 Metaspace       used 152097K, committed 154752K, reserved 1245184K
  class space    used 20825K, committed 22080K, reserved 1048576K
}
Event: 8645.133 GC heap before
{Heap before GC invocations=84 (full 1):
 garbage-first heap   total 238592K, used 218416K [0x0000000080000000, 0x0000000100000000)
  region size 1024K, 104 young (106496K), 0 survivors (0K)
 Metaspace       used 152143K, committed 154752K, reserved 1245184K
  class space    used 20827K, committed 22080K, reserved 1048576K
}
Event: 8645.765 GC heap after
{Heap after GC invocations=85 (full 1):
 garbage-first heap   total 238592K, used 112902K [0x0000000080000000, 0x0000000100000000)
  region size 1024K, 1 young (1024K), 1 survivors (1024K)
 Metaspace       used 152143K, committed 154752K, reserved 1245184K
  class space    used 20827K, committed 22080K, reserved 1048576K
}
Event: 8646.838 GC heap before
{Heap before GC invocations=85 (full 1):
 garbage-first heap   total 238592K, used 124166K [0x0000000080000000, 0x0000000100000000)
  region size 1024K, 12 young (12288K), 1 survivors (1024K)
 Metaspace       used 152145K, committed 154752K, reserved 1245184K
  class space    used 20827K, committed 22080K, reserved 1048576K
}
Event: 8646.886 GC heap after
{Heap after GC invocations=86 (full 1):
 garbage-first heap   total 238592K, used 112745K [0x0000000080000000, 0x0000000100000000)
  region size 1024K, 1 young (1024K), 1 survivors (1024K)
 Metaspace       used 152145K, committed 154752K, reserved 1245184K
  class space    used 20827K, committed 22080K, reserved 1048576K
}
Event: 8661.152 GC heap before
{Heap before GC invocations=87 (full 1):
 garbage-first heap   total 238592K, used 128105K [0x0000000080000000, 0x0000000100000000)
  region size 1024K, 20 young (20480K), 1 survivors (1024K)
 Metaspace       used 148831K, committed 154688K, reserved 1245184K
  class space    used 20048K, committed 22080K, reserved 1048576K
}
Event: 8661.202 GC heap after
{Heap after GC invocations=88 (full 1):
 garbage-first heap   total 238592K, used 112461K [0x0000000080000000, 0x0000000100000000)
  region size 1024K, 3 young (3072K), 3 survivors (3072K)
 Metaspace       used 148831K, committed 154688K, reserved 1245184K
  class space    used 20048K, committed 22080K, reserved 1048576K
}
Event: 8661.442 GC heap before
{Heap before GC invocations=88 (full 1):
 garbage-first heap   total 238592K, used 120653K [0x0000000080000000, 0x0000000100000000)
  region size 1024K, 11 young (11264K), 3 survivors (3072K)
 Metaspace       used 148882K, committed 154688K, reserved 1245184K
  class space    used 20054K, committed 22080K, reserved 1048576K
}
Event: 8661.518 GC heap after
{Heap after GC invocations=89 (full 1):
 garbage-first heap   total 238592K, used 112695K [0x0000000080000000, 0x0000000100000000)
  region size 1024K, 1 young (1024K), 1 survivors (1024K)
 Metaspace       used 148882K, committed 154688K, reserved 1245184K
  class space    used 20054K, committed 22080K, reserved 1048576K
}
Event: 8663.185 GC heap before
{Heap before GC invocations=89 (full 1):
 garbage-first heap   total 238592K, used 121911K [0x0000000080000000, 0x0000000100000000)
  region size 1024K, 11 young (11264K), 1 survivors (1024K)
 Metaspace       used 149073K, committed 154688K, reserved 1245184K
  class space    used 20073K, committed 22080K, reserved 1048576K
}
Event: 8663.208 GC heap after
{Heap after GC invocations=90 (full 1):
 garbage-first heap   total 238592K, used 113199K [0x0000000080000000, 0x0000000100000000)
  region size 1024K, 2 young (2048K), 2 survivors (2048K)
 Metaspace       used 149073K, committed 154688K, reserved 1245184K
  class space    used 20073K, committed 22080K, reserved 1048576K
}
Event: 8663.986 GC heap before
{Heap before GC invocations=90 (full 1):
 garbage-first heap   total 238592K, used 122415K [0x0000000080000000, 0x0000000100000000)
  region size 1024K, 11 young (11264K), 2 survivors (2048K)
 Metaspace       used 149178K, committed 154688K, reserved 1245184K
  class space    used 20077K, committed 22080K, reserved 1048576K
}
Event: 8664.031 GC heap after
{Heap after GC invocations=91 (full 1):
 garbage-first heap   total 238592K, used 114461K [0x0000000080000000, 0x0000000100000000)
  region size 1024K, 2 young (2048K), 2 survivors (2048K)
 Metaspace       used 149178K, committed 154688K, reserved 1245184K
  class space    used 20077K, committed 22080K, reserved 1048576K
}
Event: 8665.057 GC heap before
{Heap before GC invocations=91 (full 1):
 garbage-first heap   total 238592K, used 123677K [0x0000000080000000, 0x0000000100000000)
  region size 1024K, 11 young (11264K), 2 survivors (2048K)
 Metaspace       used 149361K, committed 154752K, reserved 1245184K
  class space    used 20084K, committed 22080K, reserved 1048576K
}
Event: 8665.098 GC heap after
{Heap after GC invocations=92 (full 1):
 garbage-first heap   total 238592K, used 115646K [0x0000000080000000, 0x0000000100000000)
  region size 1024K, 2 young (2048K), 2 survivors (2048K)
 Metaspace       used 149361K, committed 154752K, reserved 1245184K
  class space    used 20084K, committed 22080K, reserved 1048576K
}
Event: 8668.150 GC heap before
{Heap before GC invocations=92 (full 1):
 garbage-first heap   total 238592K, used 131006K [0x0000000080000000, 0x0000000100000000)
  region size 1024K, 17 young (17408K), 2 survivors (2048K)
 Metaspace       used 149476K, committed 154752K, reserved 1245184K
  class space    used 20095K, committed 22080K, reserved 1048576K
}
Event: 8668.184 GC heap after
{Heap after GC invocations=93 (full 1):
 garbage-first heap   total 238592K, used 118201K [0x0000000080000000, 0x0000000100000000)
  region size 1024K, 3 young (3072K), 3 survivors (3072K)
 Metaspace       used 149476K, committed 154752K, reserved 1245184K
  class space    used 20095K, committed 22080K, reserved 1048576K
}
Event: 8671.735 GC heap before
{Heap before GC invocations=93 (full 1):
 garbage-first heap   total 238592K, used 144825K [0x0000000080000000, 0x0000000100000000)
  region size 1024K, 30 young (30720K), 3 survivors (3072K)
 Metaspace       used 149733K, committed 154752K, reserved 1245184K
  class space    used 20136K, committed 22080K, reserved 1048576K
}
Event: 8671.800 GC heap after
{Heap after GC invocations=94 (full 1):
 garbage-first heap   total 238592K, used 120565K [0x0000000080000000, 0x0000000100000000)
  region size 1024K, 3 young (3072K), 3 survivors (3072K)
 Metaspace       used 149733K, committed 154752K, reserved 1245184K
  class space    used 20136K, committed 22080K, reserved 1048576K
}
Event: 8677.438 GC heap before
{Heap before GC invocations=94 (full 1):
 garbage-first heap   total 238592K, used 160501K [0x0000000080000000, 0x0000000100000000)
  region size 1024K, 43 young (44032K), 3 survivors (3072K)
 Metaspace       used 151556K, committed 155008K, reserved 1245184K
  class space    used 20322K, committed 22080K, reserved 1048576K
}

