# JRE version: OpenJDK Runtime Environment (21.0.6) (build 21.0.6+-13368085-b895.109)
# Java VM: OpenJDK 64-Bit Server VM (21.0.6+-13368085-b895.109, mixed mode, tiered, compressed oops, compressed class ptrs, g1 gc, windows-amd64)
GC Precious Log:
 CardTable entry size: 512
 Card Set container configuration: InlinePtr #cards 5 size 8 Array Of Cards #cards 12 size 40 Howl #buckets 4 coarsen threshold 1843 Howl Bitmap #cards 512 size 80 coarsen threshold 460 Card regions per heap region 1 cards per card region 2048
 CPUs: 2 total, 2 available
 Memory: 3920M
 Large Page Support: Disabled
 NUMA Support: Disabled
 Compressed Oops: Enabled (32-bit)
 Heap Region Size: 1M
 Heap Min Capacity: 8M
 Heap Initial Capacity: 62M
 Heap Max Capacity: 2G
 Pre-touch: Disabled
 Parallel Workers: 2
 Concurrent Workers: 1
 Concurrent Refinement Workers: 2
 Periodic GC: Disabled
Heap:
 garbage-first heap   total 119808K, used 92160K [0x0000000080000000, 0x0000000100000000)
  region size 1024K, 22 young (22528K), 5 survivors (5120K)
 Metaspace       used 79979K, committed 81856K, reserved 1179648K
  class space    used 10750K, committed 11712K, reserved 1048576K
GC Heap History (20 events):
Event: 79.626 GC heap before
{Heap before GC invocations=26 (full 0):
 garbage-first heap   total 80896K, used 67879K [0x0000000080000000, 0x0000000100000000)
  region size 1024K, 24 young (24576K), 3 survivors (3072K)
 Metaspace       used 66907K, committed 68544K, reserved 1114112K
  class space    used 9050K, committed 9856K, reserved 1048576K
}
Event: 79.647 GC heap after
{Heap after GC invocations=27 (full 0):
 garbage-first heap   total 80896K, used 48524K [0x0000000080000000, 0x0000000100000000)
  region size 1024K, 3 young (3072K), 3 survivors (3072K)
 Metaspace       used 66907K, committed 68544K, reserved 1114112K
  class space    used 9050K, committed 9856K, reserved 1048576K
}
Event: 83.346 GC heap before
{Heap before GC invocations=27 (full 0):
 garbage-first heap   total 80896K, used 72076K [0x0000000080000000, 0x0000000100000000)
  region size 1024K, 26 young (26624K), 3 survivors (3072K)
 Metaspace       used 66916K, committed 68544K, reserved 1114112K
  class space    used 9051K, committed 9856K, reserved 1048576K
}
Event: 83.361 GC heap after
{Heap after GC invocations=28 (full 0):
 garbage-first heap   total 80896K, used 47907K [0x0000000080000000, 0x0000000100000000)
  region size 1024K, 3 young (3072K), 3 survivors (3072K)
 Metaspace       used 66916K, committed 68544K, reserved 1114112K
  class space    used 9051K, committed 9856K, reserved 1048576K
}
Event: 88.038 GC heap before
{Heap before GC invocations=28 (full 0):
 garbage-first heap   total 80896K, used 71459K [0x0000000080000000, 0x0000000100000000)
  region size 1024K, 27 young (27648K), 3 survivors (3072K)
 Metaspace       used 66922K, committed 68544K, reserved 1114112K
  class space    used 9051K, committed 9856K, reserved 1048576K
}
Event: 88.049 GC heap after
{Heap after GC invocations=29 (full 0):
 garbage-first heap   total 80896K, used 48444K [0x0000000080000000, 0x0000000100000000)
  region size 1024K, 3 young (3072K), 3 survivors (3072K)
 Metaspace       used 66922K, committed 68544K, reserved 1114112K
  class space    used 9051K, committed 9856K, reserved 1048576K
}
Event: 90.832 GC heap before
{Heap before GC invocations=30 (full 0):
 garbage-first heap   total 81920K, used 73020K [0x0000000080000000, 0x0000000100000000)
  region size 1024K, 27 young (27648K), 3 survivors (3072K)
 Metaspace       used 66929K, committed 68544K, reserved 1114112K
  class space    used 9051K, committed 9856K, reserved 1048576K
}
Event: 90.843 GC heap after
{Heap after GC invocations=31 (full 0):
 garbage-first heap   total 81920K, used 48767K [0x0000000080000000, 0x0000000100000000)
  region size 1024K, 3 young (3072K), 3 survivors (3072K)
 Metaspace       used 66929K, committed 68544K, reserved 1114112K
  class space    used 9051K, committed 9856K, reserved 1048576K
}
Event: 95.942 GC heap before
{Heap before GC invocations=31 (full 0):
 garbage-first heap   total 81920K, used 80511K [0x0000000080000000, 0x0000000100000000)
  region size 1024K, 23 young (23552K), 3 survivors (3072K)
 Metaspace       used 67656K, committed 69376K, reserved 1114112K
  class space    used 9172K, committed 10048K, reserved 1048576K
}
Event: 95.966 GC heap after
{Heap after GC invocations=32 (full 0):
 garbage-first heap   total 93184K, used 65962K [0x0000000080000000, 0x0000000100000000)
  region size 1024K, 4 young (4096K), 4 survivors (4096K)
 Metaspace       used 67656K, committed 69376K, reserved 1114112K
  class space    used 9172K, committed 10048K, reserved 1048576K
}
Event: 96.702 GC heap before
{Heap before GC invocations=32 (full 0):
 garbage-first heap   total 93184K, used 77226K [0x0000000080000000, 0x0000000100000000)
  region size 1024K, 17 young (17408K), 4 survivors (4096K)
 Metaspace       used 68666K, committed 70336K, reserved 1114112K
  class space    used 9283K, committed 10112K, reserved 1048576K
}
Event: 96.708 GC heap after
{Heap after GC invocations=33 (full 0):
 garbage-first heap   total 93184K, used 67783K [0x0000000080000000, 0x0000000100000000)
  region size 1024K, 2 young (2048K), 2 survivors (2048K)
 Metaspace       used 68666K, committed 70336K, reserved 1114112K
  class space    used 9283K, committed 10112K, reserved 1048576K
}
Event: 98.383 GC heap before
{Heap before GC invocations=34 (full 0):
 garbage-first heap   total 114688K, used 82119K [0x0000000080000000, 0x0000000100000000)
  region size 1024K, 16 young (16384K), 2 survivors (2048K)
 Metaspace       used 69805K, committed 71552K, reserved 1114112K
  class space    used 9436K, committed 10304K, reserved 1048576K
}
Event: 98.389 GC heap after
{Heap after GC invocations=35 (full 0):
 garbage-first heap   total 114688K, used 69175K [0x0000000080000000, 0x0000000100000000)
  region size 1024K, 1 young (1024K), 1 survivors (1024K)
 Metaspace       used 69805K, committed 71552K, reserved 1114112K
  class space    used 9436K, committed 10304K, reserved 1048576K
}
Event: 100.863 GC heap before
{Heap before GC invocations=35 (full 0):
 garbage-first heap   total 114688K, used 98871K [0x0000000080000000, 0x0000000100000000)
  region size 1024K, 31 young (31744K), 1 survivors (1024K)
 Metaspace       used 72850K, committed 74560K, reserved 1114112K
  class space    used 9766K, committed 10624K, reserved 1048576K
}
Event: 100.877 GC heap after
{Heap after GC invocations=36 (full 0):
 garbage-first heap   total 114688K, used 69271K [0x0000000080000000, 0x0000000100000000)
  region size 1024K, 2 young (2048K), 2 survivors (2048K)
 Metaspace       used 72850K, committed 74560K, reserved 1114112K
  class space    used 9766K, committed 10624K, reserved 1048576K
}
Event: 103.334 GC heap before
{Heap before GC invocations=36 (full 0):
 garbage-first heap   total 114688K, used 101015K [0x0000000080000000, 0x0000000100000000)
  region size 1024K, 33 young (33792K), 2 survivors (2048K)
 Metaspace       used 76251K, committed 78144K, reserved 1179648K
  class space    used 10291K, committed 11264K, reserved 1048576K
}
Event: 103.348 GC heap after
{Heap after GC invocations=37 (full 0):
 garbage-first heap   total 114688K, used 70288K [0x0000000080000000, 0x0000000100000000)
  region size 1024K, 3 young (3072K), 3 survivors (3072K)
 Metaspace       used 76251K, committed 78144K, reserved 1179648K
  class space    used 10291K, committed 11264K, reserved 1048576K
}
Event: 105.949 GC heap before
{Heap before GC invocations=38 (full 0):
 garbage-first heap   total 119808K, used 107152K [0x0000000080000000, 0x0000000100000000)
  region size 1024K, 35 young (35840K), 3 survivors (3072K)
 Metaspace       used 78697K, committed 80512K, reserved 1179648K
  class space    used 10587K, committed 11520K, reserved 1048576K
}
Event: 105.970 GC heap after
{Heap after GC invocations=39 (full 0):
 garbage-first heap   total 119808K, used 75776K [0x0000000080000000, 0x0000000100000000)
  region size 1024K, 5 young (5120K), 5 survivors (5120K)
 Metaspace       used 78697K, committed 80512K, reserved 1179648K
  class space    used 10587K, committed 11520K, reserved 1048576K
}

