# JRE version: OpenJDK Runtime Environment (21.0.6) (build 21.0.6+-13368085-b895.109)
# Java VM: OpenJDK 64-Bit Server VM (21.0.6+-13368085-b895.109, mixed mode, tiered, compressed oops, compressed class ptrs, g1 gc, windows-amd64)
GC Precious Log:
 CardTable entry size: 512
 Card Set container configuration: InlinePtr #cards 5 size 8 Array Of Cards #cards 12 size 40 Howl #buckets 4 coarsen threshold 1843 Howl Bitmap #cards 512 size 80 coarsen threshold 460 Card regions per heap region 1 cards per card region 2048
 CPUs: 2 total, 2 available
 Memory: 3920M
 Large Page Support: Disabled
 NUMA Support: Disabled
 Compressed Oops: Enabled (32-bit)
 Heap Region Size: 1M
 Heap Min Capacity: 8M
 Heap Initial Capacity: 62M
 Heap Max Capacity: 2G
 Pre-touch: Disabled
 Parallel Workers: 2
 Concurrent Workers: 1
 Concurrent Refinement Workers: 2
 Periodic GC: Disabled
Heap:
 garbage-first heap   total 227328K, used 172544K [0x0000000080000000, 0x0000000100000000)
  region size 1024K, 4 young (4096K), 4 survivors (4096K)
 Metaspace       used 131012K, committed 133312K, reserved 1179648K
  class space    used 17543K, committed 18752K, reserved 1048576K
GC Heap History (20 events):
Event: 107.724 GC heap after
{Heap after GC invocations=62 (full 0):
 garbage-first heap   total 214016K, used 121856K [0x0000000080000000, 0x0000000100000000)
  region size 1024K, 10 young (10240K), 10 survivors (10240K)
 Metaspace       used 121651K, committed 123840K, reserved 1179648K
  class space    used 16488K, committed 17600K, reserved 1048576K
}
Event: 112.366 GC heap before
{Heap before GC invocations=62 (full 0):
 garbage-first heap   total 214016K, used 190464K [0x0000000080000000, 0x0000000100000000)
  region size 1024K, 78 young (79872K), 10 survivors (10240K)
 Metaspace       used 122249K, committed 124416K, reserved 1179648K
  class space    used 16554K, committed 17664K, reserved 1048576K
}
Event: 112.396 GC heap after
{Heap after GC invocations=63 (full 0):
 garbage-first heap   total 214016K, used 121856K [0x0000000080000000, 0x0000000100000000)
  region size 1024K, 5 young (5120K), 5 survivors (5120K)
 Metaspace       used 122249K, committed 124416K, reserved 1179648K
  class space    used 16554K, committed 17664K, reserved 1048576K
}
Event: 969.725 GC heap before
{Heap before GC invocations=64 (full 0):
 garbage-first heap   total 214016K, used 209920K [0x0000000080000000, 0x0000000100000000)
  region size 1024K, 76 young (77824K), 5 survivors (5120K)
 Metaspace       used 125309K, committed 127616K, reserved 1179648K
  class space    used 16977K, committed 18176K, reserved 1048576K
}
Event: 970.331 GC heap after
{Heap after GC invocations=65 (full 0):
 garbage-first heap   total 217088K, used 122880K [0x0000000080000000, 0x0000000100000000)
  region size 1024K, 6 young (6144K), 6 survivors (6144K)
 Metaspace       used 125309K, committed 127616K, reserved 1179648K
  class space    used 16977K, committed 18176K, reserved 1048576K
}
Event: 978.602 GC heap before
{Heap before GC invocations=65 (full 0):
 garbage-first heap   total 217088K, used 196608K [0x0000000080000000, 0x0000000100000000)
  region size 1024K, 79 young (80896K), 6 survivors (6144K)
 Metaspace       used 125771K, committed 128064K, reserved 1179648K
  class space    used 16978K, committed 18176K, reserved 1048576K
}
Event: 979.021 GC heap after
{Heap after GC invocations=66 (full 0):
 garbage-first heap   total 217088K, used 131572K [0x0000000080000000, 0x0000000100000000)
  region size 1024K, 10 young (10240K), 10 survivors (10240K)
 Metaspace       used 125771K, committed 128064K, reserved 1179648K
  class space    used 16978K, committed 18176K, reserved 1048576K
}
Event: 979.069 GC heap before
{Heap before GC invocations=66 (full 0):
 garbage-first heap   total 217088K, used 132596K [0x0000000080000000, 0x0000000100000000)
  region size 1024K, 11 young (11264K), 10 survivors (10240K)
 Metaspace       used 125771K, committed 128064K, reserved 1179648K
  class space    used 16978K, committed 18176K, reserved 1048576K
}
Event: 979.139 GC heap after
{Heap after GC invocations=67 (full 0):
 garbage-first heap   total 217088K, used 133120K [0x0000000080000000, 0x0000000100000000)
  region size 1024K, 1 young (1024K), 1 survivors (1024K)
 Metaspace       used 125771K, committed 128064K, reserved 1179648K
  class space    used 16978K, committed 18176K, reserved 1048576K
}
Event: 983.612 GC heap before
{Heap before GC invocations=68 (full 0):
 garbage-first heap   total 220160K, used 144384K [0x0000000080000000, 0x0000000100000000)
  region size 1024K, 13 young (13312K), 1 survivors (1024K)
 Metaspace       used 125906K, committed 128256K, reserved 1179648K
  class space    used 16989K, committed 18176K, reserved 1048576K
}
Event: 983.637 GC heap after
{Heap after GC invocations=69 (full 0):
 garbage-first heap   total 220160K, used 133632K [0x0000000080000000, 0x0000000100000000)
  region size 1024K, 2 young (2048K), 2 survivors (2048K)
 Metaspace       used 125906K, committed 128256K, reserved 1179648K
  class space    used 16989K, committed 18176K, reserved 1048576K
}
Event: 992.916 GC heap before
{Heap before GC invocations=69 (full 0):
 garbage-first heap   total 220160K, used 188928K [0x0000000080000000, 0x0000000100000000)
  region size 1024K, 54 young (55296K), 2 survivors (2048K)
 Metaspace       used 127448K, committed 129728K, reserved 1179648K
  class space    used 17151K, committed 18304K, reserved 1048576K
}
Event: 993.201 GC heap after
{Heap after GC invocations=70 (full 0):
 garbage-first heap   total 221184K, used 160256K [0x0000000080000000, 0x0000000100000000)
  region size 1024K, 7 young (7168K), 7 survivors (7168K)
 Metaspace       used 127448K, committed 129728K, reserved 1179648K
  class space    used 17151K, committed 18304K, reserved 1048576K
}
Event: 993.313 GC heap before
{Heap before GC invocations=70 (full 0):
 garbage-first heap   total 221184K, used 163328K [0x0000000080000000, 0x0000000100000000)
  region size 1024K, 10 young (10240K), 7 survivors (7168K)
 Metaspace       used 127449K, committed 129728K, reserved 1179648K
  class space    used 17151K, committed 18304K, reserved 1048576K
}
Event: 993.375 GC heap after
{Heap after GC invocations=71 (full 0):
 garbage-first heap   total 221184K, used 161792K [0x0000000080000000, 0x0000000100000000)
  region size 1024K, 2 young (2048K), 2 survivors (2048K)
 Metaspace       used 127449K, committed 129728K, reserved 1179648K
  class space    used 17151K, committed 18304K, reserved 1048576K
}
Event: 1007.585 GC heap before
{Heap before GC invocations=71 (full 0):
 garbage-first heap   total 221184K, used 184320K [0x0000000080000000, 0x0000000100000000)
  region size 1024K, 25 young (25600K), 2 survivors (2048K)
 Metaspace       used 129694K, committed 131904K, reserved 1179648K
  class space    used 17427K, committed 18560K, reserved 1048576K
}
Event: 1007.655 GC heap after
{Heap after GC invocations=72 (full 0):
 garbage-first heap   total 221184K, used 163840K [0x0000000080000000, 0x0000000100000000)
  region size 1024K, 4 young (4096K), 4 survivors (4096K)
 Metaspace       used 129694K, committed 131904K, reserved 1179648K
  class space    used 17427K, committed 18560K, reserved 1048576K
}
Event: 1012.249 GC heap before
{Heap before GC invocations=72 (full 0):
 garbage-first heap   total 221184K, used 172032K [0x0000000080000000, 0x0000000100000000)
  region size 1024K, 12 young (12288K), 4 survivors (4096K)
 Metaspace       used 129706K, committed 131968K, reserved 1179648K
  class space    used 17427K, committed 18560K, reserved 1048576K
}
Event: 1012.361 GC heap after
{Heap after GC invocations=73 (full 0):
 garbage-first heap   total 221184K, used 171008K [0x0000000080000000, 0x0000000100000000)
  region size 1024K, 2 young (2048K), 2 survivors (2048K)
 Metaspace       used 129706K, committed 131968K, reserved 1179648K
  class space    used 17427K, committed 18560K, reserved 1048576K
}
Event: 1022.630 GC heap before
{Heap before GC invocations=73 (full 0):
 garbage-first heap   total 221184K, used 220160K [0x0000000080000000, 0x0000000100000000)
  region size 1024K, 26 young (26624K), 2 survivors (2048K)
 Metaspace       used 131012K, committed 133312K, reserved 1179648K
  class space    used 17543K, committed 18752K, reserved 1048576K
}

