# JRE version: OpenJDK Runtime Environment (21.0.6) (build 21.0.6+-13368085-b895.109)
# Java VM: OpenJDK 64-Bit Server VM (21.0.6+-13368085-b895.109, mixed mode, tiered, compressed oops, compressed class ptrs, g1 gc, windows-amd64)
GC Precious Log:
 CardTable entry size: 512
 Card Set container configuration: InlinePtr #cards 5 size 8 Array Of Cards #cards 12 size 40 Howl #buckets 4 coarsen threshold 1843 Howl Bitmap #cards 512 size 80 coarsen threshold 460 Card regions per heap region 1 cards per card region 2048
 CPUs: 2 total, 2 available
 Memory: 3920M
 Large Page Support: Disabled
 NUMA Support: Disabled
 Compressed Oops: Enabled (32-bit)
 Heap Region Size: 1M
 Heap Min Capacity: 8M
 Heap Initial Capacity: 62M
 Heap Max Capacity: 2G
 Pre-touch: Disabled
 Parallel Workers: 2
 Concurrent Workers: 1
 Concurrent Refinement Workers: 2
 Periodic GC: Disabled
Heap:
 garbage-first heap   total 150528K, used 102400K [0x0000000080000000, 0x0000000100000000)
  region size 1024K, 17 young (17408K), 4 survivors (4096K)
 Metaspace       used 102302K, committed 104320K, reserved 1179648K
  class space    used 13939K, committed 14976K, reserved 1048576K
GC Heap History (20 events):
Event: 63.683 GC heap before
{Heap before GC invocations=34 (full 0):
 garbage-first heap   total 103424K, used 91394K [0x0000000080000000, 0x0000000100000000)
  region size 1024K, 23 young (23552K), 1 survivors (1024K)
 Metaspace       used 73294K, committed 75008K, reserved 1114112K
  class space    used 9800K, committed 10624K, reserved 1048576K
}
Event: 63.694 GC heap after
{Heap after GC invocations=35 (full 0):
 garbage-first heap   total 103424K, used 70251K [0x0000000080000000, 0x0000000100000000)
  region size 1024K, 2 young (2048K), 2 survivors (2048K)
 Metaspace       used 73294K, committed 75008K, reserved 1114112K
  class space    used 9800K, committed 10624K, reserved 1048576K
}
Event: 72.211 GC heap before
{Heap before GC invocations=36 (full 0):
 garbage-first heap   total 119808K, used 92779K [0x0000000080000000, 0x0000000100000000)
  region size 1024K, 24 young (24576K), 2 survivors (2048K)
 Metaspace       used 75614K, committed 77376K, reserved 1179648K
  class space    used 10193K, committed 11072K, reserved 1048576K
}
Event: 72.222 GC heap after
{Heap after GC invocations=37 (full 0):
 garbage-first heap   total 119808K, used 71168K [0x0000000080000000, 0x0000000100000000)
  region size 1024K, 2 young (2048K), 2 survivors (2048K)
 Metaspace       used 75614K, committed 77376K, reserved 1179648K
  class space    used 10193K, committed 11072K, reserved 1048576K
}
Event: 82.821 GC heap before
{Heap before GC invocations=37 (full 0):
 garbage-first heap   total 119808K, used 110080K [0x0000000080000000, 0x0000000100000000)
  region size 1024K, 36 young (36864K), 2 survivors (2048K)
 Metaspace       used 78256K, committed 80128K, reserved 1179648K
  class space    used 10543K, committed 11520K, reserved 1048576K
}
Event: 82.929 GC heap after
{Heap after GC invocations=38 (full 0):
 garbage-first heap   total 119808K, used 75564K [0x0000000080000000, 0x0000000100000000)
  region size 1024K, 5 young (5120K), 5 survivors (5120K)
 Metaspace       used 78256K, committed 80128K, reserved 1179648K
  class space    used 10543K, committed 11520K, reserved 1048576K
}
Event: 91.104 GC heap before
{Heap before GC invocations=38 (full 0):
 garbage-first heap   total 119808K, used 107308K [0x0000000080000000, 0x0000000100000000)
  region size 1024K, 36 young (36864K), 5 survivors (5120K)
 Metaspace       used 80765K, committed 82624K, reserved 1179648K
  class space    used 10844K, committed 11776K, reserved 1048576K
}
Event: 91.124 GC heap after
{Heap after GC invocations=39 (full 0):
 garbage-first heap   total 144384K, used 77521K [0x0000000080000000, 0x0000000100000000)
  region size 1024K, 2 young (2048K), 2 survivors (2048K)
 Metaspace       used 80765K, committed 82624K, reserved 1179648K
  class space    used 10844K, committed 11776K, reserved 1048576K
}
Event: 94.245 GC heap before
{Heap before GC invocations=40 (full 0):
 garbage-first heap   total 144384K, used 125649K [0x0000000080000000, 0x0000000100000000)
  region size 1024K, 49 young (50176K), 2 survivors (2048K)
 Metaspace       used 85833K, committed 87680K, reserved 1179648K
  class space    used 11488K, committed 12416K, reserved 1048576K
}
Event: 94.259 GC heap after
{Heap after GC invocations=41 (full 0):
 garbage-first heap   total 144384K, used 79766K [0x0000000080000000, 0x0000000100000000)
  region size 1024K, 4 young (4096K), 4 survivors (4096K)
 Metaspace       used 85833K, committed 87680K, reserved 1179648K
  class space    used 11488K, committed 12416K, reserved 1048576K
}
Event: 95.662 GC heap before
{Heap before GC invocations=41 (full 0):
 garbage-first heap   total 144384K, used 130966K [0x0000000080000000, 0x0000000100000000)
  region size 1024K, 54 young (55296K), 4 survivors (4096K)
 Metaspace       used 89515K, committed 91456K, reserved 1179648K
  class space    used 12000K, committed 12992K, reserved 1048576K
}
Event: 95.685 GC heap after
{Heap after GC invocations=42 (full 0):
 garbage-first heap   total 144384K, used 81452K [0x0000000080000000, 0x0000000100000000)
  region size 1024K, 5 young (5120K), 5 survivors (5120K)
 Metaspace       used 89515K, committed 91456K, reserved 1179648K
  class space    used 12000K, committed 12992K, reserved 1048576K
}
Event: 96.991 GC heap before
{Heap before GC invocations=42 (full 0):
 garbage-first heap   total 144384K, used 129580K [0x0000000080000000, 0x0000000100000000)
  region size 1024K, 52 young (53248K), 5 survivors (5120K)
 Metaspace       used 91436K, committed 93312K, reserved 1179648K
  class space    used 12227K, committed 13184K, reserved 1048576K
}
Event: 97.014 GC heap after
{Heap after GC invocations=43 (full 0):
 garbage-first heap   total 144384K, used 85258K [0x0000000080000000, 0x0000000100000000)
  region size 1024K, 6 young (6144K), 6 survivors (6144K)
 Metaspace       used 91436K, committed 93312K, reserved 1179648K
  class space    used 12227K, committed 13184K, reserved 1048576K
}
Event: 98.795 GC heap before
{Heap before GC invocations=44 (full 0):
 garbage-first heap   total 144384K, used 130314K [0x0000000080000000, 0x0000000100000000)
  region size 1024K, 49 young (50176K), 6 survivors (6144K)
 Metaspace       used 94708K, committed 96704K, reserved 1179648K
  class space    used 12753K, committed 13760K, reserved 1048576K
}
Event: 98.822 GC heap after
{Heap after GC invocations=45 (full 0):
 garbage-first heap   total 144384K, used 87975K [0x0000000080000000, 0x0000000100000000)
  region size 1024K, 3 young (3072K), 3 survivors (3072K)
 Metaspace       used 94708K, committed 96704K, reserved 1179648K
  class space    used 12753K, committed 13760K, reserved 1048576K
}
Event: 100.656 GC heap before
{Heap before GC invocations=45 (full 0):
 garbage-first heap   total 144384K, used 132007K [0x0000000080000000, 0x0000000100000000)
  region size 1024K, 46 young (47104K), 3 survivors (3072K)
 Metaspace       used 98216K, committed 100160K, reserved 1179648K
  class space    used 13334K, committed 14336K, reserved 1048576K
}
Event: 100.680 GC heap after
{Heap after GC invocations=46 (full 0):
 garbage-first heap   total 144384K, used 87687K [0x0000000080000000, 0x0000000100000000)
  region size 1024K, 4 young (4096K), 4 survivors (4096K)
 Metaspace       used 98216K, committed 100160K, reserved 1179648K
  class space    used 13334K, committed 14336K, reserved 1048576K
}
Event: 102.339 GC heap before
{Heap before GC invocations=46 (full 0):
 garbage-first heap   total 144384K, used 130695K [0x0000000080000000, 0x0000000100000000)
  region size 1024K, 46 young (47104K), 4 survivors (4096K)
 Metaspace       used 101572K, committed 103616K, reserved 1179648K
  class space    used 13814K, committed 14848K, reserved 1048576K
}
Event: 102.361 GC heap after
{Heap after GC invocations=47 (full 0):
 garbage-first heap   total 144384K, used 90112K [0x0000000080000000, 0x0000000100000000)
  region size 1024K, 4 young (4096K), 4 survivors (4096K)
 Metaspace       used 101572K, committed 103616K, reserved 1179648K
  class space    used 13814K, committed 14848K, reserved 1048576K
}

