# JRE version: OpenJDK Runtime Environment (21.0.6) (build 21.0.6+-13368085-b895.109)
# Java VM: OpenJDK 64-Bit Server VM (21.0.6+-13368085-b895.109, mixed mode, tiered, compressed oops, compressed class ptrs, g1 gc, windows-amd64)
GC Precious Log:
 CardTable entry size: 512
 Card Set container configuration: InlinePtr #cards 5 size 8 Array Of Cards #cards 12 size 40 Howl #buckets 4 coarsen threshold 1843 Howl Bitmap #cards 512 size 80 coarsen threshold 460 Card regions per heap region 1 cards per card region 2048
 CPUs: 2 total, 2 available
 Memory: 3920M
 Large Page Support: Disabled
 NUMA Support: Disabled
 Compressed Oops: Enabled (32-bit)
 Heap Region Size: 1M
 Heap Min Capacity: 8M
 Heap Initial Capacity: 62M
 Heap Max Capacity: 2G
 Pre-touch: Disabled
 Parallel Workers: 2
 Concurrent Workers: 1
 Concurrent Refinement Workers: 2
 Periodic GC: Disabled
Heap:
 garbage-first heap   total 368640K, used 263168K [0x0000000080000000, 0x0000000100000000)
  region size 1024K, 6 young (6144K), 6 survivors (6144K)
 Metaspace       used 149978K, committed 152256K, reserved 1245184K
  class space    used 19715K, committed 20864K, reserved 1048576K
GC Heap History (20 events):
Event: 267.667 GC heap after
{Heap after GC invocations=131 (full 0):
 garbage-first heap   total 319488K, used 149901K [0x0000000080000000, 0x0000000100000000)
  region size 1024K, 6 young (6144K), 6 survivors (6144K)
 Metaspace       used 148142K, committed 150464K, reserved 1179648K
  class space    used 19520K, committed 20672K, reserved 1048576K
}
Event: 270.267 GC heap before
{Heap before GC invocations=131 (full 0):
 garbage-first heap   total 319488K, used 295309K [0x0000000080000000, 0x0000000100000000)
  region size 1024K, 148 young (151552K), 6 survivors (6144K)
 Metaspace       used 148143K, committed 150464K, reserved 1179648K
  class space    used 19520K, committed 20672K, reserved 1048576K
}
Event: 270.292 GC heap after
{Heap after GC invocations=132 (full 0):
 garbage-first heap   total 319488K, used 149956K [0x0000000080000000, 0x0000000100000000)
  region size 1024K, 6 young (6144K), 6 survivors (6144K)
 Metaspace       used 148143K, committed 150464K, reserved 1179648K
  class space    used 19520K, committed 20672K, reserved 1048576K
}
Event: 274.755 GC heap before
{Heap before GC invocations=133 (full 0):
 garbage-first heap   total 319488K, used 295364K [0x0000000080000000, 0x0000000100000000)
  region size 1024K, 148 young (151552K), 6 survivors (6144K)
 Metaspace       used 148143K, committed 150464K, reserved 1179648K
  class space    used 19520K, committed 20672K, reserved 1048576K
}
Event: 274.783 GC heap after
{Heap after GC invocations=134 (full 0):
 garbage-first heap   total 319488K, used 150985K [0x0000000080000000, 0x0000000100000000)
  region size 1024K, 7 young (7168K), 7 survivors (7168K)
 Metaspace       used 148143K, committed 150464K, reserved 1179648K
  class space    used 19520K, committed 20672K, reserved 1048576K
}
Event: 276.016 GC heap before
{Heap before GC invocations=134 (full 0):
 garbage-first heap   total 319488K, used 294345K [0x0000000080000000, 0x0000000100000000)
  region size 1024K, 147 young (150528K), 7 survivors (7168K)
 Metaspace       used 148144K, committed 150464K, reserved 1179648K
  class space    used 19520K, committed 20672K, reserved 1048576K
}
Event: 276.053 GC heap after
{Heap after GC invocations=135 (full 0):
 garbage-first heap   total 319488K, used 147769K [0x0000000080000000, 0x0000000100000000)
  region size 1024K, 8 young (8192K), 8 survivors (8192K)
 Metaspace       used 148144K, committed 150464K, reserved 1179648K
  class space    used 19520K, committed 20672K, reserved 1048576K
}
Event: 278.009 GC heap before
{Heap before GC invocations=135 (full 0):
 garbage-first heap   total 319488K, used 293177K [0x0000000080000000, 0x0000000100000000)
  region size 1024K, 150 young (153600K), 8 survivors (8192K)
 Metaspace       used 148195K, committed 150464K, reserved 1179648K
  class space    used 19525K, committed 20672K, reserved 1048576K
}
Event: 278.063 GC heap after
{Heap after GC invocations=136 (full 0):
 garbage-first heap   total 319488K, used 151353K [0x0000000080000000, 0x0000000100000000)
  region size 1024K, 11 young (11264K), 11 survivors (11264K)
 Metaspace       used 148195K, committed 150464K, reserved 1179648K
  class space    used 19525K, committed 20672K, reserved 1048576K
}
Event: 283.097 GC heap before
{Heap before GC invocations=137 (full 0):
 garbage-first heap   total 319488K, used 318265K [0x0000000080000000, 0x0000000100000000)
  region size 1024K, 118 young (120832K), 11 survivors (11264K)
 Metaspace       used 149385K, committed 151616K, reserved 1245184K
  class space    used 19674K, committed 20800K, reserved 1048576K
}
Event: 283.246 GC heap after
{Heap after GC invocations=138 (full 0):
 garbage-first heap   total 348160K, used 196318K [0x0000000080000000, 0x0000000100000000)
  region size 1024K, 19 young (19456K), 19 survivors (19456K)
 Metaspace       used 149385K, committed 151616K, reserved 1245184K
  class space    used 19674K, committed 20800K, reserved 1048576K
}
Event: 285.845 GC heap before
{Heap before GC invocations=138 (full 0):
 garbage-first heap   total 348160K, used 311006K [0x0000000080000000, 0x0000000100000000)
  region size 1024K, 131 young (134144K), 19 survivors (19456K)
 Metaspace       used 149772K, committed 152064K, reserved 1245184K
  class space    used 19707K, committed 20864K, reserved 1048576K
}
Event: 286.146 GC heap after
{Heap after GC invocations=139 (full 0):
 garbage-first heap   total 359424K, used 217600K [0x0000000080000000, 0x0000000100000000)
  region size 1024K, 17 young (17408K), 17 survivors (17408K)
 Metaspace       used 149772K, committed 152064K, reserved 1245184K
  class space    used 19707K, committed 20864K, reserved 1048576K
}
Event: 287.153 GC heap before
{Heap before GC invocations=139 (full 0):
 garbage-first heap   total 359424K, used 239104K [0x0000000080000000, 0x0000000100000000)
  region size 1024K, 40 young (40960K), 17 survivors (17408K)
 Metaspace       used 149778K, committed 152064K, reserved 1245184K
  class space    used 19707K, committed 20864K, reserved 1048576K
}
Event: 287.260 GC heap after
{Heap after GC invocations=140 (full 0):
 garbage-first heap   total 359424K, used 227072K [0x0000000080000000, 0x0000000100000000)
  region size 1024K, 10 young (10240K), 10 survivors (10240K)
 Metaspace       used 149778K, committed 152064K, reserved 1245184K
  class space    used 19707K, committed 20864K, reserved 1048576K
}
Event: 291.903 GC heap before
{Heap before GC invocations=141 (full 0):
 garbage-first heap   total 368640K, used 292608K [0x0000000080000000, 0x0000000100000000)
  region size 1024K, 78 young (79872K), 10 survivors (10240K)
 Metaspace       used 149809K, committed 152128K, reserved 1245184K
  class space    used 19710K, committed 20864K, reserved 1048576K
}
Event: 292.089 GC heap after
{Heap after GC invocations=142 (full 0):
 garbage-first heap   total 368640K, used 251904K [0x0000000080000000, 0x0000000100000000)
  region size 1024K, 10 young (10240K), 10 survivors (10240K)
 Metaspace       used 149809K, committed 152128K, reserved 1245184K
  class space    used 19710K, committed 20864K, reserved 1048576K
}
Event: 294.293 GC heap before
{Heap before GC invocations=142 (full 0):
 garbage-first heap   total 368640K, used 308224K [0x0000000080000000, 0x0000000100000000)
  region size 1024K, 66 young (67584K), 10 survivors (10240K)
 Metaspace       used 149963K, committed 152256K, reserved 1245184K
  class space    used 19715K, committed 20864K, reserved 1048576K
}
Event: 294.389 GC heap after
{Heap after GC invocations=143 (full 0):
 garbage-first heap   total 368640K, used 257024K [0x0000000080000000, 0x0000000100000000)
  region size 1024K, 9 young (9216K), 9 survivors (9216K)
 Metaspace       used 149963K, committed 152256K, reserved 1245184K
  class space    used 19715K, committed 20864K, reserved 1048576K
}
Event: 296.651 GC heap before
{Heap before GC invocations=143 (full 0):
 garbage-first heap   total 368640K, used 301056K [0x0000000080000000, 0x0000000100000000)
  region size 1024K, 54 young (55296K), 9 survivors (9216K)
 Metaspace       used 149978K, committed 152256K, reserved 1245184K
  class space    used 19715K, committed 20864K, reserved 1048576K
}

