# JRE version: OpenJDK Runtime Environment (21.0.6) (build 21.0.6+-13368085-b895.109)
# Java VM: OpenJDK 64-Bit Server VM (21.0.6+-13368085-b895.109, mixed mode, tiered, compressed oops, compressed class ptrs, g1 gc, windows-amd64)
GC Precious Log:
 CardTable entry size: 512
 Card Set container configuration: InlinePtr #cards 5 size 8 Array Of Cards #cards 12 size 40 Howl #buckets 4 coarsen threshold 1843 Howl Bitmap #cards 512 size 80 coarsen threshold 460 Card regions per heap region 1 cards per card region 2048
 CPUs: 2 total, 2 available
 Memory: 3920M
 Large Page Support: Disabled
 NUMA Support: Disabled
 Compressed Oops: Enabled (32-bit)
 Heap Region Size: 1M
 Heap Min Capacity: 8M
 Heap Initial Capacity: 62M
 Heap Max Capacity: 2G
 Pre-touch: Disabled
 Parallel Workers: 2
 Concurrent Workers: 1
 Concurrent Refinement Workers: 2
 Periodic GC: Disabled
Heap:
 garbage-first heap   total 106496K, used 72806K [0x0000000080000000, 0x0000000100000000)
  region size 1024K, 3 young (3072K), 2 survivors (2048K)
 Metaspace       used 79833K, committed 81600K, reserved 1179648K
  class space    used 10631K, committed 11520K, reserved 1048576K
GC Heap History (20 events):
Event: 107.271 GC heap before
{Heap before GC invocations=26 (full 0):
 garbage-first heap   total 76800K, used 68047K [0x0000000080000000, 0x0000000100000000)
  region size 1024K, 20 young (20480K), 3 survivors (3072K)
 Metaspace       used 73551K, committed 75200K, reserved 1114112K
  class space    used 9891K, committed 10752K, reserved 1048576K
}
Event: 107.303 GC heap after
{Heap after GC invocations=27 (full 0):
 garbage-first heap   total 76800K, used 51594K [0x0000000080000000, 0x0000000100000000)
  region size 1024K, 3 young (3072K), 3 survivors (3072K)
 Metaspace       used 73551K, committed 75200K, reserved 1114112K
  class space    used 9891K, committed 10752K, reserved 1048576K
}
Event: 114.894 GC heap before
{Heap before GC invocations=28 (full 0):
 garbage-first heap   total 87040K, used 67978K [0x0000000080000000, 0x0000000100000000)
  region size 1024K, 19 young (19456K), 3 survivors (3072K)
 Metaspace       used 73643K, committed 75328K, reserved 1114112K
  class space    used 9891K, committed 10752K, reserved 1048576K
}
Event: 114.915 GC heap after
{Heap after GC invocations=29 (full 0):
 garbage-first heap   total 87040K, used 51933K [0x0000000080000000, 0x0000000100000000)
  region size 1024K, 3 young (3072K), 3 survivors (3072K)
 Metaspace       used 73643K, committed 75328K, reserved 1114112K
  class space    used 9891K, committed 10752K, reserved 1048576K
}
Event: 119.367 GC heap before
{Heap before GC invocations=29 (full 0):
 garbage-first heap   total 87040K, used 75485K [0x0000000080000000, 0x0000000100000000)
  region size 1024K, 27 young (27648K), 3 survivors (3072K)
 Metaspace       used 73703K, committed 75392K, reserved 1114112K
  class space    used 9891K, committed 10752K, reserved 1048576K
}
Event: 119.388 GC heap after
{Heap after GC invocations=30 (full 0):
 garbage-first heap   total 87040K, used 51313K [0x0000000080000000, 0x0000000100000000)
  region size 1024K, 3 young (3072K), 3 survivors (3072K)
 Metaspace       used 73703K, committed 75392K, reserved 1114112K
  class space    used 9891K, committed 10752K, reserved 1048576K
}
Event: 126.266 GC heap before
{Heap before GC invocations=30 (full 0):
 garbage-first heap   total 87040K, used 75889K [0x0000000080000000, 0x0000000100000000)
  region size 1024K, 28 young (28672K), 3 survivors (3072K)
 Metaspace       used 73720K, committed 75392K, reserved 1114112K
  class space    used 9891K, committed 10752K, reserved 1048576K
}
Event: 126.278 GC heap after
{Heap after GC invocations=31 (full 0):
 garbage-first heap   total 87040K, used 51797K [0x0000000080000000, 0x0000000100000000)
  region size 1024K, 3 young (3072K), 3 survivors (3072K)
 Metaspace       used 73720K, committed 75392K, reserved 1114112K
  class space    used 9891K, committed 10752K, reserved 1048576K
}
Event: 128.364 GC heap before
{Heap before GC invocations=32 (full 0):
 garbage-first heap   total 87040K, used 77397K [0x0000000080000000, 0x0000000100000000)
  region size 1024K, 29 young (29696K), 3 survivors (3072K)
 Metaspace       used 73725K, committed 75392K, reserved 1114112K
  class space    used 9892K, committed 10752K, reserved 1048576K
}
Event: 128.378 GC heap after
{Heap after GC invocations=33 (full 0):
 garbage-first heap   total 87040K, used 52657K [0x0000000080000000, 0x0000000100000000)
  region size 1024K, 3 young (3072K), 3 survivors (3072K)
 Metaspace       used 73725K, committed 75392K, reserved 1114112K
  class space    used 9892K, committed 10752K, reserved 1048576K
}
Event: 131.017 GC heap before
{Heap before GC invocations=33 (full 0):
 garbage-first heap   total 90112K, used 85425K [0x0000000080000000, 0x0000000100000000)
  region size 1024K, 28 young (28672K), 3 survivors (3072K)
 Metaspace       used 74304K, committed 75968K, reserved 1114112K
  class space    used 9989K, committed 10816K, reserved 1048576K
}
Event: 131.036 GC heap after
{Heap after GC invocations=34 (full 0):
 garbage-first heap   total 93184K, used 62092K [0x0000000080000000, 0x0000000100000000)
  region size 1024K, 4 young (4096K), 4 survivors (4096K)
 Metaspace       used 74304K, committed 75968K, reserved 1114112K
  class space    used 9989K, committed 10816K, reserved 1048576K
}
Event: 131.089 GC heap before
{Heap before GC invocations=34 (full 0):
 garbage-first heap   total 93184K, used 62092K [0x0000000080000000, 0x0000000100000000)
  region size 1024K, 5 young (5120K), 4 survivors (4096K)
 Metaspace       used 74377K, committed 76032K, reserved 1114112K
  class space    used 10002K, committed 10816K, reserved 1048576K
}
Event: 131.099 GC heap after
{Heap after GC invocations=35 (full 0):
 garbage-first heap   total 93184K, used 62912K [0x0000000080000000, 0x0000000100000000)
  region size 1024K, 1 young (1024K), 1 survivors (1024K)
 Metaspace       used 74377K, committed 76032K, reserved 1114112K
  class space    used 10002K, committed 10816K, reserved 1048576K
}
Event: 132.952 GC heap before
{Heap before GC invocations=36 (full 0):
 garbage-first heap   total 106496K, used 88512K [0x0000000080000000, 0x0000000100000000)
  region size 1024K, 22 young (22528K), 1 survivors (1024K)
 Metaspace       used 75527K, committed 77184K, reserved 1179648K
  class space    used 10134K, committed 10944K, reserved 1048576K
}
Event: 132.968 GC heap after
{Heap after GC invocations=37 (full 0):
 garbage-first heap   total 106496K, used 72368K [0x0000000080000000, 0x0000000100000000)
  region size 1024K, 3 young (3072K), 3 survivors (3072K)
 Metaspace       used 75527K, committed 77184K, reserved 1179648K
  class space    used 10134K, committed 10944K, reserved 1048576K
}
Event: 135.143 GC heap before
{Heap before GC invocations=37 (full 0):
 garbage-first heap   total 106496K, used 92848K [0x0000000080000000, 0x0000000100000000)
  region size 1024K, 24 young (24576K), 3 survivors (3072K)
 Metaspace       used 77366K, committed 79040K, reserved 1179648K
  class space    used 10374K, committed 11200K, reserved 1048576K
}
Event: 135.174 GC heap after
{Heap after GC invocations=38 (full 0):
 garbage-first heap   total 106496K, used 72213K [0x0000000080000000, 0x0000000100000000)
  region size 1024K, 1 young (1024K), 1 survivors (1024K)
 Metaspace       used 77366K, committed 79040K, reserved 1179648K
  class space    used 10374K, committed 11200K, reserved 1048576K
}
Event: 137.769 GC heap before
{Heap before GC invocations=38 (full 0):
 garbage-first heap   total 106496K, used 94741K [0x0000000080000000, 0x0000000100000000)
  region size 1024K, 24 young (24576K), 1 survivors (1024K)
 Metaspace       used 79782K, committed 81536K, reserved 1179648K
  class space    used 10627K, committed 11520K, reserved 1048576K
}
Event: 137.779 GC heap after
{Heap after GC invocations=39 (full 0):
 garbage-first heap   total 106496K, used 72806K [0x0000000080000000, 0x0000000100000000)
  region size 1024K, 2 young (2048K), 2 survivors (2048K)
 Metaspace       used 79782K, committed 81536K, reserved 1179648K
  class space    used 10627K, committed 11520K, reserved 1048576K
}

