# JRE version: OpenJDK Runtime Environment (21.0.6) (build 21.0.6+-13368085-b895.109)
# Java VM: OpenJDK 64-Bit Server VM (21.0.6+-13368085-b895.109, mixed mode, tiered, compressed oops, compressed class ptrs, g1 gc, windows-amd64)
GC Precious Log:
 CardTable entry size: 512
 Card Set container configuration: InlinePtr #cards 5 size 8 Array Of Cards #cards 12 size 40 Howl #buckets 4 coarsen threshold 1843 Howl Bitmap #cards 512 size 80 coarsen threshold 460 Card regions per heap region 1 cards per card region 2048
 CPUs: 2 total, 2 available
 Memory: 3920M
 Large Page Support: Disabled
 NUMA Support: Disabled
 Compressed Oops: Enabled (32-bit)
 Heap Region Size: 1M
 Heap Min Capacity: 8M
 Heap Initial Capacity: 62M
 Heap Max Capacity: 2G
 Pre-touch: Disabled
 Parallel Workers: 2
 Concurrent Workers: 1
 Concurrent Refinement Workers: 2
 Periodic GC: Disabled
Heap:
 garbage-first heap   total 212992K, used 173632K [0x0000000080000000, 0x0000000100000000)
  region size 1024K, 29 young (29696K), 7 survivors (7168K)
 Metaspace       used 120701K, committed 122880K, reserved 1179648K
  class space    used 16375K, committed 17472K, reserved 1048576K
GC Heap History (20 events):
Event: 82.309 GC heap before
{Heap before GC invocations=54 (full 0):
 garbage-first heap   total 148480K, used 134288K [0x0000000080000000, 0x0000000100000000)
  region size 1024K, 47 young (48128K), 5 survivors (5120K)
 Metaspace       used 105310K, committed 107456K, reserved 1179648K
  class space    used 14433K, committed 15488K, reserved 1048576K
}
Event: 82.336 GC heap after
{Heap after GC invocations=55 (full 0):
 garbage-first heap   total 178176K, used 91556K [0x0000000080000000, 0x0000000100000000)
  region size 1024K, 4 young (4096K), 4 survivors (4096K)
 Metaspace       used 105310K, committed 107456K, reserved 1179648K
  class space    used 14433K, committed 15488K, reserved 1048576K
}
Event: 88.522 GC heap before
{Heap before GC invocations=55 (full 0):
 garbage-first heap   total 178176K, used 163236K [0x0000000080000000, 0x0000000100000000)
  region size 1024K, 74 young (75776K), 4 survivors (4096K)
 Metaspace       used 111483K, committed 113600K, reserved 1179648K
  class space    used 15271K, committed 16320K, reserved 1048576K
}
Event: 88.560 GC heap after
{Heap after GC invocations=56 (full 0):
 garbage-first heap   total 178176K, used 97188K [0x0000000080000000, 0x0000000100000000)
  region size 1024K, 10 young (10240K), 10 survivors (10240K)
 Metaspace       used 111483K, committed 113600K, reserved 1179648K
  class space    used 15271K, committed 16320K, reserved 1048576K
}
Event: 92.167 GC heap before
{Heap before GC invocations=57 (full 0):
 garbage-first heap   total 178176K, used 155556K [0x0000000080000000, 0x0000000100000000)
  region size 1024K, 68 young (69632K), 10 survivors (10240K)
 Metaspace       used 111944K, committed 114112K, reserved 1179648K
  class space    used 15308K, committed 16384K, reserved 1048576K
}
Event: 92.226 GC heap after
{Heap after GC invocations=58 (full 0):
 garbage-first heap   total 178176K, used 103697K [0x0000000080000000, 0x0000000100000000)
  region size 1024K, 7 young (7168K), 7 survivors (7168K)
 Metaspace       used 111944K, committed 114112K, reserved 1179648K
  class space    used 15308K, committed 16384K, reserved 1048576K
}
Event: 97.400 GC heap before
{Heap before GC invocations=58 (full 0):
 garbage-first heap   total 178176K, used 158993K [0x0000000080000000, 0x0000000100000000)
  region size 1024K, 62 young (63488K), 7 survivors (7168K)
 Metaspace       used 112449K, committed 114560K, reserved 1179648K
  class space    used 15407K, committed 16448K, reserved 1048576K
}
Event: 97.438 GC heap after
{Heap after GC invocations=59 (full 0):
 garbage-first heap   total 178176K, used 104960K [0x0000000080000000, 0x0000000100000000)
  region size 1024K, 5 young (5120K), 5 survivors (5120K)
 Metaspace       used 112449K, committed 114560K, reserved 1179648K
  class space    used 15407K, committed 16448K, reserved 1048576K
}
Event: 100.408 GC heap before
{Heap before GC invocations=59 (full 0):
 garbage-first heap   total 178176K, used 161280K [0x0000000080000000, 0x0000000100000000)
  region size 1024K, 61 young (62464K), 5 survivors (5120K)
 Metaspace       used 112511K, committed 114624K, reserved 1179648K
  class space    used 15410K, committed 16448K, reserved 1048576K
}
Event: 100.432 GC heap after
{Heap after GC invocations=60 (full 0):
 garbage-first heap   total 178176K, used 106971K [0x0000000080000000, 0x0000000100000000)
  region size 1024K, 4 young (4096K), 4 survivors (4096K)
 Metaspace       used 112511K, committed 114624K, reserved 1179648K
  class space    used 15410K, committed 16448K, reserved 1048576K
}
Event: 105.312 GC heap before
{Heap before GC invocations=61 (full 0):
 garbage-first heap   total 179200K, used 167387K [0x0000000080000000, 0x0000000100000000)
  region size 1024K, 59 young (60416K), 4 survivors (4096K)
 Metaspace       used 116464K, committed 118592K, reserved 1179648K
  class space    used 15783K, committed 16832K, reserved 1048576K
}
Event: 105.344 GC heap after
{Heap after GC invocations=62 (full 0):
 garbage-first heap   total 179200K, used 111104K [0x0000000080000000, 0x0000000100000000)
  region size 1024K, 8 young (8192K), 8 survivors (8192K)
 Metaspace       used 116464K, committed 118592K, reserved 1179648K
  class space    used 15783K, committed 16832K, reserved 1048576K
}
Event: 107.068 GC heap before
{Heap before GC invocations=62 (full 0):
 garbage-first heap   total 179200K, used 159232K [0x0000000080000000, 0x0000000100000000)
  region size 1024K, 56 young (57344K), 8 survivors (8192K)
 Metaspace       used 116504K, committed 118720K, reserved 1179648K
  class space    used 15787K, committed 16896K, reserved 1048576K
}
Event: 107.104 GC heap after
{Heap after GC invocations=63 (full 0):
 garbage-first heap   total 179200K, used 110907K [0x0000000080000000, 0x0000000100000000)
  region size 1024K, 4 young (4096K), 4 survivors (4096K)
 Metaspace       used 116504K, committed 118720K, reserved 1179648K
  class space    used 15787K, committed 16896K, reserved 1048576K
}
Event: 108.127 GC heap before
{Heap before GC invocations=63 (full 0):
 garbage-first heap   total 179200K, used 133435K [0x0000000080000000, 0x0000000100000000)
  region size 1024K, 28 young (28672K), 4 survivors (4096K)
 Metaspace       used 116933K, committed 119104K, reserved 1179648K
  class space    used 15846K, committed 16960K, reserved 1048576K
}
Event: 108.146 GC heap after
{Heap after GC invocations=64 (full 0):
 garbage-first heap   total 179200K, used 112862K [0x0000000080000000, 0x0000000100000000)
  region size 1024K, 6 young (6144K), 6 survivors (6144K)
 Metaspace       used 116933K, committed 119104K, reserved 1179648K
  class space    used 15846K, committed 16960K, reserved 1048576K
}
Event: 111.749 GC heap before
{Heap before GC invocations=65 (full 0):
 garbage-first heap   total 193536K, used 175326K [0x0000000080000000, 0x0000000100000000)
  region size 1024K, 54 young (55296K), 6 survivors (6144K)
 Metaspace       used 118850K, committed 121024K, reserved 1179648K
  class space    used 16113K, committed 17216K, reserved 1048576K
}
Event: 111.776 GC heap after
{Heap after GC invocations=66 (full 0):
 garbage-first heap   total 193536K, used 133120K [0x0000000080000000, 0x0000000100000000)
  region size 1024K, 7 young (7168K), 7 survivors (7168K)
 Metaspace       used 118850K, committed 121024K, reserved 1179648K
  class space    used 16113K, committed 17216K, reserved 1048576K
}
Event: 112.395 GC heap before
{Heap before GC invocations=66 (full 0):
 garbage-first heap   total 196608K, used 195584K [0x0000000080000000, 0x0000000100000000)
  region size 1024K, 34 young (34816K), 7 survivors (7168K)
 Metaspace       used 120384K, committed 122496K, reserved 1179648K
  class space    used 16333K, committed 17408K, reserved 1048576K
}
Event: 112.428 GC heap after
{Heap after GC invocations=67 (full 0):
 garbage-first heap   total 212992K, used 153152K [0x0000000080000000, 0x0000000100000000)
  region size 1024K, 7 young (7168K), 7 survivors (7168K)
 Metaspace       used 120384K, committed 122496K, reserved 1179648K
  class space    used 16333K, committed 17408K, reserved 1048576K
}

