# JRE version: OpenJDK Runtime Environment (21.0.6) (build 21.0.6+-13368085-b895.109)
# Java VM: OpenJDK 64-Bit Server VM (21.0.6+-13368085-b895.109, mixed mode, tiered, compressed oops, compressed class ptrs, g1 gc, windows-amd64)
GC Precious Log:
 CardTable entry size: 512
 Card Set container configuration: InlinePtr #cards 5 size 8 Array Of Cards #cards 12 size 40 Howl #buckets 4 coarsen threshold 1843 Howl Bitmap #cards 512 size 80 coarsen threshold 460 Card regions per heap region 1 cards per card region 2048
 CPUs: 2 total, 2 available
 Memory: 3920M
 Large Page Support: Disabled
 NUMA Support: Disabled
 Compressed Oops: Enabled (32-bit)
 Heap Region Size: 1M
 Heap Min Capacity: 8M
 Heap Initial Capacity: 62M
 Heap Max Capacity: 982M
 Pre-touch: Disabled
 Parallel Workers: 2
 Concurrent Workers: 1
 Concurrent Refinement Workers: 2
 Periodic GC: Disabled
Heap:
 garbage-first heap   total 44032K, used 29473K [0x00000000c2a00000, 0x0000000100000000)
  region size 1024K, 4 young (4096K), 2 survivors (2048K)
 Metaspace       used 44587K, committed 44800K, reserved 1114112K
  class space    used 5033K, committed 5120K, reserved 1048576K
GC Heap History (20 events):
Event: 9.921 GC heap before
{Heap before GC invocations=7 (full 0):
 garbage-first heap   total 29696K, used 21400K [0x00000000c2a00000, 0x0000000100000000)
  region size 1024K, 9 young (9216K), 1 survivors (1024K)
 Metaspace       used 24495K, committed 24704K, reserved 1114112K
  class space    used 2506K, committed 2624K, reserved 1048576K
}
Event: 9.926 GC heap after
{Heap after GC invocations=8 (full 0):
 garbage-first heap   total 29696K, used 14349K [0x00000000c2a00000, 0x0000000100000000)
  region size 1024K, 1 young (1024K), 1 survivors (1024K)
 Metaspace       used 24495K, committed 24704K, reserved 1114112K
  class space    used 2506K, committed 2624K, reserved 1048576K
}
Event: 11.045 GC heap before
{Heap before GC invocations=9 (full 0):
 garbage-first heap   total 29696K, used 21517K [0x00000000c2a00000, 0x0000000100000000)
  region size 1024K, 9 young (9216K), 1 survivors (1024K)
 Metaspace       used 26980K, committed 27264K, reserved 1114112K
  class space    used 2824K, committed 2944K, reserved 1048576K
}
Event: 11.050 GC heap after
{Heap after GC invocations=10 (full 0):
 garbage-first heap   total 29696K, used 14639K [0x00000000c2a00000, 0x0000000100000000)
  region size 1024K, 1 young (1024K), 1 survivors (1024K)
 Metaspace       used 26980K, committed 27264K, reserved 1114112K
  class space    used 2824K, committed 2944K, reserved 1048576K
}
Event: 13.156 GC heap before
{Heap before GC invocations=10 (full 0):
 garbage-first heap   total 29696K, used 22831K [0x00000000c2a00000, 0x0000000100000000)
  region size 1024K, 10 young (10240K), 1 survivors (1024K)
 Metaspace       used 30116K, committed 30336K, reserved 1114112K
  class space    used 3594K, committed 3712K, reserved 1048576K
}
Event: 13.163 GC heap after
{Heap after GC invocations=11 (full 0):
 garbage-first heap   total 29696K, used 14846K [0x00000000c2a00000, 0x0000000100000000)
  region size 1024K, 2 young (2048K), 2 survivors (2048K)
 Metaspace       used 30116K, committed 30336K, reserved 1114112K
  class space    used 3594K, committed 3712K, reserved 1048576K
}
Event: 13.902 GC heap before
{Heap before GC invocations=11 (full 0):
 garbage-first heap   total 29696K, used 24062K [0x00000000c2a00000, 0x0000000100000000)
  region size 1024K, 11 young (11264K), 2 survivors (2048K)
 Metaspace       used 31594K, committed 31872K, reserved 1114112K
  class space    used 3758K, committed 3904K, reserved 1048576K
}
Event: 13.915 GC heap after
{Heap after GC invocations=12 (full 0):
 garbage-first heap   total 29696K, used 16734K [0x00000000c2a00000, 0x0000000100000000)
  region size 1024K, 2 young (2048K), 2 survivors (2048K)
 Metaspace       used 31594K, committed 31872K, reserved 1114112K
  class space    used 3758K, committed 3904K, reserved 1048576K
}
Event: 15.500 GC heap before
{Heap before GC invocations=12 (full 0):
 garbage-first heap   total 29696K, used 23902K [0x00000000c2a00000, 0x0000000100000000)
  region size 1024K, 9 young (9216K), 2 survivors (2048K)
 Metaspace       used 33110K, committed 33344K, reserved 1114112K
  class space    used 3893K, committed 3968K, reserved 1048576K
}
Event: 15.510 GC heap after
{Heap after GC invocations=13 (full 0):
 garbage-first heap   total 44032K, used 17120K [0x00000000c2a00000, 0x0000000100000000)
  region size 1024K, 1 young (1024K), 1 survivors (1024K)
 Metaspace       used 33110K, committed 33344K, reserved 1114112K
  class space    used 3893K, committed 3968K, reserved 1048576K
}
Event: 17.727 GC heap before
{Heap before GC invocations=14 (full 0):
 garbage-first heap   total 44032K, used 35552K [0x00000000c2a00000, 0x0000000100000000)
  region size 1024K, 20 young (20480K), 1 survivors (1024K)
 Metaspace       used 38346K, committed 38592K, reserved 1114112K
  class space    used 4408K, committed 4480K, reserved 1048576K
}
Event: 17.732 GC heap after
{Heap after GC invocations=15 (full 0):
 garbage-first heap   total 44032K, used 17941K [0x00000000c2a00000, 0x0000000100000000)
  region size 1024K, 2 young (2048K), 2 survivors (2048K)
 Metaspace       used 38346K, committed 38592K, reserved 1114112K
  class space    used 4408K, committed 4480K, reserved 1048576K
}
Event: 21.338 GC heap before
{Heap before GC invocations=15 (full 0):
 garbage-first heap   total 44032K, used 35349K [0x00000000c2a00000, 0x0000000100000000)
  region size 1024K, 20 young (20480K), 2 survivors (2048K)
 Metaspace       used 42313K, committed 42560K, reserved 1114112K
  class space    used 4822K, committed 4928K, reserved 1048576K
}
Event: 21.348 GC heap after
{Heap after GC invocations=16 (full 0):
 garbage-first heap   total 44032K, used 19079K [0x00000000c2a00000, 0x0000000100000000)
  region size 1024K, 3 young (3072K), 3 survivors (3072K)
 Metaspace       used 42313K, committed 42560K, reserved 1114112K
  class space    used 4822K, committed 4928K, reserved 1048576K
}
Event: 21.432 GC heap before
{Heap before GC invocations=16 (full 0):
 garbage-first heap   total 44032K, used 20103K [0x00000000c2a00000, 0x0000000100000000)
  region size 1024K, 5 young (5120K), 3 survivors (3072K)
 Metaspace       used 42334K, committed 42560K, reserved 1114112K
  class space    used 4822K, committed 4928K, reserved 1048576K
}
Event: 21.440 GC heap after
{Heap after GC invocations=17 (full 0):
 garbage-first heap   total 44032K, used 19882K [0x00000000c2a00000, 0x0000000100000000)
  region size 1024K, 3 young (3072K), 3 survivors (3072K)
 Metaspace       used 42334K, committed 42560K, reserved 1114112K
  class space    used 4822K, committed 4928K, reserved 1048576K
}
Event: 21.755 GC heap before
{Heap before GC invocations=18 (full 0):
 garbage-first heap   total 44032K, used 35242K [0x00000000c2a00000, 0x0000000100000000)
  region size 1024K, 17 young (17408K), 3 survivors (3072K)
 Metaspace       used 42340K, committed 42560K, reserved 1114112K
  class space    used 4822K, committed 4928K, reserved 1048576K
}
Event: 21.778 GC heap after
{Heap after GC invocations=19 (full 0):
 garbage-first heap   total 44032K, used 25930K [0x00000000c2a00000, 0x0000000100000000)
  region size 1024K, 3 young (3072K), 3 survivors (3072K)
 Metaspace       used 42340K, committed 42560K, reserved 1114112K
  class space    used 4822K, committed 4928K, reserved 1048576K
}
Event: 23.719 GC heap before
{Heap before GC invocations=19 (full 0):
 garbage-first heap   total 44032K, used 35146K [0x00000000c2a00000, 0x0000000100000000)
  region size 1024K, 13 young (13312K), 3 survivors (3072K)
 Metaspace       used 43858K, committed 44096K, reserved 1114112K
  class space    used 4972K, committed 5056K, reserved 1048576K
}
Event: 23.734 GC heap after
{Heap after GC invocations=20 (full 0):
 garbage-first heap   total 44032K, used 28449K [0x00000000c2a00000, 0x0000000100000000)
  region size 1024K, 2 young (2048K), 2 survivors (2048K)
 Metaspace       used 43858K, committed 44096K, reserved 1114112K
  class space    used 4972K, committed 5056K, reserved 1048576K
}

