# JRE version: OpenJDK Runtime Environment (21.0.6) (build 21.0.6+-13368085-b895.109)
# Java VM: OpenJDK 64-Bit Server VM (21.0.6+-13368085-b895.109, mixed mode, tiered, compressed oops, compressed class ptrs, g1 gc, windows-amd64)
GC Precious Log:
 CardTable entry size: 512
 Card Set container configuration: InlinePtr #cards 5 size 8 Array Of Cards #cards 12 size 40 Howl #buckets 4 coarsen threshold 1843 Howl Bitmap #cards 512 size 80 coarsen threshold 460 Card regions per heap region 1 cards per card region 2048
 CPUs: 2 total, 2 available
 Memory: 3920M
 Large Page Support: Disabled
 NUMA Support: Disabled
 Compressed Oops: Enabled (32-bit)
 Heap Region Size: 1M
 Heap Min Capacity: 8M
 Heap Initial Capacity: 62M
 Heap Max Capacity: 2G
 Pre-touch: Disabled
 Parallel Workers: 2
 Concurrent Workers: 1
 Concurrent Refinement Workers: 2
 Periodic GC: Disabled
Heap:
 garbage-first heap   total 384000K, used 265216K [0x0000000080000000, 0x0000000100000000)
  region size 1024K, 5 young (5120K), 5 survivors (5120K)
 Metaspace       used 136262K, committed 138496K, reserved 1179648K
  class space    used 18464K, committed 19584K, reserved 1048576K
GC Heap History (20 events):
Event: 117.873 GC heap after
{Heap after GC invocations=58 (full 0):
 garbage-first heap   total 224256K, used 144384K [0x0000000080000000, 0x0000000100000000)
  region size 1024K, 7 young (7168K), 7 survivors (7168K)
 Metaspace       used 122446K, committed 124736K, reserved 1179648K
  class space    used 16468K, committed 17600K, reserved 1048576K
}
Event: 120.280 GC heap before
{Heap before GC invocations=59 (full 0):
 garbage-first heap   total 224256K, used 181248K [0x0000000080000000, 0x0000000100000000)
  region size 1024K, 58 young (59392K), 7 survivors (7168K)
 Metaspace       used 124016K, committed 126272K, reserved 1179648K
  class space    used 16650K, committed 17792K, reserved 1048576K
}
Event: 120.315 GC heap after
{Heap after GC invocations=60 (full 0):
 garbage-first heap   total 224256K, used 133120K [0x0000000080000000, 0x0000000100000000)
  region size 1024K, 6 young (6144K), 6 survivors (6144K)
 Metaspace       used 124016K, committed 126272K, reserved 1179648K
  class space    used 16650K, committed 17792K, reserved 1048576K
}
Event: 122.453 GC heap before
{Heap before GC invocations=60 (full 0):
 garbage-first heap   total 224256K, used 193536K [0x0000000080000000, 0x0000000100000000)
  region size 1024K, 66 young (67584K), 6 survivors (6144K)
 Metaspace       used 124621K, committed 126848K, reserved 1179648K
  class space    used 16718K, committed 17856K, reserved 1048576K
}
Event: 122.480 GC heap after
{Heap after GC invocations=61 (full 0):
 garbage-first heap   total 224256K, used 122880K [0x0000000080000000, 0x0000000100000000)
  region size 1024K, 4 young (4096K), 4 survivors (4096K)
 Metaspace       used 124621K, committed 126848K, reserved 1179648K
  class space    used 16718K, committed 17856K, reserved 1048576K
}
Event: 124.924 GC heap before
{Heap before GC invocations=61 (full 0):
 garbage-first heap   total 224256K, used 155648K [0x0000000080000000, 0x0000000100000000)
  region size 1024K, 37 young (37888K), 4 survivors (4096K)
 Metaspace       used 124937K, committed 127232K, reserved 1179648K
  class space    used 16753K, committed 17920K, reserved 1048576K
}
Event: 124.942 GC heap after
{Heap after GC invocations=62 (full 0):
 garbage-first heap   total 224256K, used 124849K [0x0000000080000000, 0x0000000100000000)
  region size 1024K, 6 young (6144K), 6 survivors (6144K)
 Metaspace       used 124937K, committed 127232K, reserved 1179648K
  class space    used 16753K, committed 17920K, reserved 1048576K
}
Event: 127.409 GC heap before
{Heap before GC invocations=63 (full 0):
 garbage-first heap   total 224256K, used 223153K [0x0000000080000000, 0x0000000100000000)
  region size 1024K, 54 young (55296K), 6 survivors (6144K)
 Metaspace       used 128518K, committed 130880K, reserved 1179648K
  class space    used 17270K, committed 18432K, reserved 1048576K
}
Event: 127.578 GC heap after
{Heap after GC invocations=64 (full 0):
 garbage-first heap   total 242688K, used 165888K [0x0000000080000000, 0x0000000100000000)
  region size 1024K, 10 young (10240K), 10 survivors (10240K)
 Metaspace       used 128518K, committed 130880K, reserved 1179648K
  class space    used 17270K, committed 18432K, reserved 1048576K
}
Event: 130.747 GC heap before
{Heap before GC invocations=64 (full 0):
 garbage-first heap   total 242688K, used 217088K [0x0000000080000000, 0x0000000100000000)
  region size 1024K, 58 young (59392K), 10 survivors (10240K)
 Metaspace       used 128590K, committed 130944K, reserved 1179648K
  class space    used 17271K, committed 18432K, reserved 1048576K
}
Event: 130.961 GC heap after
{Heap after GC invocations=65 (full 0):
 garbage-first heap   total 311296K, used 183808K [0x0000000080000000, 0x0000000100000000)
  region size 1024K, 8 young (8192K), 8 survivors (8192K)
 Metaspace       used 128590K, committed 130944K, reserved 1179648K
  class space    used 17271K, committed 18432K, reserved 1048576K
}
Event: 134.232 GC heap before
{Heap before GC invocations=65 (full 0):
 garbage-first heap   total 311296K, used 244224K [0x0000000080000000, 0x0000000100000000)
  region size 1024K, 68 young (69632K), 8 survivors (8192K)
 Metaspace       used 131360K, committed 133632K, reserved 1179648K
  class space    used 17823K, committed 18944K, reserved 1048576K
}
Event: 134.442 GC heap after
{Heap after GC invocations=66 (full 0):
 garbage-first heap   total 311296K, used 207360K [0x0000000080000000, 0x0000000100000000)
  region size 1024K, 9 young (9216K), 9 survivors (9216K)
 Metaspace       used 131360K, committed 133632K, reserved 1179648K
  class space    used 17823K, committed 18944K, reserved 1048576K
}
Event: 136.858 GC heap before
{Heap before GC invocations=66 (full 0):
 garbage-first heap   total 311296K, used 255488K [0x0000000080000000, 0x0000000100000000)
  region size 1024K, 56 young (57344K), 9 survivors (9216K)
 Metaspace       used 131428K, committed 133696K, reserved 1179648K
  class space    used 17825K, committed 18944K, reserved 1048576K
}
Event: 137.059 GC heap after
{Heap after GC invocations=67 (full 0):
 garbage-first heap   total 311296K, used 229888K [0x0000000080000000, 0x0000000100000000)
  region size 1024K, 7 young (7168K), 7 survivors (7168K)
 Metaspace       used 131428K, committed 133696K, reserved 1179648K
  class space    used 17825K, committed 18944K, reserved 1048576K
}
Event: 138.785 GC heap before
{Heap before GC invocations=68 (full 0):
 garbage-first heap   total 384000K, used 269824K [0x0000000080000000, 0x0000000100000000)
  region size 1024K, 47 young (48128K), 7 survivors (7168K)
 Metaspace       used 131449K, committed 133696K, reserved 1179648K
  class space    used 17831K, committed 18944K, reserved 1048576K
}
Event: 138.883 GC heap after
{Heap after GC invocations=69 (full 0):
 garbage-first heap   total 384000K, used 247296K [0x0000000080000000, 0x0000000100000000)
  region size 1024K, 6 young (6144K), 6 survivors (6144K)
 Metaspace       used 131449K, committed 133696K, reserved 1179648K
  class space    used 17831K, committed 18944K, reserved 1048576K
}
Event: 141.322 GC heap before
{Heap before GC invocations=69 (full 0):
 garbage-first heap   total 384000K, used 311808K [0x0000000080000000, 0x0000000100000000)
  region size 1024K, 70 young (71680K), 6 survivors (6144K)
 Metaspace       used 133364K, committed 135616K, reserved 1179648K
  class space    used 18078K, committed 19200K, reserved 1048576K
}
Event: 141.421 GC heap after
{Heap after GC invocations=70 (full 0):
 garbage-first heap   total 384000K, used 260608K [0x0000000080000000, 0x0000000100000000)
  region size 1024K, 9 young (9216K), 9 survivors (9216K)
 Metaspace       used 133364K, committed 135616K, reserved 1179648K
  class space    used 18078K, committed 19200K, reserved 1048576K
}
Event: 144.236 GC heap before
{Heap before GC invocations=70 (full 0):
 garbage-first heap   total 384000K, used 315904K [0x0000000080000000, 0x0000000100000000)
  region size 1024K, 64 young (65536K), 9 survivors (9216K)
 Metaspace       used 136262K, committed 138496K, reserved 1179648K
  class space    used 18464K, committed 19584K, reserved 1048576K
}

