# JRE version: OpenJDK Runtime Environment (21.0.6) (build 21.0.6+-13368085-b895.109)
# Java VM: OpenJDK 64-Bit Server VM (21.0.6+-13368085-b895.109, mixed mode, tiered, compressed oops, compressed class ptrs, g1 gc, windows-amd64)
GC Precious Log:
 CardTable entry size: 512
 Card Set container configuration: InlinePtr #cards 5 size 8 Array Of Cards #cards 12 size 40 Howl #buckets 4 coarsen threshold 1843 Howl Bitmap #cards 512 size 80 coarsen threshold 460 Card regions per heap region 1 cards per card region 2048
 CPUs: 2 total, 2 available
 Memory: 3920M
 Large Page Support: Disabled
 NUMA Support: Disabled
 Compressed Oops: Enabled (32-bit)
 Heap Region Size: 1M
 Heap Min Capacity: 8M
 Heap Initial Capacity: 62M
 Heap Max Capacity: 982M
 Pre-touch: Disabled
 Parallel Workers: 2
 Concurrent Workers: 1
 Concurrent Refinement Workers: 2
 Periodic GC: Disabled
Heap:
 garbage-first heap   total 63488K, used 20399K [0x00000000c2a00000, 0x0000000100000000)
  region size 1024K, 17 young (17408K), 2 survivors (2048K)
 Metaspace       used 19870K, committed 20096K, reserved 1114112K
  class space    used 1944K, committed 2048K, reserved 1048576K
GC Heap History (6 events):
Event: 4.499 GC heap before
{Heap before GC invocations=0 (full 0):
 garbage-first heap   total 63488K, used 8192K [0x00000000c2a00000, 0x0000000100000000)
  region size 1024K, 6 young (6144K), 0 survivors (0K)
 Metaspace       used 7801K, committed 7936K, reserved 1114112K
  class space    used 649K, committed 704K, reserved 1048576K
}
Event: 4.520 GC heap after
{Heap after GC invocations=1 (full 0):
 garbage-first heap   total 63488K, used 5184K [0x00000000c2a00000, 0x0000000100000000)
  region size 1024K, 1 young (1024K), 1 survivors (1024K)
 Metaspace       used 7801K, committed 7936K, reserved 1114112K
  class space    used 649K, committed 704K, reserved 1048576K
}
Event: 5.653 GC heap before
{Heap before GC invocations=1 (full 0):
 garbage-first heap   total 63488K, used 10304K [0x00000000c2a00000, 0x0000000100000000)
  region size 1024K, 6 young (6144K), 1 survivors (1024K)
 Metaspace       used 10462K, committed 10560K, reserved 1114112K
  class space    used 845K, committed 896K, reserved 1048576K
}
Event: 5.658 GC heap after
{Heap after GC invocations=2 (full 0):
 garbage-first heap   total 63488K, used 5418K [0x00000000c2a00000, 0x0000000100000000)
  region size 1024K, 1 young (1024K), 1 survivors (1024K)
 Metaspace       used 10462K, committed 10560K, reserved 1114112K
  class space    used 845K, committed 896K, reserved 1048576K
}
Event: 15.029 GC heap before
{Heap before GC invocations=2 (full 0):
 garbage-first heap   total 63488K, used 16682K [0x00000000c2a00000, 0x0000000100000000)
  region size 1024K, 13 young (13312K), 1 survivors (1024K)
 Metaspace       used 14675K, committed 14912K, reserved 1114112K
  class space    used 1336K, committed 1472K, reserved 1048576K
}
Event: 15.038 GC heap after
{Heap after GC invocations=3 (full 0):
 garbage-first heap   total 63488K, used 6063K [0x00000000c2a00000, 0x0000000100000000)
  region size 1024K, 2 young (2048K), 2 survivors (2048K)
 Metaspace       used 14675K, committed 14912K, reserved 1114112K
  class space    used 1336K, committed 1472K, reserved 1048576K
}

