# JRE version: OpenJDK Runtime Environment (21.0.6) (build 21.0.6+-13368085-b895.109)
# Java VM: OpenJDK 64-Bit Server VM (21.0.6+-13368085-b895.109, mixed mode, tiered, compressed oops, compressed class ptrs, g1 gc, windows-amd64)
GC Precious Log:
 CardTable entry size: 512
 Card Set container configuration: InlinePtr #cards 5 size 8 Array Of Cards #cards 12 size 40 Howl #buckets 4 coarsen threshold 1843 Howl Bitmap #cards 512 size 80 coarsen threshold 460 Card regions per heap region 1 cards per card region 2048
 CPUs: 2 total, 2 available
 Memory: 3920M
 Large Page Support: Disabled
 NUMA Support: Disabled
 Compressed Oops: Enabled (32-bit)
 Heap Region Size: 1M
 Heap Min Capacity: 8M
 Heap Initial Capacity: 62M
 Heap Max Capacity: 2G
 Pre-touch: Disabled
 Parallel Workers: 2
 Concurrent Workers: 1
 Concurrent Refinement Workers: 2
 Periodic GC: Disabled
Heap:
 garbage-first heap   total 526336K, used 438272K [0x0000000080000000, 0x0000000100000000)
  region size 1024K, 145 young (148480K), 18 survivors (18432K)
 Metaspace       used 163197K, committed 165696K, reserved 1245184K
  class space    used 21712K, committed 22976K, reserved 1048576K
GC Heap History (20 events):
Event: 113.050 GC heap before
{Heap before GC invocations=65 (full 0):
 garbage-first heap   total 413696K, used 284672K [0x0000000080000000, 0x0000000100000000)
  region size 1024K, 45 young (46080K), 8 survivors (8192K)
 Metaspace       used 133694K, committed 135936K, reserved 1179648K
  class space    used 18112K, committed 19264K, reserved 1048576K
}
Event: 113.091 GC heap after
{Heap after GC invocations=66 (full 0):
 garbage-first heap   total 413696K, used 249344K [0x0000000080000000, 0x0000000100000000)
  region size 1024K, 2 young (2048K), 2 survivors (2048K)
 Metaspace       used 133694K, committed 135936K, reserved 1179648K
  class space    used 18112K, committed 19264K, reserved 1048576K
}
Event: 116.820 GC heap before
{Heap before GC invocations=66 (full 0):
 garbage-first heap   total 413696K, used 339456K [0x0000000080000000, 0x0000000100000000)
  region size 1024K, 91 young (93184K), 2 survivors (2048K)
 Metaspace       used 136537K, committed 138816K, reserved 1179648K
  class space    used 18490K, committed 19648K, reserved 1048576K
}
Event: 116.871 GC heap after
{Heap after GC invocations=67 (full 0):
 garbage-first heap   total 413696K, used 253440K [0x0000000080000000, 0x0000000100000000)
  region size 1024K, 11 young (11264K), 11 survivors (11264K)
 Metaspace       used 136537K, committed 138816K, reserved 1179648K
  class space    used 18490K, committed 19648K, reserved 1048576K
}
Event: 121.240 GC heap before
{Heap before GC invocations=67 (full 0):
 garbage-first heap   total 413696K, used 345600K [0x0000000080000000, 0x0000000100000000)
  region size 1024K, 103 young (105472K), 11 survivors (11264K)
 Metaspace       used 139548K, committed 141824K, reserved 1179648K
  class space    used 18838K, committed 19968K, reserved 1048576K
}
Event: 121.310 GC heap after
{Heap after GC invocations=68 (full 0):
 garbage-first heap   total 413696K, used 260608K [0x0000000080000000, 0x0000000100000000)
  region size 1024K, 9 young (9216K), 9 survivors (9216K)
 Metaspace       used 139548K, committed 141824K, reserved 1179648K
  class space    used 18838K, committed 19968K, reserved 1048576K
}
Event: 126.346 GC heap before
{Heap before GC invocations=69 (full 0):
 garbage-first heap   total 437248K, used 372224K [0x0000000080000000, 0x0000000100000000)
  region size 1024K, 103 young (105472K), 9 survivors (9216K)
 Metaspace       used 140182K, committed 142464K, reserved 1179648K
  class space    used 18912K, committed 20032K, reserved 1048576K
}
Event: 126.443 GC heap after
{Heap after GC invocations=70 (full 0):
 garbage-first heap   total 437248K, used 281792K [0x0000000080000000, 0x0000000100000000)
  region size 1024K, 8 young (8192K), 8 survivors (8192K)
 Metaspace       used 140182K, committed 142464K, reserved 1179648K
  class space    used 18912K, committed 20032K, reserved 1048576K
}
Event: 129.413 GC heap before
{Heap before GC invocations=70 (full 0):
 garbage-first heap   total 437248K, used 403648K [0x0000000080000000, 0x0000000100000000)
  region size 1024K, 108 young (110592K), 8 survivors (8192K)
 Metaspace       used 140711K, committed 142976K, reserved 1179648K
  class space    used 18970K, committed 20096K, reserved 1048576K
}
Event: 129.543 GC heap after
{Heap after GC invocations=71 (full 0):
 garbage-first heap   total 437248K, used 306944K [0x0000000080000000, 0x0000000100000000)
  region size 1024K, 13 young (13312K), 13 survivors (13312K)
 Metaspace       used 140711K, committed 142976K, reserved 1179648K
  class space    used 18970K, committed 20096K, reserved 1048576K
}
Event: 130.061 GC heap before
{Heap before GC invocations=71 (full 0):
 garbage-first heap   total 437248K, used 314112K [0x0000000080000000, 0x0000000100000000)
  region size 1024K, 21 young (21504K), 13 survivors (13312K)
 Metaspace       used 140711K, committed 142976K, reserved 1179648K
  class space    used 18970K, committed 20096K, reserved 1048576K
}
Event: 130.183 GC heap after
{Heap after GC invocations=72 (full 0):
 garbage-first heap   total 437248K, used 304128K [0x0000000080000000, 0x0000000100000000)
  region size 1024K, 4 young (4096K), 4 survivors (4096K)
 Metaspace       used 140711K, committed 142976K, reserved 1179648K
  class space    used 18970K, committed 20096K, reserved 1048576K
}
Event: 133.076 GC heap before
{Heap before GC invocations=73 (full 0):
 garbage-first heap   total 526336K, used 392192K [0x0000000080000000, 0x0000000100000000)
  region size 1024K, 80 young (81920K), 4 survivors (4096K)
 Metaspace       used 140768K, committed 143040K, reserved 1179648K
  class space    used 18970K, committed 20096K, reserved 1048576K
}
Event: 133.096 GC heap after
{Heap after GC invocations=74 (full 0):
 garbage-first heap   total 526336K, used 315157K [0x0000000080000000, 0x0000000100000000)
  region size 1024K, 5 young (5120K), 5 survivors (5120K)
 Metaspace       used 140768K, committed 143040K, reserved 1179648K
  class space    used 18970K, committed 20096K, reserved 1048576K
}
Event: 166.909 GC heap before
{Heap before GC invocations=74 (full 0):
 garbage-first heap   total 526336K, used 469781K [0x0000000080000000, 0x0000000100000000)
  region size 1024K, 130 young (133120K), 5 survivors (5120K)
 Metaspace       used 150007K, committed 152384K, reserved 1245184K
  class space    used 20202K, committed 21376K, reserved 1048576K
}
Event: 167.008 GC heap after
{Heap after GC invocations=75 (full 0):
 garbage-first heap   total 526336K, used 315321K [0x0000000080000000, 0x0000000100000000)
  region size 1024K, 17 young (17408K), 17 survivors (17408K)
 Metaspace       used 150007K, committed 152384K, reserved 1245184K
  class space    used 20202K, committed 21376K, reserved 1048576K
}
Event: 171.044 GC heap before
{Heap before GC invocations=75 (full 0):
 garbage-first heap   total 526336K, used 377785K [0x0000000080000000, 0x0000000100000000)
  region size 1024K, 80 young (81920K), 17 survivors (17408K)
 Metaspace       used 152321K, committed 154816K, reserved 1245184K
  class space    used 20472K, committed 21760K, reserved 1048576K
}
Event: 171.118 GC heap after
{Heap after GC invocations=76 (full 0):
 garbage-first heap   total 526336K, used 318464K [0x0000000080000000, 0x0000000100000000)
  region size 1024K, 10 young (10240K), 10 survivors (10240K)
 Metaspace       used 152321K, committed 154816K, reserved 1245184K
  class space    used 20472K, committed 21760K, reserved 1048576K
}
Event: 180.475 GC heap before
{Heap before GC invocations=77 (full 0):
 garbage-first heap   total 526336K, used 434176K [0x0000000080000000, 0x0000000100000000)
  region size 1024K, 144 young (147456K), 10 survivors (10240K)
 Metaspace       used 159243K, committed 161728K, reserved 1245184K
  class space    used 21220K, committed 22528K, reserved 1048576K
}
Event: 180.564 GC heap after
{Heap after GC invocations=78 (full 0):
 garbage-first heap   total 526336K, used 300032K [0x0000000080000000, 0x0000000100000000)
  region size 1024K, 18 young (18432K), 18 survivors (18432K)
 Metaspace       used 159243K, committed 161728K, reserved 1245184K
  class space    used 21220K, committed 22528K, reserved 1048576K
}

