# JRE version: OpenJDK Runtime Environment (21.0.6) (build 21.0.6+-13368085-b895.109)
# Java VM: OpenJDK 64-Bit Server VM (21.0.6+-13368085-b895.109, mixed mode, tiered, compressed oops, compressed class ptrs, g1 gc, windows-amd64)
GC Precious Log:
 CardTable entry size: 512
 Card Set container configuration: InlinePtr #cards 5 size 8 Array Of Cards #cards 12 size 40 Howl #buckets 4 coarsen threshold 1843 Howl Bitmap #cards 512 size 80 coarsen threshold 460 Card regions per heap region 1 cards per card region 2048
 CPUs: 2 total, 2 available
 Memory: 3920M
 Large Page Support: Disabled
 NUMA Support: Disabled
 Compressed Oops: Enabled (32-bit)
 Heap Region Size: 1M
 Heap Min Capacity: 8M
 Heap Initial Capacity: 62M
 Heap Max Capacity: 2G
 Pre-touch: Disabled
 Parallel Workers: 2
 Concurrent Workers: 1
 Concurrent Refinement Workers: 2
 Periodic GC: Disabled
Heap:
 garbage-first heap   total 485376K, used 273454K [0x0000000080000000, 0x0000000100000000)
  region size 1024K, 2 young (2048K), 2 survivors (2048K)
 Metaspace       used 197928K, committed 204096K, reserved 1245184K
  class space    used 24532K, committed 26816K, reserved 1048576K
GC Heap History (20 events):
Event: 4940.095 GC heap after
{Heap after GC invocations=107 (full 0):
 garbage-first heap   total 451584K, used 247316K [0x0000000080000000, 0x0000000100000000)
  region size 1024K, 3 young (3072K), 3 survivors (3072K)
 Metaspace       used 198918K, committed 201920K, reserved 1245184K
  class space    used 25119K, committed 26624K, reserved 1048576K
}
Event: 4942.510 GC heap before
{Heap before GC invocations=107 (full 0):
 garbage-first heap   total 451584K, used 265748K [0x0000000080000000, 0x0000000100000000)
  region size 1024K, 22 young (22528K), 3 survivors (3072K)
 Metaspace       used 199331K, committed 202368K, reserved 1245184K
  class space    used 25192K, committed 26752K, reserved 1048576K
}
Event: 4942.551 GC heap after
{Heap after GC invocations=108 (full 0):
 garbage-first heap   total 451584K, used 249185K [0x0000000080000000, 0x0000000100000000)
  region size 1024K, 2 young (2048K), 2 survivors (2048K)
 Metaspace       used 199331K, committed 202368K, reserved 1245184K
  class space    used 25192K, committed 26752K, reserved 1048576K
}
Event: 4944.839 GC heap before
{Heap before GC invocations=108 (full 0):
 garbage-first heap   total 451584K, used 270689K [0x0000000080000000, 0x0000000100000000)
  region size 1024K, 22 young (22528K), 2 survivors (2048K)
 Metaspace       used 199789K, committed 202880K, reserved 1245184K
  class space    used 25256K, committed 26816K, reserved 1048576K
}
Event: 4944.907 GC heap after
{Heap after GC invocations=109 (full 0):
 garbage-first heap   total 451584K, used 258002K [0x0000000080000000, 0x0000000100000000)
  region size 1024K, 3 young (3072K), 3 survivors (3072K)
 Metaspace       used 199789K, committed 202880K, reserved 1245184K
  class space    used 25256K, committed 26816K, reserved 1048576K
}
Event: 4946.136 GC heap before
{Heap before GC invocations=109 (full 0):
 garbage-first heap   total 451584K, used 277458K [0x0000000080000000, 0x0000000100000000)
  region size 1024K, 22 young (22528K), 3 survivors (3072K)
 Metaspace       used 200730K, committed 203776K, reserved 1245184K
  class space    used 25372K, committed 26880K, reserved 1048576K
}
Event: 4946.379 GC heap after
{Heap after GC invocations=110 (full 0):
 garbage-first heap   total 451584K, used 266752K [0x0000000080000000, 0x0000000100000000)
  region size 1024K, 3 young (3072K), 3 survivors (3072K)
 Metaspace       used 200730K, committed 203776K, reserved 1245184K
  class space    used 25372K, committed 26880K, reserved 1048576K
}
Event: 4948.991 GC heap before
{Heap before GC invocations=110 (full 0):
 garbage-first heap   total 451584K, used 285184K [0x0000000080000000, 0x0000000100000000)
  region size 1024K, 22 young (22528K), 3 survivors (3072K)
 Metaspace       used 201036K, committed 204032K, reserved 1245184K
  class space    used 25385K, committed 26880K, reserved 1048576K
}
Event: 4949.032 GC heap after
{Heap after GC invocations=111 (full 0):
 garbage-first heap   total 451584K, used 271872K [0x0000000080000000, 0x0000000100000000)
  region size 1024K, 3 young (3072K), 3 survivors (3072K)
 Metaspace       used 201036K, committed 204032K, reserved 1245184K
  class space    used 25385K, committed 26880K, reserved 1048576K
}
Event: 4949.997 GC heap before
{Heap before GC invocations=111 (full 0):
 garbage-first heap   total 451584K, used 291328K [0x0000000080000000, 0x0000000100000000)
  region size 1024K, 18 young (18432K), 3 survivors (3072K)
 Metaspace       used 201139K, committed 204160K, reserved 1245184K
  class space    used 25386K, committed 26880K, reserved 1048576K
}
Event: 4950.065 GC heap after
{Heap after GC invocations=112 (full 0):
 garbage-first heap   total 451584K, used 279040K [0x0000000080000000, 0x0000000100000000)
  region size 1024K, 3 young (3072K), 3 survivors (3072K)
 Metaspace       used 201139K, committed 204160K, reserved 1245184K
  class space    used 25386K, committed 26880K, reserved 1048576K
}
Event: 4952.586 GC heap before
{Heap before GC invocations=112 (full 0):
 garbage-first heap   total 451584K, used 302592K [0x0000000080000000, 0x0000000100000000)
  region size 1024K, 22 young (22528K), 3 survivors (3072K)
 Metaspace       used 201200K, committed 204160K, reserved 1245184K
  class space    used 25386K, committed 26880K, reserved 1048576K
}
Event: 4952.826 GC heap after
{Heap after GC invocations=113 (full 0):
 garbage-first heap   total 451584K, used 291328K [0x0000000080000000, 0x0000000100000000)
  region size 1024K, 3 young (3072K), 3 survivors (3072K)
 Metaspace       used 201200K, committed 204160K, reserved 1245184K
  class space    used 25386K, committed 26880K, reserved 1048576K
}
Event: 4958.607 GC heap before
{Heap before GC invocations=114 (full 0):
 garbage-first heap   total 485376K, used 310784K [0x0000000080000000, 0x0000000100000000)
  region size 1024K, 23 young (23552K), 3 survivors (3072K)
 Metaspace       used 197136K, committed 203968K, reserved 1245184K
  class space    used 24461K, committed 26816K, reserved 1048576K
}
Event: 4958.655 GC heap after
{Heap after GC invocations=115 (full 0):
 garbage-first heap   total 485376K, used 294912K [0x0000000080000000, 0x0000000100000000)
  region size 1024K, 3 young (3072K), 3 survivors (3072K)
 Metaspace       used 197136K, committed 203968K, reserved 1245184K
  class space    used 24461K, committed 26816K, reserved 1048576K
}
Event: 4962.410 GC heap before
{Heap before GC invocations=115 (full 0):
 garbage-first heap   total 485376K, used 321536K [0x0000000080000000, 0x0000000100000000)
  region size 1024K, 23 young (23552K), 3 survivors (3072K)
 Metaspace       used 197591K, committed 204032K, reserved 1245184K
  class space    used 24506K, committed 26816K, reserved 1048576K
}
Event: 4962.470 GC heap after
{Heap after GC invocations=116 (full 0):
 garbage-first heap   total 485376K, used 288147K [0x0000000080000000, 0x0000000100000000)
  region size 1024K, 3 young (3072K), 3 survivors (3072K)
 Metaspace       used 197591K, committed 204032K, reserved 1245184K
  class space    used 24506K, committed 26816K, reserved 1048576K
}
Event: 4964.374 GC heap before
{Heap before GC invocations=116 (full 0):
 garbage-first heap   total 485376K, used 308627K [0x0000000080000000, 0x0000000100000000)
  region size 1024K, 23 young (23552K), 3 survivors (3072K)
 Metaspace       used 197688K, committed 204096K, reserved 1245184K
  class space    used 24512K, committed 26816K, reserved 1048576K
}
Event: 4964.514 GC heap after
{Heap after GC invocations=117 (full 0):
 garbage-first heap   total 485376K, used 280557K [0x0000000080000000, 0x0000000100000000)
  region size 1024K, 3 young (3072K), 3 survivors (3072K)
 Metaspace       used 197688K, committed 204096K, reserved 1245184K
  class space    used 24512K, committed 26816K, reserved 1048576K
}
Event: 4966.056 GC heap before
{Heap before GC invocations=117 (full 0):
 garbage-first heap   total 485376K, used 315373K [0x0000000080000000, 0x0000000100000000)
  region size 1024K, 23 young (23552K), 3 survivors (3072K)
 Metaspace       used 197928K, committed 204096K, reserved 1245184K
  class space    used 24532K, committed 26816K, reserved 1048576K
}

