# JRE version: OpenJDK Runtime Environment (21.0.6) (build 21.0.6+-13368085-b895.109)
# Java VM: OpenJDK 64-Bit Server VM (21.0.6+-13368085-b895.109, mixed mode, tiered, compressed oops, compressed class ptrs, g1 gc, windows-amd64)
GC Precious Log:
 CardTable entry size: 512
 Card Set container configuration: InlinePtr #cards 5 size 8 Array Of Cards #cards 12 size 40 Howl #buckets 4 coarsen threshold 1843 Howl Bitmap #cards 512 size 80 coarsen threshold 460 Card regions per heap region 1 cards per card region 2048
 CPUs: 2 total, 2 available
 Memory: 3920M
 Large Page Support: Disabled
 NUMA Support: Disabled
 Compressed Oops: Enabled (32-bit)
 Heap Region Size: 1M
 Heap Min Capacity: 8M
 Heap Initial Capacity: 62M
 Heap Max Capacity: 2G
 Pre-touch: Disabled
 Parallel Workers: 2
 Concurrent Workers: 1
 Concurrent Refinement Workers: 2
 Periodic GC: Disabled
Heap:
 garbage-first heap   total 358400K, used 253952K [0x0000000080000000, 0x0000000100000000)
  region size 1024K, 2 young (2048K), 2 survivors (2048K)
 Metaspace       used 125465K, committed 127744K, reserved 1179648K
  class space    used 17198K, committed 18368K, reserved 1048576K
GC Heap History (20 events):
Event: 64.114 GC heap after
{Heap after GC invocations=52 (full 0):
 garbage-first heap   total 214016K, used 107008K [0x0000000080000000, 0x0000000100000000)
  region size 1024K, 6 young (6144K), 6 survivors (6144K)
 Metaspace       used 112825K, committed 115008K, reserved 1179648K
  class space    used 15411K, committed 16512K, reserved 1048576K
}
Event: 64.696 GC heap before
{Heap before GC invocations=52 (full 0):
 garbage-first heap   total 214016K, used 109056K [0x0000000080000000, 0x0000000100000000)
  region size 1024K, 10 young (10240K), 6 survivors (6144K)
 Metaspace       used 113045K, committed 115200K, reserved 1179648K
  class space    used 15462K, committed 16512K, reserved 1048576K
}
Event: 64.720 GC heap after
{Heap after GC invocations=53 (full 0):
 garbage-first heap   total 214016K, used 108001K [0x0000000080000000, 0x0000000100000000)
  region size 1024K, 7 young (7168K), 7 survivors (7168K)
 Metaspace       used 113045K, committed 115200K, reserved 1179648K
  class space    used 15462K, committed 16512K, reserved 1048576K
}
Event: 69.002 GC heap before
{Heap before GC invocations=54 (full 0):
 garbage-first heap   total 214016K, used 199137K [0x0000000080000000, 0x0000000100000000)
  region size 1024K, 92 young (94208K), 7 survivors (7168K)
 Metaspace       used 115272K, committed 117504K, reserved 1179648K
  class space    used 15662K, committed 16768K, reserved 1048576K
}
Event: 69.039 GC heap after
{Heap after GC invocations=55 (full 0):
 garbage-first heap   total 214016K, used 112128K [0x0000000080000000, 0x0000000100000000)
  region size 1024K, 11 young (11264K), 11 survivors (11264K)
 Metaspace       used 115272K, committed 117504K, reserved 1179648K
  class space    used 15662K, committed 16768K, reserved 1048576K
}
Event: 74.102 GC heap before
{Heap before GC invocations=55 (full 0):
 garbage-first heap   total 219136K, used 217600K [0x0000000080000000, 0x0000000100000000)
  region size 1024K, 85 young (87040K), 11 survivors (11264K)
 Metaspace       used 118981K, committed 121152K, reserved 1179648K
  class space    used 16172K, committed 17280K, reserved 1048576K
}
Event: 74.168 GC heap after
{Heap after GC invocations=56 (full 0):
 garbage-first heap   total 243712K, used 144384K [0x0000000080000000, 0x0000000100000000)
  region size 1024K, 11 young (11264K), 11 survivors (11264K)
 Metaspace       used 118981K, committed 121152K, reserved 1179648K
  class space    used 16172K, committed 17280K, reserved 1048576K
}
Event: 74.217 GC heap before
{Heap before GC invocations=56 (full 0):
 garbage-first heap   total 243712K, used 146432K [0x0000000080000000, 0x0000000100000000)
  region size 1024K, 14 young (14336K), 11 survivors (11264K)
 Metaspace       used 118982K, committed 121152K, reserved 1179648K
  class space    used 16172K, committed 17280K, reserved 1048576K
}
Event: 74.227 GC heap after
{Heap after GC invocations=57 (full 0):
 garbage-first heap   total 243712K, used 146432K [0x0000000080000000, 0x0000000100000000)
  region size 1024K, 2 young (2048K), 2 survivors (2048K)
 Metaspace       used 118982K, committed 121152K, reserved 1179648K
  class space    used 16172K, committed 17280K, reserved 1048576K
}
Event: 76.310 GC heap before
{Heap before GC invocations=58 (full 0):
 garbage-first heap   total 276480K, used 222208K [0x0000000080000000, 0x0000000100000000)
  region size 1024K, 56 young (57344K), 2 survivors (2048K)
 Metaspace       used 119251K, committed 121344K, reserved 1179648K
  class space    used 16215K, committed 17280K, reserved 1048576K
}
Event: 76.477 GC heap after
{Heap after GC invocations=59 (full 0):
 garbage-first heap   total 276480K, used 176128K [0x0000000080000000, 0x0000000100000000)
  region size 1024K, 7 young (7168K), 7 survivors (7168K)
 Metaspace       used 119251K, committed 121344K, reserved 1179648K
  class space    used 16215K, committed 17280K, reserved 1048576K
}
Event: 78.825 GC heap before
{Heap before GC invocations=59 (full 0):
 garbage-first heap   total 276480K, used 229376K [0x0000000080000000, 0x0000000100000000)
  region size 1024K, 60 young (61440K), 7 survivors (7168K)
 Metaspace       used 122015K, committed 124288K, reserved 1179648K
  class space    used 16762K, committed 17920K, reserved 1048576K
}
Event: 78.994 GC heap after
{Heap after GC invocations=60 (full 0):
 garbage-first heap   total 276480K, used 194048K [0x0000000080000000, 0x0000000100000000)
  region size 1024K, 8 young (8192K), 8 survivors (8192K)
 Metaspace       used 122015K, committed 124288K, reserved 1179648K
  class space    used 16762K, committed 17920K, reserved 1048576K
}
Event: 80.330 GC heap before
{Heap before GC invocations=60 (full 0):
 garbage-first heap   total 276480K, used 236032K [0x0000000080000000, 0x0000000100000000)
  region size 1024K, 50 young (51200K), 8 survivors (8192K)
 Metaspace       used 122059K, committed 124352K, reserved 1179648K
  class space    used 16762K, committed 17920K, reserved 1048576K
}
Event: 80.511 GC heap after
{Heap after GC invocations=61 (full 0):
 garbage-first heap   total 276480K, used 215040K [0x0000000080000000, 0x0000000100000000)
  region size 1024K, 7 young (7168K), 7 survivors (7168K)
 Metaspace       used 122059K, committed 124352K, reserved 1179648K
  class space    used 16762K, committed 17920K, reserved 1048576K
}
Event: 82.589 GC heap before
{Heap before GC invocations=62 (full 0):
 garbage-first heap   total 358400K, used 243712K [0x0000000080000000, 0x0000000100000000)
  region size 1024K, 36 young (36864K), 7 survivors (7168K)
 Metaspace       used 122307K, committed 124544K, reserved 1179648K
  class space    used 16797K, committed 17920K, reserved 1048576K
}
Event: 82.667 GC heap after
{Heap after GC invocations=63 (full 0):
 garbage-first heap   total 358400K, used 228864K [0x0000000080000000, 0x0000000100000000)
  region size 1024K, 5 young (5120K), 5 survivors (5120K)
 Metaspace       used 122307K, committed 124544K, reserved 1179648K
  class space    used 16797K, committed 17920K, reserved 1048576K
}
Event: 84.745 GC heap before
{Heap before GC invocations=63 (full 0):
 garbage-first heap   total 358400K, used 289280K [0x0000000080000000, 0x0000000100000000)
  region size 1024K, 65 young (66560K), 5 survivors (5120K)
 Metaspace       used 122683K, committed 124928K, reserved 1179648K
  class space    used 16837K, committed 17984K, reserved 1048576K
}
Event: 84.972 GC heap after
{Heap after GC invocations=64 (full 0):
 garbage-first heap   total 358400K, used 252928K [0x0000000080000000, 0x0000000100000000)
  region size 1024K, 9 young (9216K), 9 survivors (9216K)
 Metaspace       used 122683K, committed 124928K, reserved 1179648K
  class space    used 16837K, committed 17984K, reserved 1048576K
}
Event: 86.856 GC heap before
{Heap before GC invocations=64 (full 0):
 garbage-first heap   total 358400K, used 302080K [0x0000000080000000, 0x0000000100000000)
  region size 1024K, 58 young (59392K), 9 survivors (9216K)
 Metaspace       used 125465K, committed 127744K, reserved 1179648K
  class space    used 17198K, committed 18368K, reserved 1048576K
}

