# JRE version: OpenJDK Runtime Environment (21.0.6) (build 21.0.6+-13368085-b895.109)
# Java VM: OpenJDK 64-Bit Server VM (21.0.6+-13368085-b895.109, mixed mode, tiered, compressed oops, compressed class ptrs, g1 gc, windows-amd64)
GC Precious Log:
 CardTable entry size: 512
 Card Set container configuration: InlinePtr #cards 5 size 8 Array Of Cards #cards 12 size 40 Howl #buckets 4 coarsen threshold 1843 Howl Bitmap #cards 512 size 80 coarsen threshold 460 Card regions per heap region 1 cards per card region 2048
 CPUs: 2 total, 2 available
 Memory: 3920M
 Large Page Support: Disabled
 NUMA Support: Disabled
 Compressed Oops: Enabled (32-bit)
 Heap Region Size: 1M
 Heap Min Capacity: 8M
 Heap Initial Capacity: 62M
 Heap Max Capacity: 2G
 Pre-touch: Disabled
 Parallel Workers: 2
 Concurrent Workers: 1
 Concurrent Refinement Workers: 2
 Periodic GC: Disabled
Heap:
 garbage-first heap   total 145408K, used 107187K [0x0000000080000000, 0x0000000100000000)
  region size 1024K, 27 young (27648K), 7 survivors (7168K)
 Metaspace       used 93225K, committed 95168K, reserved 1179648K
  class space    used 12472K, committed 13440K, reserved 1048576K
GC Heap History (20 events):
Event: 34.165 GC heap before
{Heap before GC invocations=31 (full 0):
 garbage-first heap   total 92160K, used 80471K [0x0000000080000000, 0x0000000100000000)
  region size 1024K, 36 young (36864K), 3 survivors (3072K)
 Metaspace       used 67147K, committed 68800K, reserved 1114112K
  class space    used 9076K, committed 9920K, reserved 1048576K
}
Event: 34.178 GC heap after
{Heap after GC invocations=32 (full 0):
 garbage-first heap   total 92160K, used 49586K [0x0000000080000000, 0x0000000100000000)
  region size 1024K, 4 young (4096K), 4 survivors (4096K)
 Metaspace       used 67147K, committed 68800K, reserved 1114112K
  class space    used 9076K, committed 9920K, reserved 1048576K
}
Event: 35.866 GC heap before
{Heap before GC invocations=33 (full 0):
 garbage-first heap   total 92160K, used 90546K [0x0000000080000000, 0x0000000100000000)
  region size 1024K, 33 young (33792K), 4 survivors (4096K)
 Metaspace       used 68692K, committed 70400K, reserved 1114112K
  class space    used 9277K, committed 10112K, reserved 1048576K
}
Event: 35.903 GC heap after
{Heap after GC invocations=34 (full 0):
 garbage-first heap   total 103424K, used 67934K [0x0000000080000000, 0x0000000100000000)
  region size 1024K, 5 young (5120K), 5 survivors (5120K)
 Metaspace       used 68692K, committed 70400K, reserved 1114112K
  class space    used 9277K, committed 10112K, reserved 1048576K
}
Event: 36.809 GC heap before
{Heap before GC invocations=34 (full 0):
 garbage-first heap   total 103424K, used 91486K [0x0000000080000000, 0x0000000100000000)
  region size 1024K, 27 young (27648K), 5 survivors (5120K)
 Metaspace       used 70609K, committed 72320K, reserved 1114112K
  class space    used 9527K, committed 10368K, reserved 1048576K
}
Event: 36.821 GC heap after
{Heap after GC invocations=35 (full 0):
 garbage-first heap   total 103424K, used 69417K [0x0000000080000000, 0x0000000100000000)
  region size 1024K, 1 young (1024K), 1 survivors (1024K)
 Metaspace       used 70609K, committed 72320K, reserved 1114112K
  class space    used 9527K, committed 10368K, reserved 1048576K
}
Event: 37.680 GC heap before
{Heap before GC invocations=35 (full 0):
 garbage-first heap   total 103424K, used 91945K [0x0000000080000000, 0x0000000100000000)
  region size 1024K, 24 young (24576K), 1 survivors (1024K)
 Metaspace       used 73033K, committed 74752K, reserved 1114112K
  class space    used 9779K, committed 10624K, reserved 1048576K
}
Event: 37.687 GC heap after
{Heap after GC invocations=36 (full 0):
 garbage-first heap   total 103424K, used 69761K [0x0000000080000000, 0x0000000100000000)
  region size 1024K, 2 young (2048K), 2 survivors (2048K)
 Metaspace       used 73033K, committed 74752K, reserved 1114112K
  class space    used 9779K, committed 10624K, reserved 1048576K
}
Event: 39.670 GC heap before
{Heap before GC invocations=37 (full 0):
 garbage-first heap   total 117760K, used 93313K [0x0000000080000000, 0x0000000100000000)
  region size 1024K, 25 young (25600K), 2 survivors (2048K)
 Metaspace       used 75578K, committed 77376K, reserved 1179648K
  class space    used 10181K, committed 11072K, reserved 1048576K
}
Event: 39.681 GC heap after
{Heap after GC invocations=38 (full 0):
 garbage-first heap   total 117760K, used 70785K [0x0000000080000000, 0x0000000100000000)
  region size 1024K, 3 young (3072K), 3 survivors (3072K)
 Metaspace       used 75578K, committed 77376K, reserved 1179648K
  class space    used 10181K, committed 11072K, reserved 1048576K
}
Event: 40.988 GC heap before
{Heap before GC invocations=38 (full 0):
 garbage-first heap   total 117760K, used 110721K [0x0000000080000000, 0x0000000100000000)
  region size 1024K, 38 young (38912K), 3 survivors (3072K)
 Metaspace       used 78412K, committed 80256K, reserved 1179648K
  class space    used 10539K, committed 11456K, reserved 1048576K
}
Event: 41.015 GC heap after
{Heap after GC invocations=39 (full 0):
 garbage-first heap   total 120832K, used 75378K [0x0000000080000000, 0x0000000100000000)
  region size 1024K, 5 young (5120K), 5 survivors (5120K)
 Metaspace       used 78412K, committed 80256K, reserved 1179648K
  class space    used 10539K, committed 11456K, reserved 1048576K
}
Event: 42.816 GC heap before
{Heap before GC invocations=39 (full 0):
 garbage-first heap   total 120832K, used 108146K [0x0000000080000000, 0x0000000100000000)
  region size 1024K, 37 young (37888K), 5 survivors (5120K)
 Metaspace       used 80917K, committed 82752K, reserved 1179648K
  class space    used 10859K, committed 11776K, reserved 1048576K
}
Event: 42.837 GC heap after
{Heap after GC invocations=40 (full 0):
 garbage-first heap   total 145408K, used 77775K [0x0000000080000000, 0x0000000100000000)
  region size 1024K, 2 young (2048K), 2 survivors (2048K)
 Metaspace       used 80917K, committed 82752K, reserved 1179648K
  class space    used 10859K, committed 11776K, reserved 1048576K
}
Event: 46.503 GC heap before
{Heap before GC invocations=41 (full 0):
 garbage-first heap   total 145408K, used 129999K [0x0000000080000000, 0x0000000100000000)
  region size 1024K, 54 young (55296K), 2 survivors (2048K)
 Metaspace       used 86477K, committed 88384K, reserved 1179648K
  class space    used 11559K, committed 12544K, reserved 1048576K
}
Event: 46.519 GC heap after
{Heap after GC invocations=42 (full 0):
 garbage-first heap   total 145408K, used 80324K [0x0000000080000000, 0x0000000100000000)
  region size 1024K, 5 young (5120K), 5 survivors (5120K)
 Metaspace       used 86477K, committed 88384K, reserved 1179648K
  class space    used 11559K, committed 12544K, reserved 1048576K
}
Event: 48.235 GC heap before
{Heap before GC invocations=42 (full 0):
 garbage-first heap   total 145408K, used 131524K [0x0000000080000000, 0x0000000100000000)
  region size 1024K, 55 young (56320K), 5 survivors (5120K)
 Metaspace       used 89905K, committed 91840K, reserved 1179648K
  class space    used 12029K, committed 12992K, reserved 1048576K
}
Event: 48.262 GC heap after
{Heap after GC invocations=43 (full 0):
 garbage-first heap   total 145408K, used 82683K [0x0000000080000000, 0x0000000100000000)
  region size 1024K, 6 young (6144K), 6 survivors (6144K)
 Metaspace       used 89905K, committed 91840K, reserved 1179648K
  class space    used 12029K, committed 12992K, reserved 1048576K
}
Event: 49.626 GC heap before
{Heap before GC invocations=43 (full 0):
 garbage-first heap   total 145408K, used 128763K [0x0000000080000000, 0x0000000100000000)
  region size 1024K, 52 young (53248K), 6 survivors (6144K)
 Metaspace       used 91869K, committed 93760K, reserved 1179648K
  class space    used 12277K, committed 13248K, reserved 1048576K
}
Event: 49.655 GC heap after
{Heap after GC invocations=44 (full 0):
 garbage-first heap   total 145408K, used 86707K [0x0000000080000000, 0x0000000100000000)
  region size 1024K, 7 young (7168K), 7 survivors (7168K)
 Metaspace       used 91869K, committed 93760K, reserved 1179648K
  class space    used 12277K, committed 13248K, reserved 1048576K
}

