# JRE version: OpenJDK Runtime Environment (21.0.6) (build 21.0.6+-13368085-b895.109)
# Java VM: OpenJDK 64-Bit Server VM (21.0.6+-13368085-b895.109, mixed mode, tiered, compressed oops, compressed class ptrs, g1 gc, windows-amd64)
GC Precious Log:
 CardTable entry size: 512
 Card Set container configuration: InlinePtr #cards 5 size 8 Array Of Cards #cards 12 size 40 Howl #buckets 4 coarsen threshold 1843 Howl Bitmap #cards 512 size 80 coarsen threshold 460 Card regions per heap region 1 cards per card region 2048
 CPUs: 2 total, 2 available
 Memory: 3920M
 Large Page Support: Disabled
 NUMA Support: Disabled
 Compressed Oops: Enabled (32-bit)
 Heap Region Size: 1M
 Heap Min Capacity: 8M
 Heap Initial Capacity: 62M
 Heap Max Capacity: 2G
 Pre-touch: Disabled
 Parallel Workers: 2
 Concurrent Workers: 1
 Concurrent Refinement Workers: 2
 Periodic GC: Disabled
Heap:
 garbage-first heap   total 418816K, used 314368K [0x0000000080000000, 0x0000000100000000)
  region size 1024K, 28 young (28672K), 13 survivors (13312K)
 Metaspace       used 134279K, committed 136512K, reserved 1179648K
  class space    used 18238K, committed 19392K, reserved 1048576K
GC Heap History (20 events):
Event: 64.668 GC heap before
{Heap before GC invocations=55 (full 0):
 garbage-first heap   total 230400K, used 153600K [0x0000000080000000, 0x0000000100000000)
  region size 1024K, 8 young (8192K), 7 survivors (7168K)
 Metaspace       used 118837K, committed 121024K, reserved 1179648K
  class space    used 16182K, committed 17280K, reserved 1048576K
}
Event: 64.682 GC heap after
{Heap after GC invocations=56 (full 0):
 garbage-first heap   total 230400K, used 154274K [0x0000000080000000, 0x0000000100000000)
  region size 1024K, 1 young (1024K), 1 survivors (1024K)
 Metaspace       used 118837K, committed 121024K, reserved 1179648K
  class space    used 16182K, committed 17280K, reserved 1048576K
}
Event: 67.543 GC heap before
{Heap before GC invocations=57 (full 0):
 garbage-first heap   total 268288K, used 219810K [0x0000000080000000, 0x0000000100000000)
  region size 1024K, 59 young (60416K), 1 survivors (1024K)
 Metaspace       used 121092K, committed 123328K, reserved 1179648K
  class space    used 16510K, committed 17600K, reserved 1048576K
}
Event: 67.660 GC heap after
{Heap after GC invocations=58 (full 0):
 garbage-first heap   total 268288K, used 173028K [0x0000000080000000, 0x0000000100000000)
  region size 1024K, 8 young (8192K), 8 survivors (8192K)
 Metaspace       used 121092K, committed 123328K, reserved 1179648K
  class space    used 16510K, committed 17600K, reserved 1048576K
}
Event: 69.373 GC heap before
{Heap before GC invocations=58 (full 0):
 garbage-first heap   total 268288K, used 236516K [0x0000000080000000, 0x0000000100000000)
  region size 1024K, 70 young (71680K), 8 survivors (8192K)
 Metaspace       used 125834K, committed 128064K, reserved 1179648K
  class space    used 17307K, committed 18432K, reserved 1048576K
}
Event: 69.488 GC heap after
{Heap after GC invocations=59 (full 0):
 garbage-first heap   total 322560K, used 188416K [0x0000000080000000, 0x0000000100000000)
  region size 1024K, 9 young (9216K), 9 survivors (9216K)
 Metaspace       used 125834K, committed 128064K, reserved 1179648K
  class space    used 17307K, committed 18432K, reserved 1048576K
}
Event: 72.888 GC heap before
{Heap before GC invocations=59 (full 0):
 garbage-first heap   total 322560K, used 275456K [0x0000000080000000, 0x0000000100000000)
  region size 1024K, 95 young (97280K), 9 survivors (9216K)
 Metaspace       used 127507K, committed 129728K, reserved 1179648K
  class space    used 17550K, committed 18688K, reserved 1048576K
}
Event: 73.132 GC heap after
{Heap after GC invocations=60 (full 0):
 garbage-first heap   total 323584K, used 225792K [0x0000000080000000, 0x0000000100000000)
  region size 1024K, 12 young (12288K), 12 survivors (12288K)
 Metaspace       used 127507K, committed 129728K, reserved 1179648K
  class space    used 17550K, committed 18688K, reserved 1048576K
}
Event: 75.476 GC heap before
{Heap before GC invocations=61 (full 0):
 garbage-first heap   total 377856K, used 279040K [0x0000000080000000, 0x0000000100000000)
  region size 1024K, 65 young (66560K), 12 survivors (12288K)
 Metaspace       used 128610K, committed 130816K, reserved 1179648K
  class space    used 17690K, committed 18816K, reserved 1048576K
}
Event: 75.612 GC heap after
{Heap after GC invocations=62 (full 0):
 garbage-first heap   total 377856K, used 249344K [0x0000000080000000, 0x0000000100000000)
  region size 1024K, 9 young (9216K), 9 survivors (9216K)
 Metaspace       used 128610K, committed 130816K, reserved 1179648K
  class space    used 17690K, committed 18816K, reserved 1048576K
}
Event: 80.417 GC heap before
{Heap before GC invocations=62 (full 0):
 garbage-first heap   total 377856K, used 317952K [0x0000000080000000, 0x0000000100000000)
  region size 1024K, 77 young (78848K), 9 survivors (9216K)
 Metaspace       used 131464K, committed 133760K, reserved 1179648K
  class space    used 18027K, committed 19200K, reserved 1048576K
}
Event: 80.520 GC heap after
{Heap after GC invocations=63 (full 0):
 garbage-first heap   total 377856K, used 258560K [0x0000000080000000, 0x0000000100000000)
  region size 1024K, 10 young (10240K), 10 survivors (10240K)
 Metaspace       used 131464K, committed 133760K, reserved 1179648K
  class space    used 18027K, committed 19200K, reserved 1048576K
}
Event: 82.665 GC heap before
{Heap before GC invocations=63 (full 0):
 garbage-first heap   total 377856K, used 326144K [0x0000000080000000, 0x0000000100000000)
  region size 1024K, 77 young (78848K), 10 survivors (10240K)
 Metaspace       used 132794K, committed 135040K, reserved 1179648K
  class space    used 18120K, committed 19264K, reserved 1048576K
}
Event: 82.713 GC heap after
{Heap after GC invocations=64 (full 0):
 garbage-first heap   total 377856K, used 261632K [0x0000000080000000, 0x0000000100000000)
  region size 1024K, 5 young (5120K), 5 survivors (5120K)
 Metaspace       used 132794K, committed 135040K, reserved 1179648K
  class space    used 18120K, committed 19264K, reserved 1048576K
}
Event: 86.304 GC heap before
{Heap before GC invocations=65 (full 0):
 garbage-first heap   total 404480K, used 321024K [0x0000000080000000, 0x0000000100000000)
  region size 1024K, 75 young (76800K), 5 survivors (5120K)
 Metaspace       used 133823K, committed 136128K, reserved 1179648K
  class space    used 18217K, committed 19392K, reserved 1048576K
}
Event: 86.380 GC heap after
{Heap after GC invocations=66 (full 0):
 garbage-first heap   total 404480K, used 255168K [0x0000000080000000, 0x0000000100000000)
  region size 1024K, 10 young (10240K), 10 survivors (10240K)
 Metaspace       used 133823K, committed 136128K, reserved 1179648K
  class space    used 18217K, committed 19392K, reserved 1048576K
}
Event: 89.514 GC heap before
{Heap before GC invocations=66 (full 0):
 garbage-first heap   total 404480K, used 367808K [0x0000000080000000, 0x0000000100000000)
  region size 1024K, 107 young (109568K), 10 survivors (10240K)
 Metaspace       used 134047K, committed 136320K, reserved 1179648K
  class space    used 18226K, committed 19392K, reserved 1048576K
}
Event: 89.596 GC heap after
{Heap after GC invocations=67 (full 0):
 garbage-first heap   total 404480K, used 275796K [0x0000000080000000, 0x0000000100000000)
  region size 1024K, 14 young (14336K), 14 survivors (14336K)
 Metaspace       used 134047K, committed 136320K, reserved 1179648K
  class space    used 18226K, committed 19392K, reserved 1048576K
}
Event: 91.991 GC heap before
{Heap before GC invocations=67 (full 0):
 garbage-first heap   total 404480K, used 388436K [0x0000000080000000, 0x0000000100000000)
  region size 1024K, 98 young (100352K), 14 survivors (14336K)
 Metaspace       used 134199K, committed 136448K, reserved 1179648K
  class space    used 18228K, committed 19392K, reserved 1048576K
}
Event: 92.157 GC heap after
{Heap after GC invocations=68 (full 0):
 garbage-first heap   total 418816K, used 301056K [0x0000000080000000, 0x0000000100000000)
  region size 1024K, 13 young (13312K), 13 survivors (13312K)
 Metaspace       used 134199K, committed 136448K, reserved 1179648K
  class space    used 18228K, committed 19392K, reserved 1048576K
}

