# JRE version: OpenJDK Runtime Environment (21.0.6) (build 21.0.6+-13368085-b895.109)
# Java VM: OpenJDK 64-Bit Server VM (21.0.6+-13368085-b895.109, mixed mode, tiered, compressed oops, compressed class ptrs, g1 gc, windows-amd64)
GC Precious Log:
 CardTable entry size: 512
 Card Set container configuration: InlinePtr #cards 5 size 8 Array Of Cards #cards 12 size 40 Howl #buckets 4 coarsen threshold 1843 Howl Bitmap #cards 512 size 80 coarsen threshold 460 Card regions per heap region 1 cards per card region 2048
 CPUs: 2 total, 2 available
 Memory: 3920M
 Large Page Support: Disabled
 NUMA Support: Disabled
 Compressed Oops: Enabled (32-bit)
 Heap Region Size: 1M
 Heap Min Capacity: 8M
 Heap Initial Capacity: 62M
 Heap Max Capacity: 2G
 Pre-touch: Disabled
 Parallel Workers: 2
 Concurrent Workers: 1
 Concurrent Refinement Workers: 2
 Periodic GC: Disabled
Heap:
 garbage-first heap   total 158720K, used 96083K [0x0000000080000000, 0x0000000100000000)
  region size 1024K, 8 young (8192K), 7 survivors (7168K)
 Metaspace       used 109537K, committed 111616K, reserved 1179648K
  class space    used 14966K, committed 16000K, reserved 1048576K
GC Heap History (20 events):
Event: 43.127 GC heap before
{Heap before GC invocations=33 (full 0):
 garbage-first heap   total 119808K, used 114462K [0x0000000080000000, 0x0000000100000000)
  region size 1024K, 40 young (40960K), 3 survivors (3072K)
 Metaspace       used 79560K, committed 81408K, reserved 1179648K
  class space    used 10686K, committed 11648K, reserved 1048576K
}
Event: 43.149 GC heap after
{Heap after GC invocations=34 (full 0):
 garbage-first heap   total 121856K, used 76006K [0x0000000080000000, 0x0000000100000000)
  region size 1024K, 5 young (5120K), 5 survivors (5120K)
 Metaspace       used 79560K, committed 81408K, reserved 1179648K
  class space    used 10686K, committed 11648K, reserved 1048576K
}
Event: 45.107 GC heap before
{Heap before GC invocations=34 (full 0):
 garbage-first heap   total 121856K, used 107750K [0x0000000080000000, 0x0000000100000000)
  region size 1024K, 37 young (37888K), 5 survivors (5120K)
 Metaspace       used 82061K, committed 83904K, reserved 1179648K
  class space    used 11006K, committed 11968K, reserved 1048576K
}
Event: 45.130 GC heap after
{Heap after GC invocations=35 (full 0):
 garbage-first heap   total 121856K, used 77573K [0x0000000080000000, 0x0000000100000000)
  region size 1024K, 2 young (2048K), 2 survivors (2048K)
 Metaspace       used 82061K, committed 83904K, reserved 1179648K
  class space    used 11006K, committed 11968K, reserved 1048576K
}
Event: 46.700 GC heap before
{Heap before GC invocations=35 (full 0):
 garbage-first heap   total 121856K, used 112389K [0x0000000080000000, 0x0000000100000000)
  region size 1024K, 36 young (36864K), 2 survivors (2048K)
 Metaspace       used 86141K, committed 87936K, reserved 1179648K
  class space    used 11510K, committed 12416K, reserved 1048576K
}
Event: 46.713 GC heap after
{Heap after GC invocations=36 (full 0):
 garbage-first heap   total 121856K, used 78742K [0x0000000080000000, 0x0000000100000000)
  region size 1024K, 3 young (3072K), 3 survivors (3072K)
 Metaspace       used 86141K, committed 87936K, reserved 1179648K
  class space    used 11510K, committed 12416K, reserved 1048576K
}
Event: 48.459 GC heap before
{Heap before GC invocations=37 (full 0):
 garbage-first heap   total 132096K, used 111510K [0x0000000080000000, 0x0000000100000000)
  region size 1024K, 35 young (35840K), 3 survivors (3072K)
 Metaspace       used 88681K, committed 90560K, reserved 1179648K
  class space    used 11847K, committed 12800K, reserved 1048576K
}
Event: 48.477 GC heap after
{Heap after GC invocations=38 (full 0):
 garbage-first heap   total 132096K, used 80319K [0x0000000080000000, 0x0000000100000000)
  region size 1024K, 3 young (3072K), 3 survivors (3072K)
 Metaspace       used 88681K, committed 90560K, reserved 1179648K
  class space    used 11847K, committed 12800K, reserved 1048576K
}
Event: 49.626 GC heap before
{Heap before GC invocations=38 (full 0):
 garbage-first heap   total 132096K, used 121279K [0x0000000080000000, 0x0000000100000000)
  region size 1024K, 43 young (44032K), 3 survivors (3072K)
 Metaspace       used 89971K, committed 91840K, reserved 1179648K
  class space    used 12043K, committed 12992K, reserved 1048576K
}
Event: 49.656 GC heap after
{Heap after GC invocations=39 (full 0):
 garbage-first heap   total 158720K, used 83828K [0x0000000080000000, 0x0000000100000000)
  region size 1024K, 6 young (6144K), 6 survivors (6144K)
 Metaspace       used 89971K, committed 91840K, reserved 1179648K
  class space    used 12043K, committed 12992K, reserved 1048576K
}
Event: 50.935 GC heap before
{Heap before GC invocations=39 (full 0):
 garbage-first heap   total 158720K, used 124788K [0x0000000080000000, 0x0000000100000000)
  region size 1024K, 47 young (48128K), 6 survivors (6144K)
 Metaspace       used 92831K, committed 94720K, reserved 1179648K
  class space    used 12428K, committed 13376K, reserved 1048576K
}
Event: 50.957 GC heap after
{Heap after GC invocations=40 (full 0):
 garbage-first heap   total 158720K, used 86548K [0x0000000080000000, 0x0000000100000000)
  region size 1024K, 6 young (6144K), 6 survivors (6144K)
 Metaspace       used 92831K, committed 94720K, reserved 1179648K
  class space    used 12428K, committed 13376K, reserved 1048576K
}
Event: 53.038 GC heap before
{Heap before GC invocations=41 (full 0):
 garbage-first heap   total 158720K, used 140820K [0x0000000080000000, 0x0000000100000000)
  region size 1024K, 59 young (60416K), 6 survivors (6144K)
 Metaspace       used 97198K, committed 99136K, reserved 1179648K
  class space    used 13197K, committed 14144K, reserved 1048576K
}
Event: 53.062 GC heap after
{Heap after GC invocations=42 (full 0):
 garbage-first heap   total 158720K, used 87261K [0x0000000080000000, 0x0000000100000000)
  region size 1024K, 4 young (4096K), 4 survivors (4096K)
 Metaspace       used 97198K, committed 99136K, reserved 1179648K
  class space    used 13197K, committed 14144K, reserved 1048576K
}
Event: 57.131 GC heap before
{Heap before GC invocations=42 (full 0):
 garbage-first heap   total 158720K, used 144605K [0x0000000080000000, 0x0000000100000000)
  region size 1024K, 60 young (61440K), 4 survivors (4096K)
 Metaspace       used 101635K, committed 103680K, reserved 1179648K
  class space    used 13827K, committed 14848K, reserved 1048576K
}
Event: 57.156 GC heap after
{Heap after GC invocations=43 (full 0):
 garbage-first heap   total 158720K, used 88892K [0x0000000080000000, 0x0000000100000000)
  region size 1024K, 7 young (7168K), 7 survivors (7168K)
 Metaspace       used 101635K, committed 103680K, reserved 1179648K
  class space    used 13827K, committed 14848K, reserved 1048576K
}
Event: 58.771 GC heap before
{Heap before GC invocations=43 (full 0):
 garbage-first heap   total 158720K, used 141116K [0x0000000080000000, 0x0000000100000000)
  region size 1024K, 58 young (59392K), 7 survivors (7168K)
 Metaspace       used 105648K, committed 107776K, reserved 1179648K
  class space    used 14436K, committed 15552K, reserved 1048576K
}
Event: 58.799 GC heap after
{Heap after GC invocations=44 (full 0):
 garbage-first heap   total 158720K, used 91039K [0x0000000080000000, 0x0000000100000000)
  region size 1024K, 5 young (5120K), 5 survivors (5120K)
 Metaspace       used 105648K, committed 107776K, reserved 1179648K
  class space    used 14436K, committed 15552K, reserved 1048576K
}
Event: 61.537 GC heap before
{Heap before GC invocations=45 (full 0):
 garbage-first heap   total 158720K, used 144287K [0x0000000080000000, 0x0000000100000000)
  region size 1024K, 57 young (58368K), 5 survivors (5120K)
 Metaspace       used 109401K, committed 111552K, reserved 1179648K
  class space    used 14943K, committed 16000K, reserved 1048576K
}
Event: 61.570 GC heap after
{Heap after GC invocations=46 (full 0):
 garbage-first heap   total 158720K, used 96083K [0x0000000080000000, 0x0000000100000000)
  region size 1024K, 7 young (7168K), 7 survivors (7168K)
 Metaspace       used 109401K, committed 111552K, reserved 1179648K
  class space    used 14943K, committed 16000K, reserved 1048576K
}

